2019-09-25 21:47:01,776 - browserdriver - INFO - 当前选择的浏览器为 Chrome 
2019-09-25 21:47:01,776 - browserdriver - INFO - 测试的URL: http://172.23.23.222:7070/zfxtbgxt/form/86595d4a7f9384381526acb302bff724/insert
2019-09-25 21:47:04,393 - browserdriver - INFO - 启动Chrome浏览器
2019-09-25 21:47:06,779 - readconfig - INFO - 操作第2行元素,当前测试对象元素路径：username1
2019-09-25 21:47:06,796 - seleniumdriver - INFO - 找到该元素
2019-09-25 21:47:06,843 - seleniumdriver - INFO - 数据写入成功
2019-09-25 21:47:06,910 - readconfig - INFO - 操作第3行元素,当前测试对象元素路径：password1
2019-09-25 21:47:06,921 - seleniumdriver - INFO - 找到该元素
2019-09-25 21:47:06,983 - seleniumdriver - INFO - 数据写入成功
2019-09-25 21:47:07,049 - readconfig - INFO - 操作第4行元素,当前测试对象元素路径：submit_btn
2019-09-25 21:47:07,059 - seleniumdriver - INFO - 找到该元素
2019-09-25 21:47:07,123 - seleniumdriver - INFO - 元素点击成功
2019-09-25 21:47:08,118 - element-exist - INFO - 找到该元素
2019-09-25 21:47:08,129 - seleniumdriver - INFO - 当前页面的ifram个数为1
2019-09-25 21:47:08,129 - seleniumdriver - INFO - 当前页面iframe有[<selenium.webdriver.remote.webelement.WebElement (session="68c322dd48b508b995dbb865f16dd42c", element="0.5268118422387993-2")>]
2019-09-25 21:47:08,216 - readconfig - INFO - 操作第5行元素,当前测试对象元素路径：/html/body/div/div/div[2]/div[2]/span[1]
2019-09-25 21:47:08,228 - seleniumdriver - INFO - 找到该元素
2019-09-25 21:47:08,782 - seleniumdriver - INFO - 元素点击成功
2019-09-25 21:47:08,788 - seleniumdriver - INFO - 当前页面标题为：提捕案件列表
2019-09-25 21:47:08,860 - readconfig - INFO - 操作第11行元素,当前测试对象元素路径：jqButton-btn
2019-09-25 21:47:08,876 - seleniumdriver - INFO - 找到该元素
2019-09-25 21:47:09,092 - seleniumdriver - INFO - 元素点击成功
2019-09-25 21:47:09,128 - tb-qlc - INFO - 开始选择案件和嫌疑人
2019-09-25 21:47:09,158 - choosesupects - INFO - 当前页案件数量为5
2019-09-25 21:47:09,159 - choosesupects - INFO - 正在查找第1条案件
2019-09-25 21:47:09,172 - choosesupects - INFO - 当前的案件列表数量为5
2019-09-25 21:47:09,187 - choosesupects - INFO - 双击案件列表，寻找有嫌疑人的案件
2019-09-25 21:47:11,289 - choosesupects - INFO - 正在查找的当前案件的嫌疑人数量为9
2019-09-25 21:47:11,289 - choosesupects - INFO - 当前选择的这个案件有嫌疑人，结束寻找
2019-09-25 21:47:11,313 - choosesupects - INFO - 当前提捕流程选择的嫌疑人姓名： 幼柏代
2019-09-25 21:47:11,381 - readconfig - INFO - 操作第16行元素,当前测试对象元素路径：/html/body/div[1]/div[3]/div[1]/table/thead/tr/th[1]/div[2]/input
2019-09-25 21:47:11,392 - seleniumdriver - INFO - 找到该元素
2019-09-25 21:47:11,476 - seleniumdriver - INFO - 元素点击成功
2019-09-25 21:47:11,476 - choosesupects - INFO - 勾选成功
2019-09-25 21:47:11,564 - readconfig - INFO - 操作第17行元素,当前测试对象元素路径：/html/body/div[2]/div[1]/button
2019-09-25 21:47:11,575 - seleniumdriver - INFO - 找到该元素
2019-09-25 21:47:11,641 - seleniumdriver - INFO - 元素点击成功
2019-09-25 21:47:11,641 - choosesupects - INFO - 提交成功
2019-09-25 21:47:11,721 - readconfig - INFO - 操作第48行元素,当前测试对象元素路径：jqNumeric5d68d
2019-09-25 21:47:13,195 - seleniumdriver - INFO - 找到该元素
2019-09-25 21:47:13,235 - seleniumdriver - INFO - 数据写入成功
2019-09-25 21:47:13,318 - readconfig - INFO - 操作第49行元素,当前测试对象元素路径：jqInput98ad2
2019-09-25 21:47:13,329 - seleniumdriver - INFO - 找到该元素
2019-09-25 21:47:13,436 - seleniumdriver - INFO - 数据写入成功
2019-09-25 21:47:13,436 - tb-qlc - INFO - 页面字段内容填写结束
2019-09-25 21:47:13,436 - ChooseQzcs - INFO - 开始执行js
2019-09-25 21:47:13,436 - ChooseQzcs - INFO - 开始执行js
2019-09-25 21:47:13,516 - readconfig - INFO - 操作第39行元素,当前测试对象元素路径：/html/body/div[1]/div[1]/div/div/div/div[2]/div/div[4]/div/div[2]/div/div[1]/table/tbody/tr/td[5]
2019-09-25 21:47:13,529 - seleniumdriver - INFO - 找到该元素
2019-09-25 21:47:18,660 - readconfig - INFO - 操作第39行元素,当前测试对象元素路径：/html/body/div[1]/div[1]/div/div/div/div[2]/div/div[4]/div/div[2]/div/div[1]/table/tbody/tr/td[5]
2019-09-25 21:47:18,670 - seleniumdriver - INFO - 找到该元素
2019-09-25 21:47:18,700 - seleniumdriver - INFO - 元素双击成功
2019-09-25 21:47:18,790 - readconfig - INFO - 操作第40行元素,当前测试对象元素路径：[class='jqColumnEditor jqColumnEditor-default']
2019-09-25 21:47:18,801 - seleniumdriver - INFO - 找到该元素
2019-09-25 21:47:18,852 - seleniumdriver - INFO - 元素双击成功
2019-09-25 21:47:18,940 - readconfig - INFO - 操作第41行元素,当前测试对象元素路径：//*[@id="jqSelectListcfe6b"]
2019-09-25 21:47:18,951 - seleniumdriver - INFO - 找到该元素
2019-09-25 21:47:19,032 - seleniumdriver - INFO - 元素双击成功
2019-09-25 21:47:19,111 - readconfig - INFO - 操作第42行元素,当前测试对象元素路径：/html/body/div[10]/div/div[1]
2019-09-25 21:47:19,124 - seleniumdriver - INFO - 找到该元素
2019-09-25 21:47:19,144 - seleniumdriver - INFO - 元素双击成功
2019-09-25 21:47:19,226 - readconfig - INFO - 操作第43行元素,当前测试对象元素路径：/html/body/div[9]/div[1]/div[3]/button[1]
2019-09-25 21:47:19,239 - seleniumdriver - INFO - 找到该元素
2019-09-25 21:47:19,262 - seleniumdriver - INFO - 元素双击成功
2019-09-25 21:47:19,344 - readconfig - INFO - 操作第44行元素,当前测试对象元素路径：/html/body/div[1]/div[1]/div/div/div/div[3]/div[2]/div/button
2019-09-25 21:47:19,355 - seleniumdriver - INFO - 找到该元素
2019-09-25 21:47:19,382 - seleniumdriver - INFO - 元素双击成功
2019-09-25 21:47:21,499 - element-exist - INFO - 当前列表中的数据内容为逮捕
2019-09-25 21:47:21,617 - readconfig - INFO - 操作第37行元素,当前测试对象元素路径：//*[@id="viewWrit_tb"]
2019-09-25 21:47:21,631 - seleniumdriver - INFO - 找到该元素
2019-09-25 21:47:21,662 - seleniumdriver - INFO - 元素点击成功
2019-09-25 21:47:24,664 - jzxt - INFO - 开始上传公安文书
2019-09-25 21:47:25,687 - seleniumdriver - INFO - 当前页面标题为：文件管理
2019-09-25 21:47:25,789 - readconfig - INFO - 操作第25行元素,当前测试对象元素路径：//*[@id="jqTreeAreaFiles_ztree_3_span"]
2019-09-25 21:47:25,799 - seleniumdriver - INFO - 找到该元素
2019-09-25 21:47:25,836 - seleniumdriver - INFO - 元素点击成功
2019-09-25 21:47:25,911 - readconfig - INFO - 操作第26行元素,当前测试对象元素路径：jqHtmlAreaUp
2019-09-25 21:47:25,921 - seleniumdriver - INFO - 找到该元素
2019-09-25 21:47:26,683 - seleniumdriver - INFO - 元素点击成功
2019-09-25 21:47:26,726 - seleniumdriver - INFO - 当前页面的ifram个数为3
2019-09-25 21:47:26,726 - seleniumdriver - INFO - 当前页面iframe有[<selenium.webdriver.remote.webelement.WebElement (session="68c322dd48b508b995dbb865f16dd42c", element="0.7112058458083803-3")>, <selenium.webdriver.remote.webelement.WebElement (session="68c322dd48b508b995dbb865f16dd42c", element="0.7112058458083803-4")>, <selenium.webdriver.remote.webelement.WebElement (session="68c322dd48b508b995dbb865f16dd42c", element="0.7112058458083803-5")>]
2019-09-25 21:47:26,832 - readconfig - INFO - 操作第27行元素,当前测试对象元素路径：//*[@id="SWFUpload_0"]
2019-09-25 21:47:26,843 - seleniumdriver - INFO - 找到该元素
2019-09-25 21:47:26,901 - seleniumdriver - INFO - 元素双击成功
2019-09-25 21:47:26,901 - jzxt - INFO - F://2019-06//autotest//upload.exe chrome F:\2019-06\autotest\起诉意见书.pdf
2019-09-25 21:47:32,105 - readconfig - INFO - 操作第29行元素,当前测试对象元素路径：/html/body/div[6]/div/div[1]
2019-09-25 21:47:32,115 - seleniumdriver - INFO - 找到该元素
2019-09-25 21:47:32,136 - seleniumdriver - INFO - 元素双击成功
2019-09-25 21:47:32,144 - seleniumdriver - INFO - 当前页面的ifram个数为3
2019-09-25 21:47:32,144 - seleniumdriver - INFO - 当前页面iframe有[<selenium.webdriver.remote.webelement.WebElement (session="68c322dd48b508b995dbb865f16dd42c", element="0.7112058458083803-3")>, <selenium.webdriver.remote.webelement.WebElement (session="68c322dd48b508b995dbb865f16dd42c", element="0.7112058458083803-4")>, <selenium.webdriver.remote.webelement.WebElement (session="68c322dd48b508b995dbb865f16dd42c", element="0.7112058458083803-5")>]
2019-09-25 21:47:32,230 - readconfig - INFO - 操作第30行元素,当前测试对象元素路径：jqButton-btn
2019-09-25 21:47:32,241 - seleniumdriver - INFO - 找到该元素
2019-09-25 21:47:32,303 - seleniumdriver - INFO - 元素双击成功
2019-09-25 21:47:42,345 - element-exist - INFO - 找到该元素
2019-09-25 21:47:42,345 - jzxt - INFO - 开始上传卷宗
2019-09-25 21:47:42,355 - seleniumdriver - INFO - 当前页面标题为：文件管理
2019-09-25 21:47:42,459 - readconfig - INFO - 操作第31行元素,当前测试对象元素路径：//*[@id="jqTreeAreaFiles_ztree_6_span"]
2019-09-25 21:47:42,470 - seleniumdriver - INFO - 找到该元素
2019-09-25 21:47:42,505 - seleniumdriver - INFO - 元素双击成功
2019-09-25 21:47:42,600 - readconfig - INFO - 操作第32行元素,当前测试对象元素路径：//*[@id="jqTreeAreaFiles_ztree_6_switch"]
2019-09-25 21:47:42,615 - seleniumdriver - INFO - 找到该元素
2019-09-25 21:47:42,681 - seleniumdriver - INFO - 元素双击成功
2019-09-25 21:47:42,756 - readconfig - INFO - 操作第33行元素,当前测试对象元素路径：//*[@id="jqTreeAreaFiles_ztree_7_span"]
2019-09-25 21:47:42,766 - seleniumdriver - INFO - 找到该元素
2019-09-25 21:47:42,802 - seleniumdriver - INFO - 元素双击成功
2019-09-25 21:47:42,887 - readconfig - INFO - 操作第26行元素,当前测试对象元素路径：jqHtmlAreaUp
2019-09-25 21:47:42,894 - seleniumdriver - INFO - 找到该元素
2019-09-25 21:47:43,131 - seleniumdriver - INFO - 元素双击成功
2019-09-25 21:47:43,140 - seleniumdriver - INFO - 当前页面的ifram个数为3
2019-09-25 21:47:43,140 - seleniumdriver - INFO - 当前页面iframe有[<selenium.webdriver.remote.webelement.WebElement (session="68c322dd48b508b995dbb865f16dd42c", element="0.7112058458083803-3")>, <selenium.webdriver.remote.webelement.WebElement (session="68c322dd48b508b995dbb865f16dd42c", element="0.7112058458083803-4")>, <selenium.webdriver.remote.webelement.WebElement (session="68c322dd48b508b995dbb865f16dd42c", element="0.7112058458083803-5")>]
2019-09-25 21:47:43,239 - readconfig - INFO - 操作第27行元素,当前测试对象元素路径：//*[@id="SWFUpload_0"]
2019-09-25 21:47:43,281 - seleniumdriver - INFO - 找到该元素
2019-09-25 21:47:43,335 - seleniumdriver - INFO - 元素双击成功
2019-09-25 21:47:48,414 - readconfig - INFO - 操作第34行元素,当前测试对象元素路径：//*[@id="jqButtonOk"]/button
2019-09-25 21:47:48,427 - seleniumdriver - INFO - 找到该元素
2019-09-25 21:47:48,483 - seleniumdriver - INFO - 元素双击成功
2019-09-25 21:48:04,009 - element-exist - INFO - 在10s内无法定位到该元素，该元素不存在
