2019-09-20 16:19:18,105 - browserdriver - INFO - 当前选择的浏览器为 Chrome 
2019-09-20 16:19:18,105 - browserdriver - INFO - 测试的URL: http://172.23.23.222:7070/zfxtbgxt/form/86595d4a7f9384381526acb302bff724/insert
2019-09-20 16:19:20,654 - browserdriver - INFO - 启动Chrome浏览器
2019-09-20 16:19:22,208 - readconfig - INFO - 操作第2行元素,当前测试对象元素路径：username1
2019-09-20 16:19:22,228 - seleniumdriver - INFO - 找到该元素
2019-09-20 16:19:22,282 - seleniumdriver - INFO - 数据写入成功
2019-09-20 16:19:22,338 - readconfig - INFO - 操作第3行元素,当前测试对象元素路径：password1
2019-09-20 16:19:22,348 - seleniumdriver - INFO - 找到该元素
2019-09-20 16:19:22,411 - seleniumdriver - INFO - 数据写入成功
2019-09-20 16:19:22,465 - readconfig - INFO - 操作第4行元素,当前测试对象元素路径：submit_btn
2019-09-20 16:19:22,476 - seleniumdriver - INFO - 找到该元素
2019-09-20 16:19:22,513 - seleniumdriver - INFO - 元素点击成功
2019-09-20 16:19:23,456 - element-exist - INFO - 找到该元素
2019-09-20 16:19:23,467 - seleniumdriver - INFO - 当前页面的ifram个数为1
2019-09-20 16:19:23,467 - seleniumdriver - INFO - 当前页面iframe有[<selenium.webdriver.remote.webelement.WebElement (session="a42caacfb21db9a38a45c567181d5889", element="0.8716248308495265-2")>]
2019-09-20 16:19:23,542 - readconfig - INFO - 操作第7行元素,当前测试对象元素路径：/html/body/div/div/div[2]/div[9]/span[1]
2019-09-20 16:19:23,555 - seleniumdriver - INFO - 找到该元素
2019-09-20 16:19:24,444 - seleniumdriver - INFO - 元素点击成功
2019-09-20 16:19:24,455 - seleniumdriver - INFO - 当前页面标题为：延长羁押通知案件列表
2019-09-20 16:19:24,457 - ys-qlc - INFO - 进入延长羁押业务成功
2019-09-20 16:19:24,520 - readconfig - INFO - 操作第11行元素,当前测试对象元素路径：jqButton-btn
2019-09-20 16:19:24,532 - seleniumdriver - INFO - 找到该元素
2019-09-20 16:19:24,564 - seleniumdriver - INFO - 元素点击成功
2019-09-20 16:19:24,702 - ys-qlc - INFO - 开始选择案件和嫌疑人
2019-09-20 16:19:24,729 - choosesupects - INFO - 当前页案件数量为2
2019-09-20 16:19:24,789 - readconfig - INFO - 操作第19行元素,当前测试对象元素路径：/html/body/div[1]/div[1]/table/tbody/tr[1]/td[1]/input
2019-09-20 16:19:24,799 - seleniumdriver - INFO - 找到该元素
2019-09-20 16:19:24,858 - seleniumdriver - INFO - 元素双击成功
2019-09-20 16:19:24,881 - choosesupects - INFO - 当前提捕流程选择的嫌疑人姓名： 成祖裘
2019-09-20 16:19:24,937 - readconfig - INFO - 操作第20行元素,当前测试对象元素路径：jqButtonSave
2019-09-20 16:19:24,947 - seleniumdriver - INFO - 找到该元素
2019-09-20 16:19:25,023 - seleniumdriver - INFO - 元素点击成功
2019-09-20 16:19:33,095 - readconfig - INFO - 操作第65行元素,当前测试对象元素路径：jqDatedyjyksrq
2019-09-20 16:19:33,115 - seleniumdriver - INFO - 找到该元素
2019-09-20 16:19:33,224 - seleniumdriver - INFO - 数据写入成功
2019-09-20 16:19:33,291 - readconfig - INFO - 操作第66行元素,当前测试对象元素路径：jqDatedyjyjzrq
2019-09-20 16:19:33,300 - seleniumdriver - INFO - 找到该元素
2019-09-20 16:19:33,395 - seleniumdriver - INFO - 数据写入成功
