2019-09-20 17:00:34,486 - browserdriver - INFO - 当前选择的浏览器为 Chrome 
2019-09-20 17:00:34,486 - browserdriver - INFO - 测试的URL: http://172.23.23.222:7070/zfxtbgxt/form/86595d4a7f9384381526acb302bff724/insert
2019-09-20 17:00:37,111 - browserdriver - INFO - 启动Chrome浏览器
2019-09-20 17:00:38,615 - readconfig - INFO - 操作第2行元素,当前测试对象元素路径：username1
2019-09-20 17:00:38,625 - seleniumdriver - INFO - 找到该元素
2019-09-20 17:00:38,673 - seleniumdriver - INFO - 数据写入成功
2019-09-20 17:00:38,733 - readconfig - INFO - 操作第3行元素,当前测试对象元素路径：password1
2019-09-20 17:00:38,743 - seleniumdriver - INFO - 找到该元素
2019-09-20 17:00:38,803 - seleniumdriver - INFO - 数据写入成功
2019-09-20 17:00:38,860 - readconfig - INFO - 操作第4行元素,当前测试对象元素路径：submit_btn
2019-09-20 17:00:38,873 - seleniumdriver - INFO - 找到该元素
2019-09-20 17:00:38,916 - seleniumdriver - INFO - 元素点击成功
2019-09-20 17:00:41,524 - element-exist - INFO - 找到该元素
2019-09-20 17:00:41,536 - seleniumdriver - INFO - 当前页面的ifram个数为1
2019-09-20 17:00:41,536 - seleniumdriver - INFO - 当前页面iframe有[<selenium.webdriver.remote.webelement.WebElement (session="031c8e30271d02aa4580fb3367768bfd", element="0.402292935825179-2")>]
2019-09-20 17:00:41,612 - readconfig - INFO - 操作第7行元素,当前测试对象元素路径：/html/body/div/div/div[2]/div[9]/span[1]
2019-09-20 17:00:41,624 - seleniumdriver - INFO - 找到该元素
2019-09-20 17:00:42,171 - seleniumdriver - INFO - 元素点击成功
2019-09-20 17:00:42,187 - seleniumdriver - INFO - 当前页面标题为：延长羁押通知案件列表
2019-09-20 17:00:42,190 - ys-qlc - INFO - 进入延长羁押业务成功
2019-09-20 17:00:42,248 - readconfig - INFO - 操作第11行元素,当前测试对象元素路径：jqButton-btn
2019-09-20 17:00:42,260 - seleniumdriver - INFO - 找到该元素
2019-09-20 17:00:42,295 - seleniumdriver - INFO - 元素点击成功
2019-09-20 17:00:42,457 - ys-qlc - INFO - 开始选择案件和嫌疑人
2019-09-20 17:00:42,484 - choosesupects - INFO - 当前页案件数量为2
2019-09-20 17:00:42,539 - readconfig - INFO - 操作第19行元素,当前测试对象元素路径：/html/body/div[1]/div[1]/table/tbody/tr[1]/td[1]/input
2019-09-20 17:00:42,552 - seleniumdriver - INFO - 找到该元素
2019-09-20 17:00:42,609 - seleniumdriver - INFO - 元素双击成功
2019-09-20 17:00:42,633 - choosesupects - INFO - 当前提捕流程选择的嫌疑人姓名： 成祖裘
2019-09-20 17:00:42,690 - readconfig - INFO - 操作第20行元素,当前测试对象元素路径：jqButtonSave
2019-09-20 17:00:42,703 - seleniumdriver - INFO - 找到该元素
2019-09-20 17:00:42,779 - seleniumdriver - INFO - 元素点击成功
2019-09-20 17:00:50,878 - readconfig - INFO - 操作第64行元素,当前测试对象元素路径：jqInputctar
2019-09-20 17:00:50,888 - seleniumdriver - INFO - 找到该元素
2019-09-20 17:00:50,948 - seleniumdriver - INFO - 数据写入成功
2019-09-20 17:00:51,019 - readconfig - INFO - 操作第65行元素,当前测试对象元素路径：jqDatedyjyksrq
2019-09-20 17:00:51,024 - seleniumdriver - INFO - 找到该元素
2019-09-20 17:00:51,169 - seleniumdriver - INFO - 数据写入成功
2019-09-20 17:00:51,240 - readconfig - INFO - 操作第66行元素,当前测试对象元素路径：jqDatedyjyjzrq
2019-09-20 17:00:51,260 - seleniumdriver - INFO - 找到该元素
2019-09-20 17:00:51,345 - seleniumdriver - INFO - 数据写入成功
2019-09-20 17:00:51,407 - readconfig - INFO - 操作第69行元素,当前测试对象元素路径：save
2019-09-20 17:00:51,417 - seleniumdriver - INFO - 找到该元素
2019-09-20 17:00:51,457 - seleniumdriver - INFO - 元素点击成功
2019-09-20 17:00:56,552 - readconfig - INFO - 操作第70行元素,当前测试对象元素路径：viewWrit
2019-09-20 17:00:56,561 - seleniumdriver - INFO - 找到该元素
2019-09-20 17:00:56,601 - seleniumdriver - INFO - 元素点击成功
2019-09-20 17:00:59,614 - jzxt - INFO - 开始上传公安文书
2019-09-20 17:01:00,659 - seleniumdriver - INFO - 当前页面标题为：文件管理
2019-09-20 17:01:00,759 - readconfig - INFO - 操作第22行元素,当前测试对象元素路径：//*[@id="jqTreeAreaFiles_ztree_3_span"]
2019-09-20 17:01:00,772 - seleniumdriver - INFO - 找到该元素
2019-09-20 17:01:00,815 - seleniumdriver - INFO - 元素点击成功
2019-09-20 17:01:00,891 - readconfig - INFO - 操作第23行元素,当前测试对象元素路径：jqHtmlAreaUp
2019-09-20 17:01:00,902 - seleniumdriver - INFO - 找到该元素
2019-09-20 17:01:01,785 - seleniumdriver - INFO - 元素点击成功
2019-09-20 17:01:01,798 - seleniumdriver - INFO - 当前页面的ifram个数为3
2019-09-20 17:01:01,799 - seleniumdriver - INFO - 当前页面iframe有[<selenium.webdriver.remote.webelement.WebElement (session="031c8e30271d02aa4580fb3367768bfd", element="0.6650491534399983-3")>, <selenium.webdriver.remote.webelement.WebElement (session="031c8e30271d02aa4580fb3367768bfd", element="0.6650491534399983-4")>, <selenium.webdriver.remote.webelement.WebElement (session="031c8e30271d02aa4580fb3367768bfd", element="0.6650491534399983-5")>]
2019-09-20 17:01:01,884 - readconfig - INFO - 操作第24行元素,当前测试对象元素路径：//*[@id="SWFUpload_0"]
2019-09-20 17:01:01,894 - seleniumdriver - INFO - 找到该元素
2019-09-20 17:01:01,944 - seleniumdriver - INFO - 元素双击成功
2019-09-20 17:01:07,147 - readconfig - INFO - 操作第26行元素,当前测试对象元素路径：/html/body/div[6]/div/div[1]
2019-09-20 17:01:07,156 - seleniumdriver - INFO - 找到该元素
2019-09-20 17:01:07,177 - seleniumdriver - INFO - 元素双击成功
2019-09-20 17:01:07,187 - seleniumdriver - INFO - 当前页面的ifram个数为3
2019-09-20 17:01:07,187 - seleniumdriver - INFO - 当前页面iframe有[<selenium.webdriver.remote.webelement.WebElement (session="031c8e30271d02aa4580fb3367768bfd", element="0.6650491534399983-3")>, <selenium.webdriver.remote.webelement.WebElement (session="031c8e30271d02aa4580fb3367768bfd", element="0.6650491534399983-4")>, <selenium.webdriver.remote.webelement.WebElement (session="031c8e30271d02aa4580fb3367768bfd", element="0.6650491534399983-5")>]
2019-09-20 17:01:07,257 - readconfig - INFO - 操作第27行元素,当前测试对象元素路径：/html/body/div[2]/form/table/tbody/tr[3]/td/div/table/tbody/tr/td[1]/div/button
2019-09-20 17:01:07,278 - seleniumdriver - INFO - 找到该元素
2019-09-20 17:01:07,334 - seleniumdriver - INFO - 元素双击成功
2019-09-20 17:01:22,364 - get-ajid - INFO - 获取到的ajid为D9C38C37921D97F49597EADC7C9675C5
2019-09-20 17:01:22,364 - searchresult - INFO - 保存结果到logs/ajid.txt
2019-09-20 17:01:22,364 - searchresult - INFO - ['存入ajid', 'D9C38C37921D97F49597EADC7C9675C5']
2019-09-20 17:01:22,364 - read-db-config - INFO - E:\myclone/config/config.ini
2019-09-20 17:01:22,374 - database - INFO - 链接数据库172.23.23.222
2019-09-20 17:01:22,393 - database - INFO - update数据的sql为update db_jz.t_jzgl_wj set n_yqz =1 WHERE c_ywid='D9C38C37921D97F49597EADC7C9675C5' and c_store_path is not null
2019-09-20 17:01:22,414 - database - INFO - commit成功
2019-09-20 17:01:22,503 - readconfig - INFO - 操作第68行元素,当前测试对象元素路径：jqButton-btn
2019-09-20 17:01:22,513 - seleniumdriver - INFO - 找到该元素
2019-09-20 17:01:22,588 - seleniumdriver - INFO - 元素点击成功
