2019-09-20 13:34:01,919 - browserdriver - INFO - 当前选择的浏览器为 Chrome 
2019-09-20 13:34:01,919 - browserdriver - INFO - 测试的URL: http://172.23.23.222:7070/zfxtbgxt/form/86595d4a7f9384381526acb302bff724/insert
2019-09-20 13:34:04,612 - browserdriver - INFO - 启动Chrome浏览器
2019-09-20 13:34:06,680 - readconfig - INFO - 操作第2行元素,当前测试对象元素路径：username1
2019-09-20 13:34:06,689 - seleniumdriver - INFO - 找到该元素
2019-09-20 13:34:06,747 - seleniumdriver - INFO - 数据写入成功
2019-09-20 13:34:06,796 - readconfig - INFO - 操作第3行元素,当前测试对象元素路径：password1
2019-09-20 13:34:06,809 - seleniumdriver - INFO - 找到该元素
2019-09-20 13:34:06,904 - seleniumdriver - INFO - 数据写入成功
2019-09-20 13:34:06,967 - readconfig - INFO - 操作第4行元素,当前测试对象元素路径：submit_btn
2019-09-20 13:34:06,979 - seleniumdriver - INFO - 找到该元素
2019-09-20 13:34:07,179 - seleniumdriver - INFO - 元素点击成功
2019-09-20 13:34:09,575 - element-exist - INFO - 找到该元素
2019-09-20 13:34:09,587 - seleniumdriver - INFO - 当前页面的ifram个数为1
2019-09-20 13:34:09,588 - seleniumdriver - INFO - 当前页面iframe有[<selenium.webdriver.remote.webelement.WebElement (session="2cc6cd63fee73bdf924edae33d8217cb", element="0.332054987542705-2")>]
2019-09-20 13:34:09,651 - readconfig - INFO - 操作第7行元素,当前测试对象元素路径：/html/body/div/div/div[2]/div[9]/span[1]
2019-09-20 13:34:09,661 - seleniumdriver - INFO - 找到该元素
2019-09-20 13:34:10,187 - seleniumdriver - INFO - 元素点击成功
2019-09-20 13:34:10,195 - seleniumdriver - INFO - 当前页面标题为：延长羁押通知案件列表
2019-09-20 13:34:10,199 - ys-qlc - INFO - 进入延长羁押业务成功
