2019-09-26 21:53:24,823 - browserdriver - INFO - 当前选择的浏览器为 Chrome 
2019-09-26 21:53:24,823 - browserdriver - INFO - 测试的URL: http://172.23.23.222:7070/zfxtbgxt/form/86595d4a7f9384381526acb302bff724/insert
2019-09-26 21:53:27,425 - browserdriver - INFO - 启动Chrome浏览器
2019-09-26 21:53:29,078 - readconfig - INFO - 操作第2行元素,当前测试对象元素路径：username1
2019-09-26 21:53:29,094 - seleniumdriver - INFO - 找到该元素
2019-09-26 21:53:29,165 - seleniumdriver - INFO - 数据写入成功
2019-09-26 21:53:29,248 - readconfig - INFO - 操作第3行元素,当前测试对象元素路径：password1
2019-09-26 21:53:29,259 - seleniumdriver - INFO - 找到该元素
2019-09-26 21:53:29,322 - seleniumdriver - INFO - 数据写入成功
2019-09-26 21:53:29,401 - readconfig - INFO - 操作第4行元素,当前测试对象元素路径：submit_btn
2019-09-26 21:53:29,412 - seleniumdriver - INFO - 找到该元素
2019-09-26 21:53:29,476 - seleniumdriver - INFO - 元素点击成功
2019-09-26 21:53:30,601 - element-exist - INFO - 找到该元素
2019-09-26 21:53:30,613 - seleniumdriver - INFO - 当前页面的ifram个数为1
2019-09-26 21:53:30,613 - seleniumdriver - INFO - 当前页面iframe有[<selenium.webdriver.remote.webelement.WebElement (session="5345a91629b3f4e37882ed9b05a2a8da", element="0.28970506357367243-2")>]
2019-09-26 21:53:30,712 - readconfig - INFO - 操作第9行元素,当前测试对象元素路径：/html/body/div/div/div[2]/div[4]/span[1]
2019-09-26 21:53:30,723 - seleniumdriver - INFO - 找到该元素
2019-09-26 21:53:31,121 - seleniumdriver - INFO - 元素点击成功
2019-09-26 21:53:31,138 - seleniumdriver - INFO - 当前页面标题为：延长羁押通知案件列表
2019-09-26 21:53:31,144 - savadata - INFO - ['嫌疑人姓名', '成祖裘']
2019-09-26 21:53:31,145 - savadata - INFO - ['案件名称', '公诉同步信息测试案件88511']
2019-09-26 21:53:31,145 - savadata - INFO - ['平台案件编号', '216B89C691E328331C04219E1417F509']
2019-09-26 21:53:31,145 - savadata - INFO - ['平台案件关联编号', 'de6d12e2e4f3417a87c678059ac37479']
2019-09-26 21:53:31,145 - savadata - INFO - ['接收单位编号', '23205001303']
2019-09-26 21:53:31,145 - savadata - INFO - ['发送单位编号', '2320584']
2019-09-26 21:53:31,231 - readconfig - INFO - 操作第22行元素,当前测试对象元素路径：jqInput56b3a
2019-09-26 21:53:31,245 - seleniumdriver - INFO - 找到该元素
2019-09-26 21:53:31,293 - seleniumdriver - INFO - 数据写入成功
2019-09-26 21:53:31,379 - readconfig - INFO - 操作第23行元素,当前测试对象元素路径：jqButtondCX
2019-09-26 21:53:31,391 - seleniumdriver - INFO - 找到该元素
2019-09-26 21:53:31,435 - seleniumdriver - INFO - 元素点击成功
2019-09-26 21:53:36,484 - element-exist - INFO - 当前列表中的数据内容为：320121199009281520
