2019-09-20 15:09:07,743 - browserdriver - INFO - 当前选择的浏览器为 Chrome 
2019-09-20 15:09:07,743 - browserdriver - INFO - 测试的URL: http://172.23.23.222:7070/zfxtbgxt/form/86595d4a7f9384381526acb302bff724/insert
2019-09-20 15:09:10,240 - browserdriver - INFO - 启动Chrome浏览器
2019-09-20 15:09:11,759 - readconfig - INFO - 操作第2行元素,当前测试对象元素路径：username1
2019-09-20 15:09:11,769 - seleniumdriver - INFO - 找到该元素
2019-09-20 15:09:11,830 - seleniumdriver - INFO - 数据写入成功
2019-09-20 15:09:11,887 - readconfig - INFO - 操作第3行元素,当前测试对象元素路径：password1
2019-09-20 15:09:11,899 - seleniumdriver - INFO - 找到该元素
2019-09-20 15:09:11,958 - seleniumdriver - INFO - 数据写入成功
2019-09-20 15:09:12,011 - readconfig - INFO - 操作第4行元素,当前测试对象元素路径：submit_btn
2019-09-20 15:09:12,016 - seleniumdriver - INFO - 找到该元素
2019-09-20 15:09:12,086 - seleniumdriver - INFO - 元素点击成功
2019-09-20 15:09:13,137 - element-exist - INFO - 找到该元素
2019-09-20 15:09:13,151 - seleniumdriver - INFO - 当前页面的ifram个数为1
2019-09-20 15:09:13,151 - seleniumdriver - INFO - 当前页面iframe有[<selenium.webdriver.remote.webelement.WebElement (session="4c8e09e6d83516b3c0052a62f99c0bd7", element="0.5057152245786243-2")>]
2019-09-20 15:09:13,211 - readconfig - INFO - 操作第7行元素,当前测试对象元素路径：/html/body/div/div/div[2]/div[9]/span[1]
2019-09-20 15:09:13,232 - seleniumdriver - INFO - 找到该元素
2019-09-20 15:09:13,678 - seleniumdriver - INFO - 元素点击成功
2019-09-20 15:09:13,687 - seleniumdriver - INFO - 当前页面标题为：延长羁押通知案件列表
2019-09-20 15:09:13,692 - ys-qlc - INFO - 进入延长羁押业务成功
2019-09-20 15:09:13,746 - readconfig - INFO - 操作第11行元素,当前测试对象元素路径：jqButton-btn
2019-09-20 15:09:13,759 - seleniumdriver - INFO - 找到该元素
2019-09-20 15:09:13,792 - seleniumdriver - INFO - 元素点击成功
2019-09-20 15:09:13,930 - ys-qlc - INFO - 开始选择案件和嫌疑人
2019-09-20 15:09:13,960 - choosesupects - INFO - 当前页案件数量为2
2019-09-20 15:09:14,014 - readconfig - INFO - 操作第19行元素,当前测试对象元素路径：/html/body/div[1]/div[1]/table/tbody/tr[1]/td[1]/input
2019-09-20 15:09:14,024 - seleniumdriver - INFO - 找到该元素
2019-09-20 15:09:14,078 - seleniumdriver - INFO - 元素双击成功
2019-09-20 15:09:14,102 - choosesupects - INFO - 当前提捕流程选择的嫌疑人姓名： 成祖裘
2019-09-20 15:09:14,153 - readconfig - INFO - 操作第20行元素,当前测试对象元素路径：jqButtonSave
2019-09-20 15:09:14,166 - seleniumdriver - INFO - 找到该元素
2019-09-20 15:09:14,238 - seleniumdriver - INFO - 元素点击成功
