2019-09-20 16:54:18,089 - browserdriver - INFO - 当前选择的浏览器为 Chrome 
2019-09-20 16:54:18,089 - browserdriver - INFO - 测试的URL: http://172.23.23.222:7070/zfxtbgxt/form/86595d4a7f9384381526acb302bff724/insert
2019-09-20 16:54:20,688 - browserdriver - INFO - 启动Chrome浏览器
2019-09-20 16:54:22,267 - readconfig - INFO - 操作第2行元素,当前测试对象元素路径：username1
2019-09-20 16:54:22,288 - seleniumdriver - INFO - 找到该元素
2019-09-20 16:54:22,348 - seleniumdriver - INFO - 数据写入成功
2019-09-20 16:54:22,407 - readconfig - INFO - 操作第3行元素,当前测试对象元素路径：password1
2019-09-20 16:54:22,417 - seleniumdriver - INFO - 找到该元素
2019-09-20 16:54:22,483 - seleniumdriver - INFO - 数据写入成功
2019-09-20 16:54:22,542 - readconfig - INFO - 操作第4行元素,当前测试对象元素路径：submit_btn
2019-09-20 16:54:22,555 - seleniumdriver - INFO - 找到该元素
2019-09-20 16:54:22,588 - seleniumdriver - INFO - 元素点击成功
2019-09-20 16:54:24,983 - element-exist - INFO - 找到该元素
2019-09-20 16:54:24,995 - seleniumdriver - INFO - 当前页面的ifram个数为1
2019-09-20 16:54:24,996 - seleniumdriver - INFO - 当前页面iframe有[<selenium.webdriver.remote.webelement.WebElement (session="91fb7445663da928583b6c3df433f4c0", element="0.7788423246003704-2")>]
2019-09-20 16:54:25,065 - readconfig - INFO - 操作第7行元素,当前测试对象元素路径：/html/body/div/div/div[2]/div[9]/span[1]
2019-09-20 16:54:25,075 - seleniumdriver - INFO - 找到该元素
2019-09-20 16:54:25,496 - seleniumdriver - INFO - 元素点击成功
2019-09-20 16:54:25,503 - seleniumdriver - INFO - 当前页面标题为：延长羁押通知案件列表
2019-09-20 16:54:25,506 - ys-qlc - INFO - 进入延长羁押业务成功
2019-09-20 16:54:25,563 - readconfig - INFO - 操作第11行元素,当前测试对象元素路径：jqButton-btn
2019-09-20 16:54:25,575 - seleniumdriver - INFO - 找到该元素
2019-09-20 16:54:25,609 - seleniumdriver - INFO - 元素点击成功
2019-09-20 16:54:25,825 - ys-qlc - INFO - 开始选择案件和嫌疑人
2019-09-20 16:54:25,851 - choosesupects - INFO - 当前页案件数量为2
2019-09-20 16:54:25,908 - readconfig - INFO - 操作第19行元素,当前测试对象元素路径：/html/body/div[1]/div[1]/table/tbody/tr[1]/td[1]/input
2019-09-20 16:54:25,919 - seleniumdriver - INFO - 找到该元素
2019-09-20 16:54:25,976 - seleniumdriver - INFO - 元素双击成功
2019-09-20 16:54:25,999 - choosesupects - INFO - 当前提捕流程选择的嫌疑人姓名： 成祖裘
2019-09-20 16:54:26,057 - readconfig - INFO - 操作第20行元素,当前测试对象元素路径：jqButtonSave
2019-09-20 16:54:26,070 - seleniumdriver - INFO - 找到该元素
2019-09-20 16:54:26,147 - seleniumdriver - INFO - 元素点击成功
2019-09-20 16:54:34,238 - readconfig - INFO - 操作第64行元素,当前测试对象元素路径：jqInputctar
2019-09-20 16:54:34,257 - seleniumdriver - INFO - 找到该元素
2019-09-20 16:54:34,316 - seleniumdriver - INFO - 数据写入成功
2019-09-20 16:54:34,384 - readconfig - INFO - 操作第65行元素,当前测试对象元素路径：jqDatedyjyksrq
2019-09-20 16:54:34,394 - seleniumdriver - INFO - 找到该元素
2019-09-20 16:54:34,536 - seleniumdriver - INFO - 数据写入成功
2019-09-20 16:54:34,603 - readconfig - INFO - 操作第66行元素,当前测试对象元素路径：jqDatedyjyjzrq
2019-09-20 16:54:34,608 - seleniumdriver - INFO - 找到该元素
2019-09-20 16:54:34,703 - seleniumdriver - INFO - 数据写入成功
2019-09-20 16:54:34,758 - readconfig - INFO - 操作第69行元素,当前测试对象元素路径：save
2019-09-20 16:54:34,767 - seleniumdriver - INFO - 找到该元素
2019-09-20 16:54:34,817 - seleniumdriver - INFO - 元素点击成功
2019-09-20 16:54:39,923 - readconfig - INFO - 操作第70行元素,当前测试对象元素路径：viewWrit
2019-09-20 16:54:39,943 - seleniumdriver - INFO - 找到该元素
2019-09-20 16:54:39,973 - seleniumdriver - INFO - 元素点击成功
2019-09-20 16:54:42,983 - jzxt - INFO - 开始上传公安文书
2019-09-20 16:54:44,039 - seleniumdriver - INFO - 当前页面标题为：文件管理
2019-09-20 16:54:44,141 - readconfig - INFO - 操作第22行元素,当前测试对象元素路径：//*[@id="jqTreeAreaFiles_ztree_3_span"]
2019-09-20 16:54:44,151 - seleniumdriver - INFO - 找到该元素
2019-09-20 16:54:44,191 - seleniumdriver - INFO - 元素点击成功
2019-09-20 16:54:44,257 - readconfig - INFO - 操作第23行元素,当前测试对象元素路径：jqHtmlAreaUp
2019-09-20 16:54:44,267 - seleniumdriver - INFO - 找到该元素
2019-09-20 16:54:45,025 - seleniumdriver - INFO - 元素点击成功
2019-09-20 16:54:45,039 - seleniumdriver - INFO - 当前页面的ifram个数为3
2019-09-20 16:54:45,039 - seleniumdriver - INFO - 当前页面iframe有[<selenium.webdriver.remote.webelement.WebElement (session="91fb7445663da928583b6c3df433f4c0", element="0.37962917783780803-3")>, <selenium.webdriver.remote.webelement.WebElement (session="91fb7445663da928583b6c3df433f4c0", element="0.37962917783780803-4")>, <selenium.webdriver.remote.webelement.WebElement (session="91fb7445663da928583b6c3df433f4c0", element="0.37962917783780803-5")>]
2019-09-20 16:54:45,124 - readconfig - INFO - 操作第24行元素,当前测试对象元素路径：//*[@id="SWFUpload_0"]
2019-09-20 16:54:45,134 - seleniumdriver - INFO - 找到该元素
2019-09-20 16:54:45,193 - seleniumdriver - INFO - 元素双击成功
2019-09-20 16:54:50,468 - readconfig - INFO - 操作第26行元素,当前测试对象元素路径：/html/body/div[6]/div/div[1]
2019-09-20 16:54:50,479 - seleniumdriver - INFO - 找到该元素
2019-09-20 16:54:50,499 - seleniumdriver - INFO - 元素双击成功
2019-09-20 16:54:50,516 - seleniumdriver - INFO - 当前页面的ifram个数为3
2019-09-20 16:54:50,516 - seleniumdriver - INFO - 当前页面iframe有[<selenium.webdriver.remote.webelement.WebElement (session="91fb7445663da928583b6c3df433f4c0", element="0.37962917783780803-3")>, <selenium.webdriver.remote.webelement.WebElement (session="91fb7445663da928583b6c3df433f4c0", element="0.37962917783780803-4")>, <selenium.webdriver.remote.webelement.WebElement (session="91fb7445663da928583b6c3df433f4c0", element="0.37962917783780803-5")>]
2019-09-20 16:54:50,588 - readconfig - INFO - 操作第27行元素,当前测试对象元素路径：/html/body/div[2]/form/table/tbody/tr[3]/td/div/table/tbody/tr/td[1]/div/button
2019-09-20 16:54:50,598 - seleniumdriver - INFO - 找到该元素
2019-09-20 16:54:50,662 - seleniumdriver - INFO - 元素双击成功
2019-09-20 16:55:05,691 - get-ajid - INFO - 获取到的ajid为B3B7C584BCED814217F71626046CC920
2019-09-20 16:55:05,691 - searchresult - INFO - 保存结果到logs/ajid.txt
2019-09-20 16:55:05,702 - searchresult - INFO - ['存入ajid', 'A0880E74F9024DA769DF471CAC10A35D']
2019-09-20 16:55:05,702 - searchresult - INFO - ['案件名称', '枫绿安涉嫌盗窃、抢夺武装部队公文、证件、印章案']
2019-09-20 16:55:05,702 - searchresult - INFO - ['平台案件编号', 'A0880E74F9024DA769DF471CAC10A35D']
2019-09-20 16:55:05,702 - searchresult - INFO - ['平台案件关联编号', 'd6db7a8407cf4657b8b104a94b6d1f39']
2019-09-20 16:55:05,702 - searchresult - INFO - ['接收单位编号', '3320584']
2019-09-20 16:55:05,702 - searchresult - INFO - ['发送单位编号', '2320584']
2019-09-20 16:55:05,702 - searchresult - INFO - ['存入ajid', 'B3B7C584BCED814217F71626046CC920']
2019-09-20 16:55:05,702 - read-db-config - INFO - E:\myclone/config/config.ini
2019-09-20 16:55:05,702 - database - INFO - 链接数据库172.23.23.222
2019-09-20 16:55:05,711 - database - INFO - update数据的sql为update db_jz.t_jzgl_wj set n_yqz =1 WHERE c_ywid='B3B7C584BCED814217F71626046CC920' and c_store_path is not null
2019-09-20 16:55:05,721 - database - INFO - commit成功
2019-09-20 16:55:05,812 - readconfig - INFO - 操作第68行元素,当前测试对象元素路径：jqButton-btn
2019-09-20 16:55:05,822 - seleniumdriver - INFO - 找到该元素
2019-09-20 16:55:05,889 - seleniumdriver - INFO - 元素点击成功
