2019-09-20 13:57:49,822 - browserdriver - INFO - 当前选择的浏览器为 Chrome 
2019-09-20 13:57:49,822 - browserdriver - INFO - 测试的URL: http://172.23.23.222:7070/zfxtbgxt/form/86595d4a7f9384381526acb302bff724/insert
2019-09-20 13:57:52,447 - browserdriver - INFO - 启动Chrome浏览器
2019-09-20 13:58:47,939 - readconfig - INFO - 操作第2行元素,当前测试对象元素路径：username1
2019-09-20 13:58:50,481 - seleniumdriver - INFO - 找到该元素
2019-09-20 13:58:50,574 - seleniumdriver - INFO - 数据写入成功
2019-09-20 13:58:52,257 - readconfig - INFO - 操作第3行元素,当前测试对象元素路径：password1
2019-09-20 13:58:54,479 - seleniumdriver - INFO - 找到该元素
2019-09-20 13:58:54,558 - seleniumdriver - INFO - 数据写入成功
2019-09-20 13:58:59,841 - readconfig - INFO - 操作第4行元素,当前测试对象元素路径：submit_btn
2019-09-20 13:59:00,524 - seleniumdriver - INFO - 找到该元素
2019-09-20 13:59:00,588 - seleniumdriver - INFO - 元素点击成功
2019-09-20 13:59:01,628 - element-exist - INFO - 找到该元素
2019-09-20 13:59:05,625 - seleniumdriver - INFO - 当前页面的ifram个数为1
2019-09-20 13:59:05,625 - seleniumdriver - INFO - 当前页面iframe有[<selenium.webdriver.remote.webelement.WebElement (session="2ab6c529f2ee01e0b9b1451de5fcfef7", element="0.4750409208722859-2")>]
2019-09-20 13:59:14,651 - readconfig - INFO - 操作第7行元素,当前测试对象元素路径：/html/body/div/div/div[2]/div[9]/span[1]
2019-09-20 13:59:16,032 - seleniumdriver - INFO - 找到该元素
2019-09-20 13:59:16,500 - seleniumdriver - INFO - 元素点击成功
2019-09-20 13:59:17,334 - seleniumdriver - INFO - 当前页面标题为：延长羁押通知案件列表
2019-09-20 13:59:17,344 - ys-qlc - INFO - 进入延长羁押业务成功
