2019-09-20 16:08:32,857 - browserdriver - INFO - 当前选择的浏览器为 Chrome 
2019-09-20 16:08:32,857 - browserdriver - INFO - 测试的URL: http://172.23.23.222:7070/zfxtbgxt/form/86595d4a7f9384381526acb302bff724/insert
2019-09-20 16:08:35,384 - browserdriver - INFO - 启动Chrome浏览器
2019-09-20 16:08:36,907 - readconfig - INFO - 操作第2行元素,当前测试对象元素路径：username1
2019-09-20 16:08:36,921 - seleniumdriver - INFO - 找到该元素
2019-09-20 16:08:36,973 - seleniumdriver - INFO - 数据写入成功
2019-09-20 16:08:37,032 - readconfig - INFO - 操作第3行元素,当前测试对象元素路径：password1
2019-09-20 16:08:37,043 - seleniumdriver - INFO - 找到该元素
2019-09-20 16:08:37,108 - seleniumdriver - INFO - 数据写入成功
2019-09-20 16:08:37,166 - readconfig - INFO - 操作第4行元素,当前测试对象元素路径：submit_btn
2019-09-20 16:08:37,179 - seleniumdriver - INFO - 找到该元素
2019-09-20 16:08:37,240 - seleniumdriver - INFO - 元素点击成功
2019-09-20 16:08:38,337 - element-exist - INFO - 找到该元素
2019-09-20 16:08:38,350 - seleniumdriver - INFO - 当前页面的ifram个数为1
2019-09-20 16:08:38,350 - seleniumdriver - INFO - 当前页面iframe有[<selenium.webdriver.remote.webelement.WebElement (session="723a959e535efad8517ca5aad1d892c5", element="0.5413438828303745-2")>]
2019-09-20 16:08:38,425 - readconfig - INFO - 操作第7行元素,当前测试对象元素路径：/html/body/div/div/div[2]/div[9]/span[1]
2019-09-20 16:08:38,438 - seleniumdriver - INFO - 找到该元素
2019-09-20 16:08:40,054 - seleniumdriver - INFO - 元素点击成功
2019-09-20 16:08:40,060 - seleniumdriver - INFO - 当前页面标题为：延长羁押通知案件列表
2019-09-20 16:08:40,064 - ys-qlc - INFO - 进入延长羁押业务成功
2019-09-20 16:08:40,121 - readconfig - INFO - 操作第11行元素,当前测试对象元素路径：jqButton-btn
2019-09-20 16:08:40,135 - seleniumdriver - INFO - 找到该元素
2019-09-20 16:08:40,174 - seleniumdriver - INFO - 元素点击成功
2019-09-20 16:08:40,319 - ys-qlc - INFO - 开始选择案件和嫌疑人
2019-09-20 16:08:40,351 - choosesupects - INFO - 当前页案件数量为2
2019-09-20 16:08:40,411 - readconfig - INFO - 操作第19行元素,当前测试对象元素路径：/html/body/div[1]/div[1]/table/tbody/tr[1]/td[1]/input
2019-09-20 16:08:40,423 - seleniumdriver - INFO - 找到该元素
2019-09-20 16:08:40,481 - seleniumdriver - INFO - 元素双击成功
2019-09-20 16:08:40,505 - choosesupects - INFO - 当前提捕流程选择的嫌疑人姓名： 成祖裘
2019-09-20 16:08:40,562 - readconfig - INFO - 操作第20行元素,当前测试对象元素路径：jqButtonSave
2019-09-20 16:08:40,575 - seleniumdriver - INFO - 找到该元素
2019-09-20 16:08:40,648 - seleniumdriver - INFO - 元素点击成功
2019-09-20 16:08:48,710 - readconfig - INFO - 操作第66行元素,当前测试对象元素路径：jqDatedyjyjzrq
2019-09-20 16:08:48,726 - seleniumdriver - INFO - 找到该元素
2019-09-20 16:08:48,825 - seleniumdriver - INFO - 数据写入成功
2019-09-20 16:08:48,902 - readconfig - INFO - 操作第67行元素,当前测试对象元素路径：jqButton-btn
2019-09-20 16:08:58,918 - seleniumdriver - ERROR - 元素未找到，抛出异常Message: no such element: Unable to locate element: {"method":"id","selector":"jqButton-btn"}
  (Session info: chrome=77.0.3865.90)
  (Driver info: chromedriver=2.43.600210 (68dcf5eebde37173d4027fa8635e332711d2874a),platform=Windows NT 6.1.7601 SP1 x86_64)

2019-09-20 16:08:59,348 - seleniumdriver - INFO - 截图成功，图片保存路径为：E:\myclone\errormg\
2019-09-20 16:08:59,348 - seleniumdriver - INFO - 数据写入失败,抛出异常: 'NoneType' object has no attribute 'send_keys'
2019-09-20 16:08:59,737 - seleniumdriver - INFO - 截图成功，图片保存路径为：E:\myclone\errormg\
