2019-09-26 21:56:11,480 - browserdriver - INFO - 当前选择的浏览器为 Chrome 
2019-09-26 21:56:11,480 - browserdriver - INFO - 测试的URL: http://172.23.23.222:7070/zfxtbgxt/form/86595d4a7f9384381526acb302bff724/insert
2019-09-26 21:56:14,015 - browserdriver - INFO - 启动Chrome浏览器
2019-09-26 21:56:16,378 - readconfig - INFO - 操作第2行元素,当前测试对象元素路径：username1
2019-09-26 21:56:16,391 - seleniumdriver - INFO - 找到该元素
2019-09-26 21:56:16,451 - seleniumdriver - INFO - 数据写入成功
2019-09-26 21:56:16,530 - readconfig - INFO - 操作第3行元素,当前测试对象元素路径：password1
2019-09-26 21:56:16,542 - seleniumdriver - INFO - 找到该元素
2019-09-26 21:56:16,606 - seleniumdriver - INFO - 数据写入成功
2019-09-26 21:56:16,682 - readconfig - INFO - 操作第4行元素,当前测试对象元素路径：submit_btn
2019-09-26 21:56:16,693 - seleniumdriver - INFO - 找到该元素
2019-09-26 21:56:16,746 - seleniumdriver - INFO - 元素点击成功
2019-09-26 21:56:17,731 - element-exist - INFO - 找到该元素
2019-09-26 21:56:17,742 - seleniumdriver - INFO - 当前页面的ifram个数为1
2019-09-26 21:56:17,742 - seleniumdriver - INFO - 当前页面iframe有[<selenium.webdriver.remote.webelement.WebElement (session="d0cbf8dabc686c73a37f7842ce32d20d", element="0.04603360117871014-2")>]
2019-09-26 21:56:17,841 - readconfig - INFO - 操作第9行元素,当前测试对象元素路径：/html/body/div/div/div[2]/div[4]/span[1]
2019-09-26 21:56:17,853 - seleniumdriver - INFO - 找到该元素
2019-09-26 21:56:18,749 - seleniumdriver - INFO - 元素点击成功
2019-09-26 21:56:18,763 - seleniumdriver - INFO - 当前页面标题为：延长羁押通知案件列表
2019-09-26 21:56:18,769 - savadata - INFO - ['嫌疑人姓名', '成祖裘']
2019-09-26 21:56:18,769 - savadata - INFO - ['案件名称', '公诉同步信息测试案件88511']
2019-09-26 21:56:18,769 - savadata - INFO - ['平台案件编号', '216B89C691E328331C04219E1417F509']
2019-09-26 21:56:18,770 - savadata - INFO - ['平台案件关联编号', 'de6d12e2e4f3417a87c678059ac37479']
2019-09-26 21:56:18,770 - savadata - INFO - ['接收单位编号', '23205001303']
2019-09-26 21:56:18,770 - savadata - INFO - ['发送单位编号', '2320584']
2019-09-26 21:56:18,847 - readconfig - INFO - 操作第22行元素,当前测试对象元素路径：jqInput56b3a
2019-09-26 21:56:18,859 - seleniumdriver - INFO - 找到该元素
2019-09-26 21:56:18,904 - seleniumdriver - INFO - 数据写入成功
2019-09-26 21:56:18,995 - readconfig - INFO - 操作第23行元素,当前测试对象元素路径：jqButtondCX
2019-09-26 21:56:19,008 - seleniumdriver - INFO - 找到该元素
2019-09-26 21:56:19,061 - seleniumdriver - INFO - 元素点击成功
2019-09-26 21:56:24,109 - element-exist - INFO - 当前列表中的数据内容为：成祖裘
2019-09-26 21:56:39,713 - browserdriver - INFO - 当前选择的浏览器为 Chrome 
2019-09-26 21:56:39,713 - browserdriver - INFO - 测试的URL: http://172.23.23.222:7070/zfxtbgxt/form/86595d4a7f9384381526acb302bff724/insert
2019-09-26 21:56:42,274 - browserdriver - INFO - 启动Chrome浏览器
2019-09-26 21:56:46,345 - readconfig - INFO - 操作第2行元素,当前测试对象元素路径：username1
2019-09-26 21:56:46,363 - seleniumdriver - INFO - 找到该元素
2019-09-26 21:56:46,428 - seleniumdriver - INFO - 数据写入成功
2019-09-26 21:56:46,507 - readconfig - INFO - 操作第3行元素,当前测试对象元素路径：password1
2019-09-26 21:56:46,519 - seleniumdriver - INFO - 找到该元素
2019-09-26 21:56:46,584 - seleniumdriver - INFO - 数据写入成功
2019-09-26 21:56:46,661 - readconfig - INFO - 操作第4行元素,当前测试对象元素路径：submit_btn
2019-09-26 21:56:46,673 - seleniumdriver - INFO - 找到该元素
2019-09-26 21:56:46,732 - seleniumdriver - INFO - 元素点击成功
2019-09-26 21:56:47,829 - element-exist - INFO - 找到该元素
2019-09-26 21:56:47,842 - seleniumdriver - INFO - 当前页面的ifram个数为1
2019-09-26 21:56:47,842 - seleniumdriver - INFO - 当前页面iframe有[<selenium.webdriver.remote.webelement.WebElement (session="d181c1af16a2eaf1bf98f17ed5a4d548", element="0.3521751136990974-2")>]
2019-09-26 21:56:47,941 - readconfig - INFO - 操作第9行元素,当前测试对象元素路径：/html/body/div/div/div[2]/div[4]/span[1]
2019-09-26 21:56:47,953 - seleniumdriver - INFO - 找到该元素
2019-09-26 21:56:48,756 - seleniumdriver - INFO - 元素点击成功
2019-09-26 21:56:48,765 - seleniumdriver - INFO - 当前页面标题为：延长羁押通知案件列表
2019-09-26 21:56:48,771 - savadata - INFO - ['嫌疑人姓名', '成祖裘']
2019-09-26 21:56:48,771 - savadata - INFO - ['案件名称', '公诉同步信息测试案件88511']
2019-09-26 21:56:48,771 - savadata - INFO - ['平台案件编号', '216B89C691E328331C04219E1417F509']
2019-09-26 21:56:48,771 - savadata - INFO - ['平台案件关联编号', 'de6d12e2e4f3417a87c678059ac37479']
2019-09-26 21:56:48,771 - savadata - INFO - ['接收单位编号', '23205001303']
2019-09-26 21:56:48,771 - savadata - INFO - ['发送单位编号', '2320584']
2019-09-26 21:56:48,862 - readconfig - INFO - 操作第22行元素,当前测试对象元素路径：jqInput56b3a
2019-09-26 21:56:48,874 - seleniumdriver - INFO - 找到该元素
2019-09-26 21:56:48,919 - seleniumdriver - INFO - 数据写入成功
2019-09-26 21:56:49,016 - readconfig - INFO - 操作第23行元素,当前测试对象元素路径：jqButtondCX
2019-09-26 21:56:49,029 - seleniumdriver - INFO - 找到该元素
2019-09-26 21:56:49,081 - seleniumdriver - INFO - 元素点击成功
2019-09-26 21:56:54,130 - element-exist - INFO - 当前列表中的数据内容为：成祖裘
