2019-09-20 14:07:32,796 - browserdriver - INFO - 当前选择的浏览器为 Chrome 
2019-09-20 14:07:32,796 - browserdriver - INFO - 测试的URL: http://172.23.23.222:7070/zfxtbgxt/form/86595d4a7f9384381526acb302bff724/insert
2019-09-20 14:07:35,371 - browserdriver - INFO - 启动Chrome浏览器
2019-09-20 14:07:37,292 - readconfig - INFO - 操作第2行元素,当前测试对象元素路径：username1
2019-09-20 14:07:37,308 - seleniumdriver - INFO - 找到该元素
2019-09-20 14:07:37,355 - seleniumdriver - INFO - 数据写入成功
2019-09-20 14:07:37,407 - readconfig - INFO - 操作第3行元素,当前测试对象元素路径：password1
2019-09-20 14:07:37,421 - seleniumdriver - INFO - 找到该元素
2019-09-20 14:07:37,484 - seleniumdriver - INFO - 数据写入成功
2019-09-20 14:07:37,537 - readconfig - INFO - 操作第4行元素,当前测试对象元素路径：submit_btn
2019-09-20 14:07:37,550 - seleniumdriver - INFO - 找到该元素
2019-09-20 14:07:37,608 - seleniumdriver - INFO - 元素点击成功
2019-09-20 14:07:38,968 - element-exist - INFO - 找到该元素
2019-09-20 14:07:38,980 - seleniumdriver - INFO - 当前页面的ifram个数为1
2019-09-20 14:07:38,980 - seleniumdriver - INFO - 当前页面iframe有[<selenium.webdriver.remote.webelement.WebElement (session="3ffb1692e843b7b86634a41d79fe3f94", element="0.18108976927314568-2")>]
2019-09-20 14:07:39,039 - readconfig - INFO - 操作第7行元素,当前测试对象元素路径：/html/body/div/div/div[2]/div[9]/span[1]
2019-09-20 14:07:39,049 - seleniumdriver - INFO - 找到该元素
2019-09-20 14:07:39,478 - seleniumdriver - INFO - 元素点击成功
2019-09-20 14:07:39,481 - seleniumdriver - INFO - 当前页面标题为：延长羁押通知案件列表
2019-09-20 14:07:39,486 - ys-qlc - INFO - 进入延长羁押业务成功
2019-09-20 14:07:39,547 - readconfig - INFO - 操作第11行元素,当前测试对象元素路径：jqButton-btn
2019-09-20 14:07:39,559 - seleniumdriver - INFO - 找到该元素
2019-09-20 14:07:39,592 - seleniumdriver - INFO - 元素点击成功
2019-09-20 14:07:39,747 - ys-qlc - INFO - 开始选择案件和嫌疑人
