2019-09-26 19:10:21,226 - browserdriver - INFO - 当前选择的浏览器为 Chrome 
2019-09-26 19:10:21,227 - browserdriver - INFO - 测试的URL: http://172.23.23.220:7082/zfxtbgxt/form/e18f1f3414dd6abfc74342002bffd9ea/insert
2019-09-26 19:10:23,765 - browserdriver - INFO - 启动Chrome浏览器
2019-09-26 19:10:25,269 - readconfig - INFO - 操作第2行元素,当前测试对象元素路径：username1
2019-09-26 19:10:25,284 - seleniumdriver - INFO - 找到该元素
2019-09-26 19:10:25,350 - seleniumdriver - INFO - 数据写入成功
2019-09-26 19:10:25,430 - readconfig - INFO - 操作第3行元素,当前测试对象元素路径：password1
2019-09-26 19:10:25,442 - seleniumdriver - INFO - 找到该元素
2019-09-26 19:10:25,508 - seleniumdriver - INFO - 数据写入成功
2019-09-26 19:10:25,590 - readconfig - INFO - 操作第4行元素,当前测试对象元素路径：submit_btn
2019-09-26 19:10:25,606 - seleniumdriver - INFO - 找到该元素
2019-09-26 19:10:25,728 - seleniumdriver - INFO - 元素点击成功
2019-09-26 19:10:28,167 - element-exist - INFO - 找到该元素
2019-09-26 19:10:28,181 - seleniumdriver - INFO - 当前页面的ifram个数为1
2019-09-26 19:10:28,182 - seleniumdriver - INFO - 当前页面iframe有[<selenium.webdriver.remote.webelement.WebElement (session="a5ad3878fd2107d86536d973430f9af9", element="0.671522702144357-2")>]
2019-09-26 19:10:28,283 - readconfig - INFO - 操作第6行元素,当前测试对象元素路径：/html/body/div/div/div[2]/div[3]/span[1]
2019-09-26 19:10:28,295 - seleniumdriver - INFO - 找到该元素
2019-09-26 19:10:29,339 - seleniumdriver - INFO - 元素点击成功
2019-09-26 19:10:29,347 - seleniumdriver - INFO - 当前页面标题为：移诉案件列表
2019-09-26 19:10:29,352 - savadata - INFO - ['嫌疑人姓名', '凡谷绿']
2019-09-26 19:10:29,352 - savadata - INFO - ['案件名称', '凡谷绿涉嫌故意杀人案']
2019-09-26 19:10:29,352 - savadata - INFO - ['平台案件编号', '1467DE797020516E1FC55DBF137242A1']
2019-09-26 19:10:29,352 - savadata - INFO - ['平台案件关联编号', '11da04261d274c45bc185d04c793e3ef']
2019-09-26 19:10:29,352 - savadata - INFO - ['接收单位编号', '3320584']
2019-09-26 19:10:29,353 - savadata - INFO - ['发送单位编号', '2320584']
2019-09-26 19:10:29,431 - readconfig - INFO - 操作第17行元素,当前测试对象元素路径：//*[@id="jqInput0a4c2"]
2019-09-26 19:10:39,467 - seleniumdriver - ERROR - 元素未找到，抛出异常Message: no such element: Unable to locate element: {"method":"xpath","selector":"//*[@id="jqInput0a4c2"]"}
  (Session info: chrome=77.0.3865.90)
  (Driver info: chromedriver=2.43.600210 (68dcf5eebde37173d4027fa8635e332711d2874a),platform=Windows NT 6.1.7601 SP1 x86_64)

2019-09-26 19:10:39,739 - seleniumdriver - INFO - 截图成功，图片保存路径为：E:\myclone\errormg\
2019-09-26 19:10:39,739 - seleniumdriver - INFO - 数据写入失败,抛出异常: 'NoneType' object has no attribute 'send_keys'
2019-09-26 19:10:40,039 - seleniumdriver - INFO - 截图成功，图片保存路径为：E:\myclone\errormg\
2019-09-26 19:10:40,113 - readconfig - INFO - 操作第18行元素,当前测试对象元素路径：search
2019-09-26 19:10:50,134 - seleniumdriver - ERROR - 元素未找到，抛出异常Message: no such element: Unable to locate element: {"method":"id","selector":"search"}
  (Session info: chrome=77.0.3865.90)
  (Driver info: chromedriver=2.43.600210 (68dcf5eebde37173d4027fa8635e332711d2874a),platform=Windows NT 6.1.7601 SP1 x86_64)

2019-09-26 19:10:50,440 - seleniumdriver - INFO - 截图成功，图片保存路径为：E:\myclone\errormg\
2019-09-26 19:10:50,440 - seleniumdriver - ERROR - 元素点击失败,异常信息:'NoneType' object has no attribute 'click'
2019-09-26 19:10:55,503 - element-exist - INFO - 当前列表中的数据内容为凡谷绿
2019-09-26 19:10:55,536 - element-exist - INFO - 当前列表中的数据内容为
