2019-09-20 15:08:33,545 - browserdriver - INFO - 当前选择的浏览器为 Chrome 
2019-09-20 15:08:33,545 - browserdriver - INFO - 测试的URL: http://172.23.23.222:7070/zfxtbgxt/form/86595d4a7f9384381526acb302bff724/insert
2019-09-20 15:08:36,779 - browserdriver - INFO - 启动Chrome浏览器
2019-09-20 15:08:38,299 - readconfig - INFO - 操作第2行元素,当前测试对象元素路径：username1
2019-09-20 15:08:38,310 - seleniumdriver - INFO - 找到该元素
2019-09-20 15:08:38,364 - seleniumdriver - INFO - 数据写入成功
2019-09-20 15:08:38,419 - readconfig - INFO - 操作第3行元素,当前测试对象元素路径：password1
2019-09-20 15:08:38,430 - seleniumdriver - INFO - 找到该元素
2019-09-20 15:08:38,491 - seleniumdriver - INFO - 数据写入成功
2019-09-20 15:08:38,543 - readconfig - INFO - 操作第4行元素,当前测试对象元素路径：submit_btn
2019-09-20 15:08:38,550 - seleniumdriver - INFO - 找到该元素
2019-09-20 15:08:38,619 - seleniumdriver - INFO - 元素点击成功
2019-09-20 15:08:39,759 - element-exist - INFO - 找到该元素
2019-09-20 15:08:39,773 - seleniumdriver - INFO - 当前页面的ifram个数为1
2019-09-20 15:08:39,773 - seleniumdriver - INFO - 当前页面iframe有[<selenium.webdriver.remote.webelement.WebElement (session="f79f92e79f2006d7279b5e5d00ca0741", element="0.00640803662433842-2")>]
2019-09-20 15:08:39,849 - readconfig - INFO - 操作第7行元素,当前测试对象元素路径：/html/body/div/div/div[2]/div[9]/span[1]
2019-09-20 15:08:39,859 - seleniumdriver - INFO - 找到该元素
2019-09-20 15:08:40,287 - seleniumdriver - INFO - 元素点击成功
2019-09-20 15:08:40,296 - seleniumdriver - INFO - 当前页面标题为：延长羁押通知案件列表
2019-09-20 15:08:40,302 - ys-qlc - INFO - 进入延长羁押业务成功
2019-09-20 15:08:40,358 - readconfig - INFO - 操作第11行元素,当前测试对象元素路径：jqButton-btn
2019-09-20 15:08:40,371 - seleniumdriver - INFO - 找到该元素
2019-09-20 15:08:40,406 - seleniumdriver - INFO - 元素点击成功
2019-09-20 15:08:40,606 - ys-qlc - INFO - 开始选择案件和嫌疑人
2019-09-20 15:08:40,625 - choosesupects - INFO - 当前页案件数量为2
2019-09-20 15:08:40,677 - readconfig - INFO - 操作第19行元素,当前测试对象元素路径：/html/body/div[1]/div[1]/table/tbody/tr[1]/td[1]/input
2019-09-20 15:08:40,687 - seleniumdriver - INFO - 找到该元素
2019-09-20 15:08:40,740 - seleniumdriver - INFO - 元素双击成功
2019-09-20 15:08:40,769 - choosesupects - INFO - 当前提捕流程选择的嫌疑人姓名： 成祖裘
2019-09-20 15:08:40,823 - readconfig - INFO - 操作第20行元素,当前测试对象元素路径：jqButtonSave
2019-09-20 15:08:40,835 - seleniumdriver - INFO - 找到该元素
2019-09-20 15:08:40,910 - seleniumdriver - INFO - 元素点击成功
