2019-09-25 21:57:42,542 - browserdriver - INFO - 当前选择的浏览器为 Chrome 
2019-09-25 21:57:42,542 - browserdriver - INFO - 测试的URL: http://172.23.23.222:7070/zfxtbgxt/form/86595d4a7f9384381526acb302bff724/insert
2019-09-25 21:57:45,151 - browserdriver - INFO - 启动Chrome浏览器
2019-09-25 21:57:46,684 - readconfig - INFO - 操作第2行元素,当前测试对象元素路径：username1
2019-09-25 21:57:46,700 - seleniumdriver - INFO - 找到该元素
2019-09-25 21:57:46,746 - seleniumdriver - INFO - 数据写入成功
2019-09-25 21:57:46,815 - readconfig - INFO - 操作第3行元素,当前测试对象元素路径：password1
2019-09-25 21:57:46,827 - seleniumdriver - INFO - 找到该元素
2019-09-25 21:57:46,884 - seleniumdriver - INFO - 数据写入成功
2019-09-25 21:57:46,948 - readconfig - INFO - 操作第4行元素,当前测试对象元素路径：submit_btn
2019-09-25 21:57:46,960 - seleniumdriver - INFO - 找到该元素
2019-09-25 21:57:47,022 - seleniumdriver - INFO - 元素点击成功
2019-09-25 21:57:48,036 - element-exist - INFO - 找到该元素
2019-09-25 21:57:48,044 - seleniumdriver - INFO - 当前页面的ifram个数为1
2019-09-25 21:57:48,044 - seleniumdriver - INFO - 当前页面iframe有[<selenium.webdriver.remote.webelement.WebElement (session="fe22314d56044221a5a2ef4af2ef06d0", element="0.799298708554574-2")>]
2019-09-25 21:57:48,128 - readconfig - INFO - 操作第5行元素,当前测试对象元素路径：/html/body/div/div/div[2]/div[2]/span[1]
2019-09-25 21:57:48,141 - seleniumdriver - INFO - 找到该元素
2019-09-25 21:57:48,822 - seleniumdriver - INFO - 元素点击成功
2019-09-25 21:57:48,832 - seleniumdriver - INFO - 当前页面标题为：提捕案件列表
2019-09-25 21:57:48,904 - readconfig - INFO - 操作第11行元素,当前测试对象元素路径：jqButton-btn
2019-09-25 21:57:48,916 - seleniumdriver - INFO - 找到该元素
2019-09-25 21:57:49,148 - seleniumdriver - INFO - 元素点击成功
2019-09-25 21:57:49,195 - tb-qlc - INFO - 开始选择案件和嫌疑人
2019-09-25 21:57:49,216 - choosesupects - INFO - 当前页案件数量为5
2019-09-25 21:57:49,217 - choosesupects - INFO - 正在查找第1条案件
2019-09-25 21:57:49,232 - choosesupects - INFO - 当前的案件列表数量为5
2019-09-25 21:57:49,246 - choosesupects - INFO - 双击案件列表，寻找有嫌疑人的案件
2019-09-25 21:57:51,336 - choosesupects - INFO - 正在查找的当前案件的嫌疑人数量为0
2019-09-25 21:57:51,336 - choosesupects - INFO - 正在查找第2条案件
2019-09-25 21:57:51,353 - choosesupects - INFO - 当前的案件列表数量为5
2019-09-25 21:57:51,380 - choosesupects - INFO - 双击案件列表，寻找有嫌疑人的案件
2019-09-25 21:57:53,449 - choosesupects - INFO - 正在查找的当前案件的嫌疑人数量为0
2019-09-25 21:57:53,449 - choosesupects - INFO - 正在查找第3条案件
2019-09-25 21:57:53,463 - choosesupects - INFO - 当前的案件列表数量为5
2019-09-25 21:57:53,480 - choosesupects - INFO - 双击案件列表，寻找有嫌疑人的案件
2019-09-25 21:57:55,571 - choosesupects - INFO - 正在查找的当前案件的嫌疑人数量为0
2019-09-25 21:57:55,571 - choosesupects - INFO - 正在查找第4条案件
2019-09-25 21:57:55,587 - choosesupects - INFO - 当前的案件列表数量为5
2019-09-25 21:57:55,608 - choosesupects - INFO - 双击案件列表，寻找有嫌疑人的案件
2019-09-25 21:57:57,688 - choosesupects - INFO - 正在查找的当前案件的嫌疑人数量为9
2019-09-25 21:57:57,688 - choosesupects - INFO - 当前选择的这个案件有嫌疑人，结束寻找
2019-09-25 21:57:57,717 - choosesupects - INFO - 当前提捕流程选择的嫌疑人姓名： 珊凌
2019-09-25 21:57:57,801 - readconfig - INFO - 操作第16行元素,当前测试对象元素路径：/html/body/div[1]/div[3]/div[1]/table/thead/tr/th[1]/div[2]/input
2019-09-25 21:57:57,814 - seleniumdriver - INFO - 找到该元素
2019-09-25 21:57:57,872 - seleniumdriver - INFO - 元素点击成功
2019-09-25 21:57:57,872 - choosesupects - INFO - 勾选成功
2019-09-25 21:57:57,969 - readconfig - INFO - 操作第17行元素,当前测试对象元素路径：/html/body/div[2]/div[1]/button
2019-09-25 21:57:57,982 - seleniumdriver - INFO - 找到该元素
2019-09-25 21:57:58,052 - seleniumdriver - INFO - 元素点击成功
2019-09-25 21:57:58,052 - choosesupects - INFO - 提交成功
2019-09-25 21:57:58,131 - readconfig - INFO - 操作第48行元素,当前测试对象元素路径：jqNumeric5d68d
2019-09-25 21:58:00,168 - seleniumdriver - INFO - 找到该元素
2019-09-25 21:58:00,211 - seleniumdriver - INFO - 数据写入成功
2019-09-25 21:58:00,291 - readconfig - INFO - 操作第49行元素,当前测试对象元素路径：jqInput98ad2
2019-09-25 21:58:00,300 - seleniumdriver - INFO - 找到该元素
2019-09-25 21:58:00,403 - seleniumdriver - INFO - 数据写入成功
2019-09-25 21:58:00,403 - tb-qlc - INFO - 页面字段内容填写结束
2019-09-25 21:58:00,483 - readconfig - INFO - 操作第37行元素,当前测试对象元素路径：//*[@id="viewWrit_tb"]
2019-09-25 21:58:00,496 - seleniumdriver - INFO - 找到该元素
2019-09-25 21:58:00,534 - seleniumdriver - INFO - 元素点击成功
2019-09-25 21:58:03,547 - jzxt - INFO - 开始上传公安文书
2019-09-25 21:58:04,599 - seleniumdriver - INFO - 当前页面标题为：文件管理
2019-09-25 21:58:04,705 - readconfig - INFO - 操作第25行元素,当前测试对象元素路径：//*[@id="jqTreeAreaFiles_ztree_3_span"]
2019-09-25 21:58:04,719 - seleniumdriver - INFO - 找到该元素
2019-09-25 21:58:04,758 - seleniumdriver - INFO - 元素点击成功
2019-09-25 21:58:04,835 - readconfig - INFO - 操作第26行元素,当前测试对象元素路径：jqHtmlAreaUp
2019-09-25 21:58:04,847 - seleniumdriver - INFO - 找到该元素
2019-09-25 21:58:05,695 - seleniumdriver - INFO - 元素点击成功
2019-09-25 21:58:05,707 - seleniumdriver - INFO - 当前页面的ifram个数为3
2019-09-25 21:58:05,707 - seleniumdriver - INFO - 当前页面iframe有[<selenium.webdriver.remote.webelement.WebElement (session="fe22314d56044221a5a2ef4af2ef06d0", element="0.6142325503590547-3")>, <selenium.webdriver.remote.webelement.WebElement (session="fe22314d56044221a5a2ef4af2ef06d0", element="0.6142325503590547-4")>, <selenium.webdriver.remote.webelement.WebElement (session="fe22314d56044221a5a2ef4af2ef06d0", element="0.6142325503590547-5")>]
2019-09-25 21:58:05,803 - readconfig - INFO - 操作第27行元素,当前测试对象元素路径：//*[@id="SWFUpload_0"]
2019-09-25 21:58:05,817 - seleniumdriver - INFO - 找到该元素
2019-09-25 21:58:05,876 - seleniumdriver - INFO - 元素双击成功
2019-09-25 21:58:05,876 - jzxt - INFO - F://2019-06//autotest//upload.exe chrome F:\2019-06\autotest\起诉意见书.pdf
2019-09-25 21:58:11,081 - readconfig - INFO - 操作第29行元素,当前测试对象元素路径：/html/body/div[6]/div/div[1]
2019-09-25 21:58:11,092 - seleniumdriver - INFO - 找到该元素
2019-09-25 21:58:11,115 - seleniumdriver - INFO - 元素双击成功
2019-09-25 21:58:11,124 - seleniumdriver - INFO - 当前页面的ifram个数为3
2019-09-25 21:58:11,124 - seleniumdriver - INFO - 当前页面iframe有[<selenium.webdriver.remote.webelement.WebElement (session="fe22314d56044221a5a2ef4af2ef06d0", element="0.6142325503590547-3")>, <selenium.webdriver.remote.webelement.WebElement (session="fe22314d56044221a5a2ef4af2ef06d0", element="0.6142325503590547-4")>, <selenium.webdriver.remote.webelement.WebElement (session="fe22314d56044221a5a2ef4af2ef06d0", element="0.6142325503590547-5")>]
2019-09-25 21:58:11,214 - readconfig - INFO - 操作第30行元素,当前测试对象元素路径：jqButton-btn
2019-09-25 21:58:11,225 - seleniumdriver - INFO - 找到该元素
2019-09-25 21:58:11,289 - seleniumdriver - INFO - 元素双击成功
2019-09-25 21:58:21,329 - element-exist - INFO - 找到该元素
2019-09-25 21:58:21,329 - jzxt - INFO - 开始上传卷宗
2019-09-25 21:58:21,335 - seleniumdriver - INFO - 当前页面标题为：文件管理
2019-09-25 21:58:21,416 - readconfig - INFO - 操作第31行元素,当前测试对象元素路径：//*[@id="jqTreeAreaFiles_ztree_6_span"]
2019-09-25 21:58:21,430 - seleniumdriver - INFO - 找到该元素
2019-09-25 21:58:21,470 - seleniumdriver - INFO - 元素双击成功
2019-09-25 21:58:21,587 - readconfig - INFO - 操作第32行元素,当前测试对象元素路径：//*[@id="jqTreeAreaFiles_ztree_6_switch"]
2019-09-25 21:58:21,621 - seleniumdriver - INFO - 找到该元素
2019-09-25 21:58:21,649 - seleniumdriver - INFO - 元素双击成功
2019-09-25 21:58:21,723 - readconfig - INFO - 操作第33行元素,当前测试对象元素路径：//*[@id="jqTreeAreaFiles_ztree_7_span"]
2019-09-25 21:58:21,736 - seleniumdriver - INFO - 找到该元素
2019-09-25 21:58:21,769 - seleniumdriver - INFO - 元素双击成功
2019-09-25 21:58:21,855 - readconfig - INFO - 操作第26行元素,当前测试对象元素路径：jqHtmlAreaUp
2019-09-25 21:58:21,867 - seleniumdriver - INFO - 找到该元素
2019-09-25 21:58:22,129 - seleniumdriver - INFO - 元素双击成功
2019-09-25 21:58:22,144 - seleniumdriver - INFO - 当前页面的ifram个数为3
2019-09-25 21:58:22,145 - seleniumdriver - INFO - 当前页面iframe有[<selenium.webdriver.remote.webelement.WebElement (session="fe22314d56044221a5a2ef4af2ef06d0", element="0.6142325503590547-3")>, <selenium.webdriver.remote.webelement.WebElement (session="fe22314d56044221a5a2ef4af2ef06d0", element="0.6142325503590547-4")>, <selenium.webdriver.remote.webelement.WebElement (session="fe22314d56044221a5a2ef4af2ef06d0", element="0.6142325503590547-5")>]
2019-09-25 21:58:22,248 - readconfig - INFO - 操作第27行元素,当前测试对象元素路径：//*[@id="SWFUpload_0"]
2019-09-25 21:58:22,279 - seleniumdriver - INFO - 找到该元素
2019-09-25 21:58:22,335 - seleniumdriver - INFO - 元素双击成功
2019-09-25 21:58:27,478 - readconfig - INFO - 操作第34行元素,当前测试对象元素路径：//*[@id="jqButtonOk"]/button
2019-09-25 21:58:27,494 - seleniumdriver - INFO - 找到该元素
2019-09-25 21:58:27,559 - seleniumdriver - INFO - 元素双击成功
2019-09-25 21:58:32,580 - ChooseQzcs - INFO - 开始执行js
2019-09-25 21:58:32,580 - ChooseQzcs - INFO - 开始执行js
2019-09-25 21:58:32,681 - readconfig - INFO - 操作第39行元素,当前测试对象元素路径：/html/body/div[1]/div[1]/div/div/div/div[2]/div/div[4]/div/div[2]/div/div[1]/table/tbody/tr/td[5]
2019-09-25 21:58:32,697 - seleniumdriver - INFO - 找到该元素
2019-09-25 21:58:37,823 - readconfig - INFO - 操作第39行元素,当前测试对象元素路径：/html/body/div[1]/div[1]/div/div/div/div[2]/div/div[4]/div/div[2]/div/div[1]/table/tbody/tr/td[5]
2019-09-25 21:58:37,832 - seleniumdriver - INFO - 找到该元素
2019-09-25 21:58:37,863 - seleniumdriver - INFO - 元素双击成功
2019-09-25 21:58:37,948 - readconfig - INFO - 操作第40行元素,当前测试对象元素路径：[class='jqColumnEditor jqColumnEditor-default']
2019-09-25 21:58:37,960 - seleniumdriver - INFO - 找到该元素
2019-09-25 21:58:38,014 - seleniumdriver - INFO - 元素双击成功
2019-09-25 21:58:38,097 - readconfig - INFO - 操作第41行元素,当前测试对象元素路径：//*[@id="jqSelectListcfe6b"]
2019-09-25 21:58:38,110 - seleniumdriver - INFO - 找到该元素
2019-09-25 21:58:38,197 - seleniumdriver - INFO - 元素双击成功
2019-09-25 21:58:38,276 - readconfig - INFO - 操作第42行元素,当前测试对象元素路径：/html/body/div[10]/div/div[1]
2019-09-25 21:58:38,289 - seleniumdriver - INFO - 找到该元素
2019-09-25 21:58:38,312 - seleniumdriver - INFO - 元素双击成功
2019-09-25 21:58:38,393 - readconfig - INFO - 操作第43行元素,当前测试对象元素路径：/html/body/div[9]/div[1]/div[3]/button[1]
2019-09-25 21:58:38,407 - seleniumdriver - INFO - 找到该元素
2019-09-25 21:58:38,428 - seleniumdriver - INFO - 元素双击成功
2019-09-25 21:58:38,506 - readconfig - INFO - 操作第44行元素,当前测试对象元素路径：/html/body/div[1]/div[1]/div/div/div/div[3]/div[2]/div/button
2019-09-25 21:58:38,523 - seleniumdriver - INFO - 找到该元素
2019-09-25 21:58:38,553 - seleniumdriver - INFO - 元素双击成功
2019-09-25 21:58:40,649 - element-exist - INFO - 当前列表中的数据内容为逮捕
2019-09-25 21:58:40,654 - get-ajid - INFO - 获取到的ajid为:D9DBD2F4E0E444BD83EC95645BA2FD0D
2019-09-25 21:58:40,967 - savadata - INFO - ['案件名称', '梦雅涉嫌故意杀人案']
2019-09-25 21:58:40,967 - savadata - INFO - ['平台案件编号', 'CE6838E039E34799B64A3A7F4F42E516']
2019-09-25 21:58:40,967 - savadata - INFO - ['平台案件关联编号', 'f8f862fc8464420887ecfee2e9ba09e8']
2019-09-25 21:58:40,967 - savadata - INFO - ['接收单位编号', '3320584']
2019-09-25 21:58:40,967 - savadata - INFO - ['发送单位编号', '2320584']
2019-09-25 21:58:41,351 - readconfig - INFO - 操作第45行元素,当前测试对象元素路径：/html/body/div[1]/div[1]/div/div/div/div[3]/div[1]/div/div/div/button
2019-09-25 21:58:41,364 - seleniumdriver - INFO - 找到该元素
2019-09-25 21:58:41,408 - seleniumdriver - INFO - 元素双击成功
2019-09-25 21:58:46,408 - savadata - INFO - ['案件名称', '梦雅涉嫌故意杀人案']
2019-09-25 21:58:46,409 - savadata - INFO - ['平台案件编号', 'CE6838E039E34799B64A3A7F4F42E516']
2019-09-25 21:58:46,409 - savadata - INFO - ['平台案件关联编号', 'f8f862fc8464420887ecfee2e9ba09e8']
2019-09-25 21:58:46,409 - savadata - INFO - ['接收单位编号', '3320584']
2019-09-25 21:58:46,411 - savadata - INFO - ['发送单位编号', '2320584']
