2019-09-20 11:12:26,191 - browserdriver - INFO - 当前选择的浏览器为 Chrome 
2019-09-20 11:12:26,191 - browserdriver - INFO - 测试的URL: http://172.23.23.222:7070/zfxtbgxt/form/86595d4a7f9384381526acb302bff724/insert
2019-09-20 11:12:28,713 - browserdriver - INFO - 启动Chrome浏览器
2019-09-20 11:12:31,227 - readconfig - INFO - 操作第2行元素,当前测试对象元素路径：username1
2019-09-20 11:12:31,238 - seleniumdriver - INFO - 找到该元素
2019-09-20 11:12:31,296 - seleniumdriver - INFO - 数据写入成功
2019-09-20 11:12:31,344 - readconfig - INFO - 操作第3行元素,当前测试对象元素路径：password1
2019-09-20 11:12:31,348 - seleniumdriver - INFO - 找到该元素
2019-09-20 11:12:31,423 - seleniumdriver - INFO - 数据写入成功
2019-09-20 11:12:31,486 - readconfig - INFO - 操作第4行元素,当前测试对象元素路径：submit_btn
2019-09-20 11:12:31,500 - seleniumdriver - INFO - 找到该元素
2019-09-20 11:12:31,555 - seleniumdriver - INFO - 元素点击成功
2019-09-20 11:12:32,655 - element-exist - INFO - 找到该元素
2019-09-20 11:12:32,670 - seleniumdriver - INFO - 当前页面的ifram个数为1
2019-09-20 11:12:32,670 - seleniumdriver - INFO - 当前页面iframe有[<selenium.webdriver.remote.webelement.WebElement (session="9bb90db07f792b5bbf727030951adce2", element="0.3714687812350108-2")>]
2019-09-20 11:12:32,732 - readconfig - INFO - 操作第6行元素,当前测试对象元素路径：/html/body/div/div/div[2]/div[3]/span[1]
2019-09-20 11:12:32,742 - seleniumdriver - INFO - 找到该元素
2019-09-20 11:12:34,979 - seleniumdriver - INFO - 元素点击成功
2019-09-20 11:12:34,990 - seleniumdriver - INFO - 当前页面标题为：移诉案件列表
2019-09-20 11:12:34,993 - ys-qlc - INFO - 进入移诉业务成功
2019-09-20 11:12:35,051 - readconfig - INFO - 操作第10行元素,当前测试对象元素路径：jqButton-btn
2019-09-20 11:12:35,062 - seleniumdriver - INFO - 找到该元素
2019-09-20 11:12:35,269 - seleniumdriver - INFO - 元素点击成功
2019-09-20 11:12:35,302 - ys-qlc - INFO - 开始选择案件和嫌疑人
2019-09-20 11:12:35,328 - choosesupects - INFO - 当前页案件数量为5
2019-09-20 11:12:35,329 - choosesupects - INFO - 正在查找第1条案件
2019-09-20 11:12:35,350 - choosesupects - INFO - 当前的案件列表数量为5
2019-09-20 11:12:35,367 - choosesupects - INFO - 双击案件列表，寻找有嫌疑人的案件
2019-09-20 11:12:37,480 - choosesupects - INFO - 正在查找的当前案件的嫌疑人数量为9
2019-09-20 11:12:37,491 - choosesupects - INFO - 当前选择的这个案件有嫌疑人，结束寻找
2019-09-20 11:12:37,540 - choosesupects - INFO - 当前提捕流程选择的嫌疑人姓名： 菡真忆春
2019-09-20 11:12:37,611 - readconfig - INFO - 操作第11行元素,当前测试对象元素路径：/html/body/div[1]/div[3]/div[1]/table/thead/tr/th[1]/div[2]/input
2019-09-20 11:12:37,621 - seleniumdriver - INFO - 找到该元素
2019-09-20 11:12:37,680 - seleniumdriver - INFO - 元素点击成功
2019-09-20 11:12:37,680 - choosesupects - INFO - 勾选成功
2019-09-20 11:12:37,759 - readconfig - INFO - 操作第12行元素,当前测试对象元素路径：/html/body/div[2]/div[1]/button
2019-09-20 11:12:37,771 - seleniumdriver - INFO - 找到该元素
2019-09-20 11:12:37,819 - seleniumdriver - INFO - 元素点击成功
2019-09-20 11:12:37,819 - choosesupects - INFO - 提交成功
2019-09-20 11:12:42,822 - ChooseQzcs - INFO - 开始执行js
2019-09-20 11:12:42,923 - readconfig - INFO - 操作第45行元素,当前测试对象元素路径：/html/body/div[1]/div[1]/div/div/div/div[2]/div/div[4]/div[2]/div/div[1]/table/tbody/tr/td[6]
2019-09-20 11:12:52,984 - seleniumdriver - ERROR - 元素未找到，抛出异常Message: no such element: Unable to locate element: {"method":"xpath","selector":"/html/body/div[1]/div[1]/div/div/div/div[2]/div/div[4]/div[2]/div/div[1]/table/tbody/tr/td[6]"}
  (Session info: chrome=77.0.3865.90)
  (Driver info: chromedriver=2.43.600210 (68dcf5eebde37173d4027fa8635e332711d2874a),platform=Windows NT 6.1.7601 SP1 x86_64)

2019-09-20 11:12:53,424 - seleniumdriver - INFO - 截图成功，图片保存路径为：E:\myclone\errormg\
2019-09-20 11:12:53,435 - seleniumdriver - INFO - js执行失败抛出异常Message: unknown error: Cannot read property 'scrollIntoView' of null
  (Session info: chrome=77.0.3865.90)
  (Driver info: chromedriver=2.43.600210 (68dcf5eebde37173d4027fa8635e332711d2874a),platform=Windows NT 6.1.7601 SP1 x86_64)

2019-09-20 11:12:58,528 - readconfig - INFO - 操作第45行元素,当前测试对象元素路径：/html/body/div[1]/div[1]/div/div/div/div[2]/div/div[4]/div[2]/div/div[1]/table/tbody/tr/td[6]
