2019-09-26 22:01:36,393 - browserdriver - INFO - 当前选择的浏览器为 Chrome 
2019-09-26 22:01:36,393 - browserdriver - INFO - 测试的URL: http://172.23.23.222:7070/zfxtbgxt/form/86595d4a7f9384381526acb302bff724/insert
2019-09-26 22:01:38,950 - browserdriver - INFO - 启动Chrome浏览器
2019-09-26 22:01:40,741 - readconfig - INFO - 操作第2行元素,当前测试对象元素路径：username1
2019-09-26 22:01:40,755 - seleniumdriver - INFO - 找到该元素
2019-09-26 22:01:40,811 - seleniumdriver - INFO - 数据写入成功
2019-09-26 22:01:40,888 - readconfig - INFO - 操作第3行元素,当前测试对象元素路径：password1
2019-09-26 22:01:40,900 - seleniumdriver - INFO - 找到该元素
2019-09-26 22:01:40,968 - seleniumdriver - INFO - 数据写入成功
2019-09-26 22:01:41,046 - readconfig - INFO - 操作第4行元素,当前测试对象元素路径：submit_btn
2019-09-26 22:01:41,059 - seleniumdriver - INFO - 找到该元素
2019-09-26 22:01:41,124 - seleniumdriver - INFO - 元素点击成功
2019-09-26 22:01:42,114 - element-exist - INFO - 找到该元素
2019-09-26 22:01:42,128 - seleniumdriver - INFO - 当前页面的ifram个数为1
2019-09-26 22:01:42,128 - seleniumdriver - INFO - 当前页面iframe有[<selenium.webdriver.remote.webelement.WebElement (session="8556037bd3ff02dd270a9d1df4487d88", element="0.015909643712471944-2")>]
2019-09-26 22:01:42,224 - readconfig - INFO - 操作第5行元素,当前测试对象元素路径：/html/body/div/div/div[2]/div[2]/span[1]
2019-09-26 22:01:42,236 - seleniumdriver - INFO - 找到该元素
2019-09-26 22:01:42,750 - seleniumdriver - INFO - 元素点击成功
2019-09-26 22:01:42,761 - seleniumdriver - INFO - 当前页面标题为：提捕案件列表
2019-09-26 22:01:42,846 - readconfig - INFO - 操作第12行元素,当前测试对象元素路径：jqButton-btn
2019-09-26 22:01:42,860 - seleniumdriver - INFO - 找到该元素
2019-09-26 22:01:43,072 - seleniumdriver - INFO - 元素点击成功
2019-09-26 22:01:43,118 - tb-qlc - INFO - 开始选择案件和嫌疑人
2019-09-26 22:01:43,144 - choosesupects - INFO - 当前页案件数量为5
2019-09-26 22:01:43,144 - choosesupects - INFO - 正在查找第1条案件
2019-09-26 22:01:43,162 - choosesupects - INFO - 当前的案件列表数量为5
2019-09-26 22:01:43,178 - choosesupects - INFO - 双击案件列表，寻找有嫌疑人的案件
2019-09-26 22:01:45,263 - choosesupects - INFO - 正在查找的当前案件的嫌疑人数量为0
2019-09-26 22:01:45,263 - choosesupects - INFO - 正在查找第2条案件
2019-09-26 22:01:45,279 - choosesupects - INFO - 当前的案件列表数量为5
2019-09-26 22:01:45,301 - choosesupects - INFO - 双击案件列表，寻找有嫌疑人的案件
2019-09-26 22:01:47,374 - choosesupects - INFO - 正在查找的当前案件的嫌疑人数量为0
2019-09-26 22:01:47,374 - choosesupects - INFO - 正在查找第3条案件
2019-09-26 22:01:47,389 - choosesupects - INFO - 当前的案件列表数量为5
2019-09-26 22:01:47,408 - choosesupects - INFO - 双击案件列表，寻找有嫌疑人的案件
2019-09-26 22:01:49,478 - choosesupects - INFO - 正在查找的当前案件的嫌疑人数量为0
2019-09-26 22:01:49,478 - choosesupects - INFO - 正在查找第4条案件
2019-09-26 22:01:49,492 - choosesupects - INFO - 当前的案件列表数量为5
2019-09-26 22:01:49,510 - choosesupects - INFO - 双击案件列表，寻找有嫌疑人的案件
2019-09-26 22:01:51,578 - choosesupects - INFO - 正在查找的当前案件的嫌疑人数量为0
2019-09-26 22:01:51,578 - choosesupects - INFO - 正在查找第5条案件
2019-09-26 22:01:51,593 - choosesupects - INFO - 当前的案件列表数量为5
2019-09-26 22:01:51,613 - choosesupects - INFO - 双击案件列表，寻找有嫌疑人的案件
2019-09-26 22:01:53,682 - choosesupects - INFO - 正在查找的当前案件的嫌疑人数量为9
2019-09-26 22:01:53,682 - choosesupects - INFO - 当前选择的这个案件有嫌疑人，结束寻找
2019-09-26 22:01:53,703 - choosesupects - INFO - 当前提捕流程选择的嫌疑人姓名： 凡谷绿
2019-09-26 22:01:53,781 - readconfig - INFO - 操作第26行元素,当前测试对象元素路径：/html/body/div[1]/div[3]/div[1]/table/thead/tr/th[1]/div[2]/input
2019-09-26 22:01:53,794 - seleniumdriver - INFO - 找到该元素
2019-09-26 22:01:53,861 - seleniumdriver - INFO - 元素点击成功
2019-09-26 22:01:53,861 - choosesupects - INFO - 勾选成功
2019-09-26 22:01:53,966 - readconfig - INFO - 操作第27行元素,当前测试对象元素路径：/html/body/div[2]/div[1]/button
2019-09-26 22:01:53,977 - seleniumdriver - INFO - 找到该元素
2019-09-26 22:01:54,042 - seleniumdriver - INFO - 元素点击成功
2019-09-26 22:01:54,042 - choosesupects - INFO - 提交成功
2019-09-26 22:01:54,042 - savadata - INFO - 保存结果到logs/record.txt
2019-09-26 22:01:54,132 - readconfig - INFO - 操作第58行元素,当前测试对象元素路径：jqNumeric5d68d
2019-09-26 22:01:55,462 - seleniumdriver - INFO - 找到该元素
2019-09-26 22:01:55,507 - seleniumdriver - INFO - 数据写入成功
2019-09-26 22:01:55,595 - readconfig - INFO - 操作第59行元素,当前测试对象元素路径：jqInput98ad2
2019-09-26 22:01:55,607 - seleniumdriver - INFO - 找到该元素
2019-09-26 22:01:55,722 - seleniumdriver - INFO - 数据写入成功
2019-09-26 22:01:55,722 - tb-qlc - INFO - 页面字段内容填写结束
2019-09-26 22:01:55,819 - readconfig - INFO - 操作第47行元素,当前测试对象元素路径：//*[@id="viewWrit_tb"]
2019-09-26 22:01:55,832 - seleniumdriver - INFO - 找到该元素
2019-09-26 22:01:55,874 - seleniumdriver - INFO - 元素点击成功
2019-09-26 22:01:58,880 - jzxt - INFO - 开始上传公安文书
2019-09-26 22:01:59,903 - seleniumdriver - INFO - 当前页面标题为：文件管理
2019-09-26 22:02:00,015 - readconfig - INFO - 操作第35行元素,当前测试对象元素路径：//*[@id="jqTreeAreaFiles_ztree_3_span"]
2019-09-26 22:02:00,027 - seleniumdriver - INFO - 找到该元素
2019-09-26 22:02:00,069 - seleniumdriver - INFO - 元素点击成功
2019-09-26 22:02:00,163 - readconfig - INFO - 操作第36行元素,当前测试对象元素路径：jqHtmlAreaUp
2019-09-26 22:02:00,175 - seleniumdriver - INFO - 找到该元素
2019-09-26 22:02:00,899 - seleniumdriver - INFO - 元素点击成功
2019-09-26 22:02:00,916 - seleniumdriver - INFO - 当前页面的ifram个数为3
2019-09-26 22:02:00,916 - seleniumdriver - INFO - 当前页面iframe有[<selenium.webdriver.remote.webelement.WebElement (session="8556037bd3ff02dd270a9d1df4487d88", element="0.6440429272562989-3")>, <selenium.webdriver.remote.webelement.WebElement (session="8556037bd3ff02dd270a9d1df4487d88", element="0.6440429272562989-4")>, <selenium.webdriver.remote.webelement.WebElement (session="8556037bd3ff02dd270a9d1df4487d88", element="0.6440429272562989-5")>]
2019-09-26 22:02:01,029 - readconfig - INFO - 操作第37行元素,当前测试对象元素路径：SWFUpload_0
2019-09-26 22:02:01,041 - seleniumdriver - INFO - 找到该元素
2019-09-26 22:02:01,109 - seleniumdriver - INFO - 元素双击成功
2019-09-26 22:02:01,109 - jzxt - INFO - F://2019-06//autotest//upload.exe chrome F:\2019-06\autotest\起诉意见书.pdf
2019-09-26 22:02:06,320 - readconfig - INFO - 操作第39行元素,当前测试对象元素路径：/html/body/div[6]/div/div[1]
2019-09-26 22:02:06,331 - seleniumdriver - INFO - 找到该元素
2019-09-26 22:02:06,357 - seleniumdriver - INFO - 元素双击成功
2019-09-26 22:02:06,366 - seleniumdriver - INFO - 当前页面的ifram个数为3
2019-09-26 22:02:06,366 - seleniumdriver - INFO - 当前页面iframe有[<selenium.webdriver.remote.webelement.WebElement (session="8556037bd3ff02dd270a9d1df4487d88", element="0.6440429272562989-3")>, <selenium.webdriver.remote.webelement.WebElement (session="8556037bd3ff02dd270a9d1df4487d88", element="0.6440429272562989-4")>, <selenium.webdriver.remote.webelement.WebElement (session="8556037bd3ff02dd270a9d1df4487d88", element="0.6440429272562989-5")>]
2019-09-26 22:02:06,464 - readconfig - INFO - 操作第40行元素,当前测试对象元素路径：jqButton-btn
2019-09-26 22:02:06,477 - seleniumdriver - INFO - 找到该元素
2019-09-26 22:02:06,555 - seleniumdriver - INFO - 元素双击成功
2019-09-26 22:02:16,571 - element-exist - INFO - 找到该元素
2019-09-26 22:02:16,571 - jzxt - INFO - 开始上传卷宗
2019-09-26 22:02:16,577 - seleniumdriver - INFO - 当前页面标题为：文件管理
2019-09-26 22:02:16,668 - readconfig - INFO - 操作第41行元素,当前测试对象元素路径：//*[@id="jqTreeAreaFiles_ztree_6_span"]
2019-09-26 22:02:16,682 - seleniumdriver - INFO - 找到该元素
2019-09-26 22:02:16,729 - seleniumdriver - INFO - 元素点击成功
2019-09-26 22:02:16,850 - readconfig - INFO - 操作第42行元素,当前测试对象元素路径：//*[@id="jqTreeAreaFiles_ztree_6_switch"]
2019-09-26 22:02:16,895 - seleniumdriver - INFO - 找到该元素
2019-09-26 22:02:16,934 - seleniumdriver - INFO - 元素点击成功
2019-09-26 22:02:17,026 - readconfig - INFO - 操作第43行元素,当前测试对象元素路径：//*[@id="jqTreeAreaFiles_ztree_7_span"]
2019-09-26 22:02:17,039 - seleniumdriver - INFO - 找到该元素
2019-09-26 22:02:17,150 - seleniumdriver - INFO - 元素点击成功
2019-09-26 22:02:17,237 - readconfig - INFO - 操作第36行元素,当前测试对象元素路径：jqHtmlAreaUp
2019-09-26 22:02:17,249 - seleniumdriver - INFO - 找到该元素
2019-09-26 22:02:17,520 - seleniumdriver - INFO - 元素双击成功
