2019-09-20 14:01:15,210 - browserdriver - INFO - 当前选择的浏览器为 Chrome 
2019-09-20 14:01:15,210 - browserdriver - INFO - 测试的URL: http://172.23.23.222:7070/zfxtbgxt/form/86595d4a7f9384381526acb302bff724/insert
2019-09-20 14:01:17,878 - browserdriver - INFO - 启动Chrome浏览器
2019-09-20 14:01:20,248 - readconfig - INFO - 操作第2行元素,当前测试对象元素路径：username1
2019-09-20 14:01:20,259 - seleniumdriver - INFO - 找到该元素
2019-09-20 14:01:20,311 - seleniumdriver - INFO - 数据写入成功
2019-09-20 14:01:20,358 - readconfig - INFO - 操作第3行元素,当前测试对象元素路径：password1
2019-09-20 14:01:20,361 - seleniumdriver - INFO - 找到该元素
2019-09-20 14:01:20,435 - seleniumdriver - INFO - 数据写入成功
2019-09-20 14:01:20,483 - readconfig - INFO - 操作第4行元素,当前测试对象元素路径：submit_btn
2019-09-20 14:01:20,495 - seleniumdriver - INFO - 找到该元素
2019-09-20 14:01:20,559 - seleniumdriver - INFO - 元素点击成功
2019-09-20 14:01:21,641 - element-exist - INFO - 找到该元素
2019-09-20 14:01:21,654 - seleniumdriver - INFO - 当前页面的ifram个数为1
2019-09-20 14:01:21,654 - seleniumdriver - INFO - 当前页面iframe有[<selenium.webdriver.remote.webelement.WebElement (session="fb263f101695c9ba381782a16473292f", element="0.9046105618098621-2")>]
2019-09-20 14:01:21,715 - readconfig - INFO - 操作第7行元素,当前测试对象元素路径：/html/body/div/div/div[2]/div[9]/span[1]
2019-09-20 14:01:21,727 - seleniumdriver - INFO - 找到该元素
2019-09-20 14:01:22,167 - seleniumdriver - INFO - 元素点击成功
2019-09-20 14:01:22,172 - seleniumdriver - INFO - 当前页面标题为：延长羁押通知案件列表
2019-09-20 14:01:22,180 - ys-qlc - INFO - 进入延长羁押业务成功
