2019-09-20 16:45:43,243 - browserdriver - INFO - 当前选择的浏览器为 Chrome 
2019-09-20 16:45:43,254 - browserdriver - INFO - 测试的URL: http://172.23.23.222:7070/zfxtbgxt/form/86595d4a7f9384381526acb302bff724/insert
2019-09-20 16:45:45,782 - browserdriver - INFO - 启动Chrome浏览器
2019-09-20 16:45:47,447 - readconfig - INFO - 操作第2行元素,当前测试对象元素路径：username1
2019-09-20 16:45:47,467 - seleniumdriver - INFO - 找到该元素
2019-09-20 16:45:47,523 - seleniumdriver - INFO - 数据写入成功
2019-09-20 16:45:47,584 - readconfig - INFO - 操作第3行元素,当前测试对象元素路径：password1
2019-09-20 16:45:47,591 - seleniumdriver - INFO - 找到该元素
2019-09-20 16:45:47,654 - seleniumdriver - INFO - 数据写入成功
2019-09-20 16:45:47,707 - readconfig - INFO - 操作第4行元素,当前测试对象元素路径：submit_btn
2019-09-20 16:45:47,717 - seleniumdriver - INFO - 找到该元素
2019-09-20 16:45:47,775 - seleniumdriver - INFO - 元素点击成功
2019-09-20 16:45:50,970 - element-exist - INFO - 找到该元素
2019-09-20 16:45:50,983 - seleniumdriver - INFO - 当前页面的ifram个数为1
2019-09-20 16:45:50,983 - seleniumdriver - INFO - 当前页面iframe有[<selenium.webdriver.remote.webelement.WebElement (session="d85e255369e15c50f7b337aed4f32ecf", element="0.05904927047940478-2")>]
2019-09-20 16:45:51,055 - readconfig - INFO - 操作第7行元素,当前测试对象元素路径：/html/body/div/div/div[2]/div[9]/span[1]
2019-09-20 16:45:51,064 - seleniumdriver - INFO - 找到该元素
2019-09-20 16:45:51,750 - seleniumdriver - INFO - 元素点击成功
2019-09-20 16:45:51,756 - seleniumdriver - INFO - 当前页面标题为：延长羁押通知案件列表
2019-09-20 16:45:51,759 - ys-qlc - INFO - 进入延长羁押业务成功
2019-09-20 16:45:51,835 - readconfig - INFO - 操作第11行元素,当前测试对象元素路径：jqButton-btn
2019-09-20 16:45:51,848 - seleniumdriver - INFO - 找到该元素
2019-09-20 16:45:51,880 - seleniumdriver - INFO - 元素点击成功
2019-09-20 16:45:52,032 - ys-qlc - INFO - 开始选择案件和嫌疑人
2019-09-20 16:45:52,057 - choosesupects - INFO - 当前页案件数量为2
2019-09-20 16:45:52,118 - readconfig - INFO - 操作第19行元素,当前测试对象元素路径：/html/body/div[1]/div[1]/table/tbody/tr[1]/td[1]/input
2019-09-20 16:45:52,128 - seleniumdriver - INFO - 找到该元素
2019-09-20 16:45:52,182 - seleniumdriver - INFO - 元素双击成功
2019-09-20 16:45:52,203 - choosesupects - INFO - 当前提捕流程选择的嫌疑人姓名： 成祖裘
2019-09-20 16:45:52,257 - readconfig - INFO - 操作第20行元素,当前测试对象元素路径：jqButtonSave
2019-09-20 16:45:52,269 - seleniumdriver - INFO - 找到该元素
2019-09-20 16:45:52,344 - seleniumdriver - INFO - 元素点击成功
2019-09-20 16:46:00,433 - readconfig - INFO - 操作第64行元素,当前测试对象元素路径：jqInputctar
2019-09-20 16:46:00,454 - seleniumdriver - INFO - 找到该元素
2019-09-20 16:46:00,510 - seleniumdriver - INFO - 数据写入成功
2019-09-20 16:46:00,574 - readconfig - INFO - 操作第65行元素,当前测试对象元素路径：jqDatedyjyksrq
2019-09-20 16:46:00,584 - seleniumdriver - INFO - 找到该元素
2019-09-20 16:46:00,728 - seleniumdriver - INFO - 数据写入成功
2019-09-20 16:46:00,796 - readconfig - INFO - 操作第66行元素,当前测试对象元素路径：jqDatedyjyjzrq
2019-09-20 16:46:00,814 - seleniumdriver - INFO - 找到该元素
2019-09-20 16:46:00,896 - seleniumdriver - INFO - 数据写入成功
2019-09-20 16:46:05,992 - readconfig - INFO - 操作第70行元素,当前测试对象元素路径：viewWrit
2019-09-20 16:46:06,001 - seleniumdriver - INFO - 找到该元素
2019-09-20 16:46:06,041 - seleniumdriver - INFO - 元素点击成功
2019-09-20 16:46:09,056 - jzxt - INFO - 开始上传公安文书
2019-09-20 16:46:10,098 - seleniumdriver - INFO - 当前页面标题为：文件管理
2019-09-20 16:46:10,198 - readconfig - INFO - 操作第22行元素,当前测试对象元素路径：//*[@id="jqTreeAreaFiles_ztree_3_span"]
2019-09-20 16:46:10,207 - seleniumdriver - INFO - 找到该元素
2019-09-20 16:46:10,251 - seleniumdriver - INFO - 元素点击成功
2019-09-20 16:46:10,323 - readconfig - INFO - 操作第23行元素,当前测试对象元素路径：jqHtmlAreaUp
2019-09-20 16:46:10,334 - seleniumdriver - INFO - 找到该元素
2019-09-20 16:46:11,216 - seleniumdriver - INFO - 元素点击成功
2019-09-20 16:46:11,227 - seleniumdriver - INFO - 当前页面的ifram个数为3
2019-09-20 16:46:11,227 - seleniumdriver - INFO - 当前页面iframe有[<selenium.webdriver.remote.webelement.WebElement (session="d85e255369e15c50f7b337aed4f32ecf", element="0.017361177813647544-3")>, <selenium.webdriver.remote.webelement.WebElement (session="d85e255369e15c50f7b337aed4f32ecf", element="0.017361177813647544-4")>, <selenium.webdriver.remote.webelement.WebElement (session="d85e255369e15c50f7b337aed4f32ecf", element="0.017361177813647544-5")>]
2019-09-20 16:46:11,318 - readconfig - INFO - 操作第24行元素,当前测试对象元素路径：//*[@id="SWFUpload_0"]
2019-09-20 16:46:11,323 - seleniumdriver - INFO - 找到该元素
2019-09-20 16:46:11,384 - seleniumdriver - INFO - 元素双击成功
2019-09-20 16:46:16,574 - readconfig - INFO - 操作第26行元素,当前测试对象元素路径：/html/body/div[6]/div/div[1]
2019-09-20 16:46:16,584 - seleniumdriver - INFO - 找到该元素
2019-09-20 16:46:16,614 - seleniumdriver - INFO - 元素双击成功
2019-09-20 16:46:16,618 - seleniumdriver - INFO - 当前页面的ifram个数为3
2019-09-20 16:46:16,619 - seleniumdriver - INFO - 当前页面iframe有[<selenium.webdriver.remote.webelement.WebElement (session="d85e255369e15c50f7b337aed4f32ecf", element="0.017361177813647544-3")>, <selenium.webdriver.remote.webelement.WebElement (session="d85e255369e15c50f7b337aed4f32ecf", element="0.017361177813647544-4")>, <selenium.webdriver.remote.webelement.WebElement (session="d85e255369e15c50f7b337aed4f32ecf", element="0.017361177813647544-5")>]
2019-09-20 16:46:16,694 - readconfig - INFO - 操作第27行元素,当前测试对象元素路径：/html/body/div[2]/form/table/tbody/tr[3]/td/div/table/tbody/tr/td[1]/div/button
2019-09-20 16:46:16,703 - seleniumdriver - INFO - 找到该元素
2019-09-20 16:46:16,767 - seleniumdriver - INFO - 元素双击成功
2019-09-20 16:46:26,856 - readconfig - INFO - 操作第68行元素,当前测试对象元素路径：jqButton-btn
2019-09-20 16:46:36,900 - seleniumdriver - ERROR - 元素未找到，抛出异常Message: no such element: Unable to locate element: {"method":"id","selector":"jqButton-btn"}
  (Session info: chrome=77.0.3865.90)
  (Driver info: chromedriver=2.43.600210 (68dcf5eebde37173d4027fa8635e332711d2874a),platform=Windows NT 6.1.7601 SP1 x86_64)

2019-09-20 16:46:37,265 - seleniumdriver - INFO - 截图成功，图片保存路径为：E:\myclone\errormg\
2019-09-20 16:46:37,265 - seleniumdriver - ERROR - 元素点击失败,异常信息:'NoneType' object has no attribute 'click'
