2019-09-20 16:10:04,691 - browserdriver - INFO - 当前选择的浏览器为 Chrome 
2019-09-20 16:10:04,691 - browserdriver - INFO - 测试的URL: http://172.23.23.222:7070/zfxtbgxt/form/86595d4a7f9384381526acb302bff724/insert
2019-09-20 16:10:07,238 - browserdriver - INFO - 启动Chrome浏览器
2019-09-20 16:10:09,539 - readconfig - INFO - 操作第2行元素,当前测试对象元素路径：username1
2019-09-20 16:10:09,553 - seleniumdriver - INFO - 找到该元素
2019-09-20 16:10:09,611 - seleniumdriver - INFO - 数据写入成功
2019-09-20 16:10:09,683 - readconfig - INFO - 操作第3行元素,当前测试对象元素路径：password1
2019-09-20 16:10:09,696 - seleniumdriver - INFO - 找到该元素
2019-09-20 16:10:09,759 - seleniumdriver - INFO - 数据写入成功
2019-09-20 16:10:09,817 - readconfig - INFO - 操作第4行元素,当前测试对象元素路径：submit_btn
2019-09-20 16:10:09,831 - seleniumdriver - INFO - 找到该元素
2019-09-20 16:10:09,878 - seleniumdriver - INFO - 元素点击成功
2019-09-20 16:10:10,932 - element-exist - INFO - 找到该元素
2019-09-20 16:10:10,944 - seleniumdriver - INFO - 当前页面的ifram个数为1
2019-09-20 16:10:10,944 - seleniumdriver - INFO - 当前页面iframe有[<selenium.webdriver.remote.webelement.WebElement (session="965885d8dbf4367bf7b0747b37b630b6", element="0.9962451116423865-2")>]
2019-09-20 16:10:11,019 - readconfig - INFO - 操作第7行元素,当前测试对象元素路径：/html/body/div/div/div[2]/div[9]/span[1]
2019-09-20 16:10:11,031 - seleniumdriver - INFO - 找到该元素
2019-09-20 16:10:11,447 - seleniumdriver - INFO - 元素点击成功
2019-09-20 16:10:11,455 - seleniumdriver - INFO - 当前页面标题为：延长羁押通知案件列表
2019-09-20 16:10:11,462 - ys-qlc - INFO - 进入延长羁押业务成功
2019-09-20 16:10:11,520 - readconfig - INFO - 操作第11行元素,当前测试对象元素路径：jqButton-btn
2019-09-20 16:10:11,532 - seleniumdriver - INFO - 找到该元素
2019-09-20 16:10:11,567 - seleniumdriver - INFO - 元素点击成功
2019-09-20 16:10:11,726 - ys-qlc - INFO - 开始选择案件和嫌疑人
2019-09-20 16:10:11,747 - choosesupects - INFO - 当前页案件数量为2
2019-09-20 16:10:11,809 - readconfig - INFO - 操作第19行元素,当前测试对象元素路径：/html/body/div[1]/div[1]/table/tbody/tr[1]/td[1]/input
2019-09-20 16:10:11,819 - seleniumdriver - INFO - 找到该元素
2019-09-20 16:10:11,881 - seleniumdriver - INFO - 元素双击成功
2019-09-20 16:10:11,908 - choosesupects - INFO - 当前提捕流程选择的嫌疑人姓名： 成祖裘
2019-09-20 16:10:11,967 - readconfig - INFO - 操作第20行元素,当前测试对象元素路径：jqButtonSave
2019-09-20 16:10:11,979 - seleniumdriver - INFO - 找到该元素
2019-09-20 16:10:12,054 - seleniumdriver - INFO - 元素点击成功
2019-09-20 16:10:20,137 - readconfig - INFO - 操作第64行元素,当前测试对象元素路径：jqInputctar
2019-09-20 16:10:20,152 - seleniumdriver - INFO - 找到该元素
2019-09-20 16:10:20,208 - seleniumdriver - INFO - 数据写入成功
2019-09-20 16:10:20,279 - readconfig - INFO - 操作第65行元素,当前测试对象元素路径：jqDatedyjyksrq
2019-09-20 16:10:20,292 - seleniumdriver - INFO - 找到该元素
2019-09-20 16:10:20,400 - seleniumdriver - INFO - 数据写入成功
