2019-09-20 16:30:17,815 - browserdriver - INFO - 当前选择的浏览器为 Chrome 
2019-09-20 16:30:17,815 - browserdriver - INFO - 测试的URL: http://172.23.23.222:7070/zfxtbgxt/form/86595d4a7f9384381526acb302bff724/insert
2019-09-20 16:30:20,500 - browserdriver - INFO - 启动Chrome浏览器
2019-09-20 16:30:22,029 - readconfig - INFO - 操作第2行元素,当前测试对象元素路径：username1
2019-09-20 16:30:22,039 - seleniumdriver - INFO - 找到该元素
2019-09-20 16:30:22,099 - seleniumdriver - INFO - 数据写入成功
2019-09-20 16:30:22,159 - readconfig - INFO - 操作第3行元素,当前测试对象元素路径：password1
2019-09-20 16:30:22,171 - seleniumdriver - INFO - 找到该元素
2019-09-20 16:30:22,235 - seleniumdriver - INFO - 数据写入成功
2019-09-20 16:30:22,289 - readconfig - INFO - 操作第4行元素,当前测试对象元素路径：submit_btn
2019-09-20 16:30:22,299 - seleniumdriver - INFO - 找到该元素
2019-09-20 16:30:22,430 - seleniumdriver - INFO - 元素点击成功
2019-09-20 16:30:23,671 - element-exist - INFO - 找到该元素
2019-09-20 16:30:23,684 - seleniumdriver - INFO - 当前页面的ifram个数为1
2019-09-20 16:30:23,684 - seleniumdriver - INFO - 当前页面iframe有[<selenium.webdriver.remote.webelement.WebElement (session="3dc5f83c4710a4abb73477681bccf143", element="0.7191970082366623-2")>]
2019-09-20 16:30:23,756 - readconfig - INFO - 操作第7行元素,当前测试对象元素路径：/html/body/div/div/div[2]/div[9]/span[1]
2019-09-20 16:30:23,771 - seleniumdriver - INFO - 找到该元素
2019-09-20 16:30:24,164 - seleniumdriver - INFO - 元素点击成功
2019-09-20 16:30:24,171 - seleniumdriver - INFO - 当前页面标题为：延长羁押通知案件列表
2019-09-20 16:30:24,174 - ys-qlc - INFO - 进入延长羁押业务成功
2019-09-20 16:30:24,239 - readconfig - INFO - 操作第11行元素,当前测试对象元素路径：jqButton-btn
2019-09-20 16:30:24,249 - seleniumdriver - INFO - 找到该元素
2019-09-20 16:30:24,279 - seleniumdriver - INFO - 元素点击成功
2019-09-20 16:30:24,412 - ys-qlc - INFO - 开始选择案件和嫌疑人
2019-09-20 16:30:24,441 - choosesupects - INFO - 当前页案件数量为2
2019-09-20 16:30:24,496 - readconfig - INFO - 操作第19行元素,当前测试对象元素路径：/html/body/div[1]/div[1]/table/tbody/tr[1]/td[1]/input
2019-09-20 16:30:24,505 - seleniumdriver - INFO - 找到该元素
2019-09-20 16:30:24,559 - seleniumdriver - INFO - 元素双击成功
2019-09-20 16:30:24,582 - choosesupects - INFO - 当前提捕流程选择的嫌疑人姓名： 成祖裘
2019-09-20 16:30:24,638 - readconfig - INFO - 操作第20行元素,当前测试对象元素路径：jqButtonSave
2019-09-20 16:30:24,648 - seleniumdriver - INFO - 找到该元素
2019-09-20 16:30:24,720 - seleniumdriver - INFO - 元素点击成功
2019-09-20 16:30:32,815 - readconfig - INFO - 操作第64行元素,当前测试对象元素路径：jqInputctar
2019-09-20 16:30:32,825 - seleniumdriver - INFO - 找到该元素
2019-09-20 16:30:32,887 - seleniumdriver - INFO - 数据写入成功
2019-09-20 16:30:32,948 - readconfig - INFO - 操作第65行元素,当前测试对象元素路径：jqDatedyjyksrq
2019-09-20 16:30:32,959 - seleniumdriver - INFO - 找到该元素
2019-09-20 16:30:33,108 - seleniumdriver - INFO - 数据写入成功
2019-09-20 16:30:33,172 - readconfig - INFO - 操作第66行元素,当前测试对象元素路径：jqDatedyjyjzrq
2019-09-20 16:30:33,183 - seleniumdriver - INFO - 找到该元素
2019-09-20 16:30:33,281 - seleniumdriver - INFO - 数据写入成功
2019-09-20 16:30:38,366 - readconfig - INFO - 操作第69行元素,当前测试对象元素路径：viewWrit
2019-09-20 16:30:38,385 - seleniumdriver - INFO - 找到该元素
2019-09-20 16:30:38,460 - seleniumdriver - INFO - 元素点击成功
2019-09-20 16:30:41,476 - jzxt - INFO - 开始上传公安文书
2019-09-20 16:30:42,515 - seleniumdriver - INFO - 当前页面标题为：文件管理
2019-09-20 16:30:42,606 - readconfig - INFO - 操作第22行元素,当前测试对象元素路径：//*[@id="jqTreeAreaFiles_ztree_3_span"]
2019-09-20 16:30:42,615 - seleniumdriver - INFO - 找到该元素
2019-09-20 16:30:42,655 - seleniumdriver - INFO - 元素点击成功
2019-09-20 16:30:42,723 - readconfig - INFO - 操作第23行元素,当前测试对象元素路径：jqHtmlAreaUp
2019-09-20 16:30:42,733 - seleniumdriver - INFO - 找到该元素
2019-09-20 16:30:44,119 - seleniumdriver - INFO - 元素点击成功
2019-09-20 16:30:44,131 - seleniumdriver - INFO - 当前页面的ifram个数为3
2019-09-20 16:30:44,132 - seleniumdriver - INFO - 当前页面iframe有[<selenium.webdriver.remote.webelement.WebElement (session="3dc5f83c4710a4abb73477681bccf143", element="0.8221115688042249-3")>, <selenium.webdriver.remote.webelement.WebElement (session="3dc5f83c4710a4abb73477681bccf143", element="0.8221115688042249-4")>, <selenium.webdriver.remote.webelement.WebElement (session="3dc5f83c4710a4abb73477681bccf143", element="0.8221115688042249-5")>]
2019-09-20 16:30:44,223 - readconfig - INFO - 操作第24行元素,当前测试对象元素路径：//*[@id="SWFUpload_0"]
2019-09-20 16:30:44,243 - seleniumdriver - INFO - 找到该元素
2019-09-20 16:30:44,302 - seleniumdriver - INFO - 元素双击成功
2019-09-20 16:30:49,558 - readconfig - INFO - 操作第26行元素,当前测试对象元素路径：/html/body/div[6]/div/div[1]
2019-09-20 16:30:49,569 - seleniumdriver - INFO - 找到该元素
2019-09-20 16:30:49,588 - seleniumdriver - INFO - 元素双击成功
2019-09-20 16:30:49,601 - seleniumdriver - INFO - 当前页面的ifram个数为3
2019-09-20 16:30:49,603 - seleniumdriver - INFO - 当前页面iframe有[<selenium.webdriver.remote.webelement.WebElement (session="3dc5f83c4710a4abb73477681bccf143", element="0.8221115688042249-3")>, <selenium.webdriver.remote.webelement.WebElement (session="3dc5f83c4710a4abb73477681bccf143", element="0.8221115688042249-4")>, <selenium.webdriver.remote.webelement.WebElement (session="3dc5f83c4710a4abb73477681bccf143", element="0.8221115688042249-5")>]
2019-09-20 16:30:49,668 - readconfig - INFO - 操作第27行元素,当前测试对象元素路径：/html/body/div[2]/form/table/tbody/tr[3]/td/div/table/tbody/tr/td[1]/div/button
2019-09-20 16:30:49,679 - seleniumdriver - INFO - 找到该元素
2019-09-20 16:30:49,743 - seleniumdriver - INFO - 元素双击成功
2019-09-20 16:30:59,761 - jzxt - INFO - 开始上传卷宗
2019-09-20 16:30:59,772 - seleniumdriver - INFO - 当前页面标题为：文件管理
2019-09-20 16:30:59,862 - readconfig - INFO - 操作第28行元素,当前测试对象元素路径：//*[@id="jqTreeAreaFiles_ztree_6_span"]
2019-09-20 16:31:09,896 - seleniumdriver - ERROR - 元素未找到，抛出异常Message: no such element: Unable to locate element: {"method":"xpath","selector":"//*[@id="jqTreeAreaFiles_ztree_6_span"]"}
  (Session info: chrome=77.0.3865.90)
  (Driver info: chromedriver=2.43.600210 (68dcf5eebde37173d4027fa8635e332711d2874a),platform=Windows NT 6.1.7601 SP1 x86_64)

2019-09-20 16:31:10,291 - seleniumdriver - INFO - 截图成功，图片保存路径为：E:\myclone\errormg\
2019-09-20 16:31:10,300 - seleniumdriver - INFO - 元素双击成功
2019-09-20 16:31:10,366 - readconfig - INFO - 操作第29行元素,当前测试对象元素路径：//*[@id="jqTreeAreaFiles_ztree_6_switch"]
2019-09-20 16:31:20,383 - seleniumdriver - ERROR - 元素未找到，抛出异常Message: no such element: Unable to locate element: {"method":"xpath","selector":"//*[@id="jqTreeAreaFiles_ztree_6_switch"]"}
  (Session info: chrome=77.0.3865.90)
  (Driver info: chromedriver=2.43.600210 (68dcf5eebde37173d4027fa8635e332711d2874a),platform=Windows NT 6.1.7601 SP1 x86_64)

2019-09-20 16:31:20,769 - seleniumdriver - INFO - 截图成功，图片保存路径为：E:\myclone\errormg\
2019-09-20 16:31:20,769 - seleniumdriver - INFO - 元素双击成功
2019-09-20 16:31:20,838 - readconfig - INFO - 操作第30行元素,当前测试对象元素路径：//*[@id="jqTreeAreaFiles_ztree_7_span"]
2019-09-20 16:31:23,604 - seleniumdriver - INFO - 找到该元素
2019-09-20 16:31:23,606 - seleniumdriver - INFO - 元素双击失败,抛出异常Message: no such window: target window already closed
from unknown error: web view not found
  (Session info: chrome=77.0.3865.90)
  (Driver info: chromedriver=2.43.600210 (68dcf5eebde37173d4027fa8635e332711d2874a),platform=Windows NT 6.1.7601 SP1 x86_64)

2019-09-20 16:31:23,699 - readconfig - INFO - 操作第23行元素,当前测试对象元素路径：jqHtmlAreaUp
2019-09-20 16:31:23,699 - seleniumdriver - INFO - 元素双击失败,抛出异常Message: no such window: target window already closed
from unknown error: web view not found
  (Session info: chrome=77.0.3865.90)
  (Driver info: chromedriver=2.43.600210 (68dcf5eebde37173d4027fa8635e332711d2874a),platform=Windows NT 6.1.7601 SP1 x86_64)

