2019-09-26 21:51:33,774 - browserdriver - INFO - 当前选择的浏览器为 Chrome 
2019-09-26 21:51:33,774 - browserdriver - INFO - 测试的URL: http://172.23.23.222:7070/zfxtbgxt/form/86595d4a7f9384381526acb302bff724/insert
2019-09-26 21:51:36,467 - browserdriver - INFO - 启动Chrome浏览器
2019-09-26 21:51:38,174 - readconfig - INFO - 操作第2行元素,当前测试对象元素路径：username1
2019-09-26 21:51:38,187 - seleniumdriver - INFO - 找到该元素
2019-09-26 21:51:38,254 - seleniumdriver - INFO - 数据写入成功
2019-09-26 21:51:38,334 - readconfig - INFO - 操作第3行元素,当前测试对象元素路径：password1
2019-09-26 21:51:38,346 - seleniumdriver - INFO - 找到该元素
2019-09-26 21:51:38,416 - seleniumdriver - INFO - 数据写入成功
2019-09-26 21:51:38,494 - readconfig - INFO - 操作第4行元素,当前测试对象元素路径：submit_btn
2019-09-26 21:51:38,505 - seleniumdriver - INFO - 找到该元素
2019-09-26 21:51:38,562 - seleniumdriver - INFO - 元素点击成功
2019-09-26 21:51:39,462 - element-exist - INFO - 找到该元素
2019-09-26 21:51:39,473 - seleniumdriver - INFO - 当前页面的ifram个数为1
2019-09-26 21:51:39,473 - seleniumdriver - INFO - 当前页面iframe有[<selenium.webdriver.remote.webelement.WebElement (session="ed83d1ff9b87b03654086577e9160980", element="0.030838963453817092-2")>]
2019-09-26 21:51:39,565 - readconfig - INFO - 操作第9行元素,当前测试对象元素路径：/html/body/div/div/div[2]/div[4]/span[1]
2019-09-26 21:51:39,575 - seleniumdriver - INFO - 找到该元素
2019-09-26 21:51:40,937 - seleniumdriver - INFO - 元素点击成功
2019-09-26 21:51:40,945 - seleniumdriver - INFO - 当前页面标题为：延长羁押通知案件列表
2019-09-26 21:51:40,951 - savadata - INFO - ['嫌疑人姓名', '成祖裘']
2019-09-26 21:51:40,951 - savadata - INFO - ['案件名称', '公诉同步信息测试案件88511']
2019-09-26 21:51:40,951 - savadata - INFO - ['平台案件编号', '216B89C691E328331C04219E1417F509']
2019-09-26 21:51:40,951 - savadata - INFO - ['平台案件关联编号', 'de6d12e2e4f3417a87c678059ac37479']
2019-09-26 21:51:40,951 - savadata - INFO - ['接收单位编号', '23205001303']
2019-09-26 21:51:40,951 - savadata - INFO - ['发送单位编号', '2320584']
2019-09-26 21:51:41,037 - readconfig - INFO - 操作第22行元素,当前测试对象元素路径：jqInput56b3a
2019-09-26 21:51:41,049 - seleniumdriver - INFO - 找到该元素
2019-09-26 21:51:41,094 - seleniumdriver - INFO - 数据写入成功
2019-09-26 21:51:41,184 - readconfig - INFO - 操作第23行元素,当前测试对象元素路径：jqButtondCX
2019-09-26 21:51:41,198 - seleniumdriver - INFO - 找到该元素
2019-09-26 21:51:41,248 - seleniumdriver - INFO - 元素点击成功
