2019-09-25 14:28:19,622 - browserdriver - INFO - 当前选择的浏览器为 Chrome 
2019-09-25 14:28:19,622 - browserdriver - INFO - 测试的URL: http://172.23.23.222:7070/zfxtbgxt/form/86595d4a7f9384381526acb302bff724/insert
2019-09-25 14:28:22,144 - browserdriver - INFO - 启动Chrome浏览器
2019-09-25 14:28:24,118 - readconfig - INFO - 操作第2行元素,当前测试对象元素路径：username1
2019-09-25 14:28:24,134 - seleniumdriver - INFO - 找到该元素
2019-09-25 14:28:24,227 - seleniumdriver - INFO - 数据写入成功
2019-09-25 14:28:24,304 - readconfig - INFO - 操作第3行元素,当前测试对象元素路径：password1
2019-09-25 14:28:24,315 - seleniumdriver - INFO - 找到该元素
2019-09-25 14:28:24,378 - seleniumdriver - INFO - 数据写入成功
2019-09-25 14:28:24,446 - readconfig - INFO - 操作第4行元素,当前测试对象元素路径：submit_btn
2019-09-25 14:28:24,459 - seleniumdriver - INFO - 找到该元素
2019-09-25 14:28:24,503 - seleniumdriver - INFO - 元素点击成功
2019-09-25 14:28:25,542 - element-exist - INFO - 找到该元素
2019-09-25 14:28:25,553 - seleniumdriver - INFO - 当前页面的ifram个数为1
2019-09-25 14:28:25,555 - seleniumdriver - INFO - 当前页面iframe有[<selenium.webdriver.remote.webelement.WebElement (session="c966a8b75a25c61c2fa0109693f5ed72", element="0.3282743453058887-2")>]
2019-09-25 14:28:25,641 - readconfig - INFO - 操作第5行元素,当前测试对象元素路径：/html/body/div/div/div[2]/div[2]/span[1]
2019-09-25 14:28:25,652 - seleniumdriver - INFO - 找到该元素
2019-09-25 14:28:26,253 - seleniumdriver - INFO - 元素点击成功
2019-09-25 14:28:26,259 - seleniumdriver - INFO - 当前页面标题为：提捕案件列表
2019-09-25 14:28:26,263 - tb-qlc - INFO - 进入提捕业务成功
2019-09-25 14:28:26,334 - readconfig - INFO - 操作第11行元素,当前测试对象元素路径：jqButton-btn
2019-09-25 14:28:26,345 - seleniumdriver - INFO - 找到该元素
2019-09-25 14:28:26,748 - seleniumdriver - INFO - 元素点击成功
2019-09-25 14:28:26,787 - tb-qlc - INFO - 开始选择案件和嫌疑人
2019-09-25 14:28:26,807 - choosesupects - INFO - 当前页案件数量为5
2019-09-25 14:28:26,807 - choosesupects - INFO - 正在查找第1条案件
2019-09-25 14:28:26,822 - choosesupects - INFO - 当前的案件列表数量为5
2019-09-25 14:28:26,838 - choosesupects - INFO - 双击案件列表，寻找有嫌疑人的案件
2019-09-25 14:28:28,913 - choosesupects - INFO - 正在查找的当前案件的嫌疑人数量为0
2019-09-25 14:28:28,913 - choosesupects - INFO - 正在查找第2条案件
2019-09-25 14:28:28,930 - choosesupects - INFO - 当前的案件列表数量为5
2019-09-25 14:28:28,950 - choosesupects - INFO - 双击案件列表，寻找有嫌疑人的案件
2019-09-25 14:28:31,014 - choosesupects - INFO - 正在查找的当前案件的嫌疑人数量为0
2019-09-25 14:28:31,014 - choosesupects - INFO - 正在查找第3条案件
2019-09-25 14:28:31,030 - choosesupects - INFO - 当前的案件列表数量为5
2019-09-25 14:28:31,049 - choosesupects - INFO - 双击案件列表，寻找有嫌疑人的案件
2019-09-25 14:28:33,116 - choosesupects - INFO - 正在查找的当前案件的嫌疑人数量为9
2019-09-25 14:28:33,116 - choosesupects - INFO - 当前选择的这个案件有嫌疑人，结束寻找
2019-09-25 14:28:33,139 - choosesupects - INFO - 当前提捕流程选择的嫌疑人姓名： 筠幼蕾
2019-09-25 14:28:33,201 - readconfig - INFO - 操作第16行元素,当前测试对象元素路径：/html/body/div[1]/div[3]/div[1]/table/thead/tr/th[1]/div[2]/input
2019-09-25 14:28:33,214 - seleniumdriver - INFO - 找到该元素
2019-09-25 14:28:33,276 - seleniumdriver - INFO - 元素点击成功
2019-09-25 14:28:33,276 - choosesupects - INFO - 勾选成功
2019-09-25 14:28:33,367 - readconfig - INFO - 操作第17行元素,当前测试对象元素路径：/html/body/div[2]/div[1]/button
2019-09-25 14:28:33,376 - seleniumdriver - INFO - 找到该元素
2019-09-25 14:28:33,439 - seleniumdriver - INFO - 元素点击成功
2019-09-25 14:28:33,439 - choosesupects - INFO - 提交成功
2019-09-25 14:28:33,516 - readconfig - INFO - 操作第48行元素,当前测试对象元素路径：jqNumeric5d68d
2019-09-25 14:28:34,684 - seleniumdriver - INFO - 找到该元素
2019-09-25 14:28:34,728 - seleniumdriver - INFO - 数据写入成功
2019-09-25 14:28:34,809 - readconfig - INFO - 操作第49行元素,当前测试对象元素路径：jqInput98ad2
2019-09-25 14:28:34,819 - seleniumdriver - INFO - 找到该元素
2019-09-25 14:28:34,927 - seleniumdriver - INFO - 数据写入成功
2019-09-25 14:28:34,927 - tb-qlc - INFO - 页面字段内容填写结束
2019-09-25 14:28:35,003 - readconfig - INFO - 操作第37行元素,当前测试对象元素路径：//*[@id="viewWrit_tb"]
2019-09-25 14:28:35,015 - seleniumdriver - INFO - 找到该元素
2019-09-25 14:28:35,059 - seleniumdriver - INFO - 元素点击成功
2019-09-25 14:28:38,069 - jzxt - INFO - 开始上传公安文书
2019-09-25 14:28:39,118 - seleniumdriver - INFO - 当前页面标题为：文件管理
2019-09-25 14:28:39,220 - readconfig - INFO - 操作第25行元素,当前测试对象元素路径：//*[@id="jqTreeAreaFiles_ztree_3_span"]
2019-09-25 14:28:39,233 - seleniumdriver - INFO - 找到该元素
2019-09-25 14:28:39,275 - seleniumdriver - INFO - 元素点击成功
2019-09-25 14:28:39,363 - readconfig - INFO - 操作第26行元素,当前测试对象元素路径：jqHtmlAreaUp
2019-09-25 14:28:39,374 - seleniumdriver - INFO - 找到该元素
2019-09-25 14:28:40,323 - seleniumdriver - INFO - 元素点击成功
2019-09-25 14:28:40,332 - seleniumdriver - INFO - 当前页面的ifram个数为3
2019-09-25 14:28:40,332 - seleniumdriver - INFO - 当前页面iframe有[<selenium.webdriver.remote.webelement.WebElement (session="c966a8b75a25c61c2fa0109693f5ed72", element="0.6751867987148377-3")>, <selenium.webdriver.remote.webelement.WebElement (session="c966a8b75a25c61c2fa0109693f5ed72", element="0.6751867987148377-4")>, <selenium.webdriver.remote.webelement.WebElement (session="c966a8b75a25c61c2fa0109693f5ed72", element="0.6751867987148377-5")>]
2019-09-25 14:28:40,424 - readconfig - INFO - 操作第27行元素,当前测试对象元素路径：//*[@id="SWFUpload_0"]
2019-09-25 14:28:40,437 - seleniumdriver - INFO - 找到该元素
2019-09-25 14:28:40,493 - seleniumdriver - INFO - 元素双击成功
2019-09-25 14:28:40,493 - jzxt - INFO - F://2019-06//autotest//upload.exe chrome F:\2019-06\autotest\起诉意见书.pdf
2019-09-25 14:28:45,736 - readconfig - INFO - 操作第29行元素,当前测试对象元素路径：/html/body/div[6]/div/div[1]
2019-09-25 14:28:45,748 - seleniumdriver - INFO - 找到该元素
2019-09-25 14:28:45,774 - seleniumdriver - INFO - 元素双击成功
2019-09-25 14:28:45,779 - seleniumdriver - INFO - 当前页面的ifram个数为3
2019-09-25 14:28:45,779 - seleniumdriver - INFO - 当前页面iframe有[<selenium.webdriver.remote.webelement.WebElement (session="c966a8b75a25c61c2fa0109693f5ed72", element="0.6751867987148377-3")>, <selenium.webdriver.remote.webelement.WebElement (session="c966a8b75a25c61c2fa0109693f5ed72", element="0.6751867987148377-4")>, <selenium.webdriver.remote.webelement.WebElement (session="c966a8b75a25c61c2fa0109693f5ed72", element="0.6751867987148377-5")>]
2019-09-25 14:28:45,863 - readconfig - INFO - 操作第30行元素,当前测试对象元素路径：jqButton-btn
2019-09-25 14:28:45,873 - seleniumdriver - INFO - 找到该元素
2019-09-25 14:28:45,935 - seleniumdriver - INFO - 元素双击成功
2019-09-25 14:28:55,944 - jzxt - INFO - 开始上传卷宗
2019-09-25 14:28:55,959 - seleniumdriver - INFO - 当前页面标题为：文件管理
2019-09-25 14:28:56,121 - readconfig - INFO - 操作第31行元素,当前测试对象元素路径：//*[@id="jqTreeAreaFiles_ztree_6_span"]
2019-09-25 14:28:56,134 - seleniumdriver - INFO - 找到该元素
2019-09-25 14:28:56,176 - seleniumdriver - INFO - 元素双击成功
2019-09-25 14:28:56,275 - readconfig - INFO - 操作第32行元素,当前测试对象元素路径：//*[@id="jqTreeAreaFiles_ztree_6_switch"]
2019-09-25 14:28:56,291 - seleniumdriver - INFO - 找到该元素
2019-09-25 14:28:56,323 - seleniumdriver - INFO - 元素双击成功
2019-09-25 14:28:56,400 - readconfig - INFO - 操作第33行元素,当前测试对象元素路径：//*[@id="jqTreeAreaFiles_ztree_7_span"]
2019-09-25 14:28:56,409 - seleniumdriver - INFO - 找到该元素
2019-09-25 14:28:56,444 - seleniumdriver - INFO - 元素双击成功
2019-09-25 14:28:56,532 - readconfig - INFO - 操作第26行元素,当前测试对象元素路径：jqHtmlAreaUp
2019-09-25 14:28:56,545 - seleniumdriver - INFO - 找到该元素
2019-09-25 14:28:56,740 - seleniumdriver - INFO - 元素双击成功
2019-09-25 14:28:56,756 - seleniumdriver - INFO - 当前页面的ifram个数为3
2019-09-25 14:28:56,756 - seleniumdriver - INFO - 当前页面iframe有[<selenium.webdriver.remote.webelement.WebElement (session="c966a8b75a25c61c2fa0109693f5ed72", element="0.6751867987148377-3")>, <selenium.webdriver.remote.webelement.WebElement (session="c966a8b75a25c61c2fa0109693f5ed72", element="0.6751867987148377-4")>, <selenium.webdriver.remote.webelement.WebElement (session="c966a8b75a25c61c2fa0109693f5ed72", element="0.6751867987148377-5")>]
2019-09-25 14:28:56,857 - readconfig - INFO - 操作第27行元素,当前测试对象元素路径：//*[@id="SWFUpload_0"]
2019-09-25 14:28:56,870 - seleniumdriver - INFO - 找到该元素
2019-09-25 14:28:56,927 - seleniumdriver - INFO - 元素双击成功
2019-09-25 14:29:02,025 - readconfig - INFO - 操作第34行元素,当前测试对象元素路径：//*[@id="jqButtonOk"]/button
2019-09-25 14:29:02,039 - seleniumdriver - INFO - 找到该元素
2019-09-25 14:29:02,115 - seleniumdriver - INFO - 元素双击成功
2019-09-25 14:29:07,249 - readconfig - INFO - 操作第39行元素,当前测试对象元素路径：/html/body/div[1]/div[1]/div/div/div/div[2]/div/div[4]/div/div[2]/div/div[1]/table/tbody/tr/td[5]
2019-09-25 14:29:07,263 - seleniumdriver - INFO - 找到该元素
2019-09-25 14:29:07,289 - seleniumdriver - INFO - 元素双击成功
2019-09-25 14:29:07,368 - readconfig - INFO - 操作第40行元素,当前测试对象元素路径：[class='jqColumnEditor jqColumnEditor-default']
2019-09-25 14:29:07,380 - seleniumdriver - INFO - 找到该元素
2019-09-25 14:29:07,437 - seleniumdriver - INFO - 元素双击成功
2019-09-25 14:29:07,519 - readconfig - INFO - 操作第41行元素,当前测试对象元素路径：//*[@id="jqSelectListcfe6b"]
2019-09-25 14:29:07,532 - seleniumdriver - INFO - 找到该元素
2019-09-25 14:29:07,631 - seleniumdriver - INFO - 元素双击成功
2019-09-25 14:29:07,710 - readconfig - INFO - 操作第42行元素,当前测试对象元素路径：/html/body/div[10]/div/div[1]
2019-09-25 14:29:07,724 - seleniumdriver - INFO - 找到该元素
2019-09-25 14:29:07,745 - seleniumdriver - INFO - 元素双击成功
2019-09-25 14:29:07,823 - readconfig - INFO - 操作第43行元素,当前测试对象元素路径：/html/body/div[9]/div[1]/div[3]/button[1]
2019-09-25 14:29:07,835 - seleniumdriver - INFO - 找到该元素
2019-09-25 14:29:07,856 - seleniumdriver - INFO - 元素双击成功
2019-09-25 14:29:07,937 - readconfig - INFO - 操作第44行元素,当前测试对象元素路径：/html/body/div[1]/div[1]/div/div/div/div[3]/div[2]/div/button
2019-09-25 14:29:07,948 - seleniumdriver - INFO - 找到该元素
2019-09-25 14:29:07,979 - seleniumdriver - INFO - 元素双击成功
2019-09-25 14:29:09,995 - get-ajid - INFO - 获取到的ajid为:14341FA6A1B345F780BE5BE9B56E6A51
2019-09-25 14:29:09,996 - savadata - INFO - 保存结果到logs/record.txt
2019-09-25 14:29:09,996 - savadata - INFO - ['案件名称', '寒宛涉嫌故意杀人案']
2019-09-25 14:29:09,996 - savadata - INFO - ['平台案件编号', 'C61A5CB9565B4E52870A376D9ABF6021']
2019-09-25 14:29:09,998 - savadata - INFO - ['平台案件关联编号', '7dd898f2bdc341b88e28f15a5a88f3ad']
2019-09-25 14:29:09,998 - savadata - INFO - ['接收单位编号', '3320584']
2019-09-25 14:29:09,998 - savadata - INFO - ['发送单位编号', '2320584']
2019-09-25 14:29:09,998 - savadata - INFO - ['嫌疑人姓名', '寒宛']
2019-09-25 14:29:09,999 - savadata - INFO - ['处理结果', '1']
2019-09-25 14:29:09,999 - savadata - INFO - ['文件显示名称', '\\批准逮捕决定书(寒宛).pdf']
2019-09-25 14:29:09,999 - savadata - INFO - ['文件路径', '\\ws\\批准逮捕决定书(寒宛).pdf']
2019-09-25 14:29:09,999 - savadata - INFO - ['ajid', '14341FA6A1B345F780BE5BE9B56E6A51']
2019-09-25 14:29:10,000 - read-db-config - INFO - E:\myclone/config/config.ini
2019-09-25 14:29:10,001 - database - INFO - 链接数据库172.23.23.222
2019-09-25 14:29:10,013 - database - INFO - update数据的sql为update db_jz.t_jzgl_wj set n_yqz =1 WHERE c_ywid='14341FA6A1B345F780BE5BE9B56E6A51' and c_store_path is not null
2019-09-25 14:29:10,015 - database - INFO - commit成功
2019-09-25 14:29:10,118 - readconfig - INFO - 操作第45行元素,当前测试对象元素路径：/html/body/div[1]/div[1]/div/div/div/div[3]/div[1]/div/div/div/button
2019-09-25 14:29:10,131 - seleniumdriver - INFO - 找到该元素
2019-09-25 14:29:10,174 - seleniumdriver - INFO - 元素双击成功
2019-09-25 14:29:15,174 - savadata - INFO - ['案件名称', '寒宛涉嫌故意杀人案']
2019-09-25 14:29:15,176 - savadata - INFO - ['平台案件编号', 'C61A5CB9565B4E52870A376D9ABF6021']
2019-09-25 14:29:15,176 - savadata - INFO - ['平台案件关联编号', '7dd898f2bdc341b88e28f15a5a88f3ad']
2019-09-25 14:29:15,176 - savadata - INFO - ['接收单位编号', '3320584']
2019-09-25 14:29:15,176 - savadata - INFO - ['发送单位编号', '2320584']
2019-09-25 14:29:15,176 - savadata - INFO - ['嫌疑人姓名', '寒宛']
2019-09-25 14:29:15,177 - savadata - INFO - ['处理结果', '1']
2019-09-25 14:29:15,177 - savadata - INFO - ['文件显示名称', '\\批准逮捕决定书(寒宛).pdf']
2019-09-25 14:29:15,177 - savadata - INFO - ['文件路径', '\\ws\\批准逮捕决定书(寒宛).pdf']
2019-09-25 14:29:15,177 - savadata - INFO - ['ajid', '14341FA6A1B345F780BE5BE9B56E6A51']
2019-09-25 14:29:15,177 - savadata - INFO - 保存结果到logs/ajid.txt
2019-09-25 14:29:15,179 - read-db-config - INFO - E:\myclone/config/config.ini
2019-09-25 14:29:15,180 - database - INFO - 链接数据库172.23.23.222
2019-09-25 14:29:15,190 - database - INFO - 获取表头为:c_ajmc
2019-09-25 14:29:15,190 - database - INFO - 获取第1个数据值为:筠幼蕾涉嫌故意杀人案
2019-09-25 14:29:15,190 - savadata - INFO - 保存结果到logs/record.txt
2019-09-25 14:29:15,192 - savadata - INFO - 保存结果到logs/record.txt
2019-09-25 14:29:15,192 - database - INFO - 链接数据库172.23.23.222
2019-09-25 14:29:15,211 - database - INFO - 获取表头为:c_jcajid
2019-09-25 14:29:15,212 - database - INFO - 获取第1个数据值为:448309c7f742417784dd4b93091e4e26
2019-09-25 14:29:15,212 - savadata - INFO - 保存结果到logs/record.txt
2019-09-25 14:29:15,215 - database - INFO - 链接数据库172.23.23.222
2019-09-25 14:29:15,233 - database - INFO - 获取表头为:alise_js
2019-09-25 14:29:15,233 - database - INFO - 获取第1个数据值为:3320584
2019-09-25 14:29:15,235 - savadata - INFO - 保存结果到logs/record.txt
2019-09-25 14:29:15,236 - database - INFO - 链接数据库172.23.23.222
2019-09-25 14:29:15,254 - database - INFO - 获取表头为:alise_fs
2019-09-25 14:29:15,254 - database - INFO - 获取第1个数据值为:2320584
2019-09-25 14:29:15,254 - savadata - INFO - 保存结果到logs/record.txt
2019-09-25 14:29:17,867 - read-db-config - INFO - E:\myclone/config/config.ini
2019-09-25 14:29:17,868 - savadata - INFO - ['案件名称', '筠幼蕾涉嫌故意杀人案']
2019-09-25 14:29:17,870 - savadata - INFO - ['平台案件编号', '14341FA6A1B345F780BE5BE9B56E6A51']
2019-09-25 14:29:17,870 - savadata - INFO - ['平台案件关联编号', '448309c7f742417784dd4b93091e4e26']
2019-09-25 14:29:17,870 - savadata - INFO - ['接收单位编号', '3320584']
2019-09-25 14:29:17,870 - savadata - INFO - ['发送单位编号', '2320584']
2019-09-25 14:29:17,871 - database - INFO - 链接数据库172.23.23.222
2019-09-25 14:29:17,888 - database - INFO - 获取表头为:n_tbxtzt
2019-09-25 14:29:17,889 - database - INFO - 获取第1个数据值为:102
2019-09-25 14:29:17,889 - checkdatatest-102 - INFO - 查询到的协同状态：102
2019-09-25 14:29:17,889 - checkdatatest-102 - INFO - 协同状态对比成功，当前协同状态102
2019-09-25 14:29:17,891 - repleace-file - INFO - 找到record.txt文件中记录的节点名称
2019-09-25 14:29:17,891 - repleace-file - INFO - 找到record.txt文件中需要替换的节点内容
2019-09-25 14:29:17,891 - repleace-file - INFO - 找到record.txt文件中记录的节点名称
2019-09-25 14:29:17,891 - repleace-file - INFO - 需要替换的节点为['案件名称', '平台案件编号', '平台案件关联编号', '接收单位编号', '发送单位编号']
2019-09-25 14:29:17,892 - repleace-file - INFO - 找到record.txt文件中需要替换的节点内容
2019-09-25 14:29:17,892 - repleace-file - INFO - 需要替换成['筠幼蕾涉嫌故意杀人案', '14341FA6A1B345F780BE5BE9B56E6A51', '448309c7f742417784dd4b93091e4e26', '3320584', '2320584']
2019-09-25 14:29:17,892 - repleace-file - INFO - 找到ajxx.xml的路径
2019-09-25 14:29:17,894 - read-config - INFO - E:\myclone/config/config.ini
2019-09-25 14:29:17,899 - repleace-file - INFO - 开始替换内容
2019-09-25 14:29:17,902 - repleace-file - INFO - 文件内容替换结束
2019-09-25 14:29:17,902 - read-config - INFO - E:\myclone/config/config.ini
2019-09-25 14:29:17,904 - zipallfile - INFO - F:\file\104.zip
2019-09-25 14:29:17,911 - zipallfile - INFO - 文件压缩成功
2019-09-25 14:29:17,911 - read-config - INFO - E:\myclone/config/config.ini
2019-09-25 14:29:17,912 - encryption - INFO - F:\file\104.zip
2019-09-25 14:29:17,912 - encryption - INFO - 压缩包存在，开始加密
2019-09-25 14:29:18,046 - encryption - INFO - 压缩包名称104.zip
2019-09-25 14:29:18,046 - encryption - INFO - 压缩包路径F:\file
2019-09-25 14:29:18,529 - encryption - INFO - 加密成功
2019-09-25 14:29:18,529 - encryption - INFO - 加密后文件存放路径：F:\file\./after_jiami
2019-09-25 14:29:18,531 - read-config - INFO - E:\myclone/config/config.ini
2019-09-25 14:29:18,532 - read-config - INFO - E:\myclone/config/config.ini
2019-09-25 14:29:18,532 - putonserver - INFO - 本地文件路径F:\file\after_jiami\104.zip
2019-09-25 14:29:18,532 - putonserver - INFO - ftp服务器路径/home/ftp/jcy/104.zip
2019-09-25 14:29:19,007 - putonserver - INFO - 连接服务器172.23.23.220成功，开始上传压缩包
2019-09-25 14:29:19,056 - putonserver - INFO - 上传到服务器成功
2019-09-25 14:29:24,067 - callinterface - INFO - ftp文件地址:/jcy/104.zip
2019-09-25 14:29:24,067 - callinterface - INFO - 流程:104
2019-09-25 14:29:24,068 - callinterface - INFO - 接口地址:http://172.23.23.220:8092/ebcp/api/sendMessage?systemid=zfpt&timestamp=20180925&authcode=612a61ac1a43a06f01201b33154eef23
2019-09-25 14:29:24,068 - callinterface - INFO - 开始调用接口，获取接口参数
2019-09-25 14:29:24,068 - callinterface - INFO - 平台案件编号为14341FA6A1B345F780BE5BE9B56E6A51
2019-09-25 14:29:24,069 - callinterface - INFO - 平台案件关联编号为448309c7f742417784dd4b93091e4e26
2019-09-25 14:29:24,069 - callinterface - INFO - 接收单位编号为3320584
2019-09-25 14:29:24,069 - callinterface - INFO - 发送单位编号为2320584
2019-09-25 14:29:24,069 - callinterface - INFO - {"taskId": "d0dda510df5d11e9a677005056c00008", "ptajbh": "14341FA6A1B345F780BE5BE9B56E6A51", "ptajglbh": "448309c7f742417784dd4b93091e4e26", "fsdw": "3320584", "jsdw": "2320584", "qqsj": "2018-10-04 17:30:00", "xtbh": 104, "md5": "86890ddb5eb501f66a3f7c7d3fa6caa5", "path": "/jcy/104.zip"}
2019-09-25 14:30:04,119 - read-db-config - INFO - E:\myclone/config/config.ini
2019-09-25 14:30:04,121 - savadata - INFO - ['案件名称', '筠幼蕾涉嫌故意杀人案']
2019-09-25 14:30:04,123 - savadata - INFO - ['平台案件编号', '14341FA6A1B345F780BE5BE9B56E6A51']
2019-09-25 14:30:04,123 - savadata - INFO - ['平台案件关联编号', '448309c7f742417784dd4b93091e4e26']
2019-09-25 14:30:04,123 - savadata - INFO - ['接收单位编号', '3320584']
2019-09-25 14:30:04,124 - savadata - INFO - ['发送单位编号', '2320584']
2019-09-25 14:30:04,124 - database - INFO - 链接数据库172.23.23.222
2019-09-25 14:30:04,143 - database - INFO - 获取表头为:n_tbxtzt
2019-09-25 14:30:04,143 - database - INFO - 获取第1个数据值为:104
2019-09-25 14:30:04,144 - interface-104 - INFO - 查询到的协同状态：104
