2019-09-20 14:05:01,248 - browserdriver - INFO - 当前选择的浏览器为 Chrome 
2019-09-20 14:05:01,248 - browserdriver - INFO - 测试的URL: http://172.23.23.222:7070/zfxtbgxt/form/86595d4a7f9384381526acb302bff724/insert
2019-09-20 14:05:03,816 - browserdriver - INFO - 启动Chrome浏览器
2019-09-20 14:05:20,065 - readconfig - INFO - 操作第2行元素,当前测试对象元素路径：username1
2019-09-20 14:05:22,411 - seleniumdriver - INFO - 找到该元素
2019-09-20 14:05:22,470 - seleniumdriver - INFO - 数据写入成功
2019-09-20 14:05:27,883 - readconfig - INFO - 操作第3行元素,当前测试对象元素路径：password1
2019-09-20 14:05:29,542 - seleniumdriver - INFO - 找到该元素
2019-09-20 14:05:29,635 - seleniumdriver - INFO - 数据写入成功
2019-09-20 14:05:35,704 - readconfig - INFO - 操作第4行元素,当前测试对象元素路径：submit_btn
2019-09-20 14:05:37,464 - seleniumdriver - INFO - 找到该元素
2019-09-20 14:05:37,564 - seleniumdriver - INFO - 元素点击成功
2019-09-20 14:05:38,800 - element-exist - INFO - 找到该元素
2019-09-20 14:05:42,259 - seleniumdriver - INFO - 当前页面的ifram个数为1
2019-09-20 14:05:42,259 - seleniumdriver - INFO - 当前页面iframe有[<selenium.webdriver.remote.webelement.WebElement (session="b5669e287ef76ec377aa84d98ad496dc", element="0.4621174672976902-2")>]
2019-09-20 14:06:01,585 - readconfig - INFO - 操作第7行元素,当前测试对象元素路径：/html/body/div/div/div[2]/div[9]/span[1]
2019-09-20 14:06:03,987 - seleniumdriver - INFO - 找到该元素
2019-09-20 14:06:04,503 - seleniumdriver - INFO - 元素点击成功
2019-09-20 14:06:23,640 - seleniumdriver - INFO - 当前页面标题为：延长羁押通知案件列表
2019-09-20 14:06:23,660 - ys-qlc - INFO - 进入延长羁押业务成功
