2019-09-20 14:03:55,127 - browserdriver - INFO - 当前选择的浏览器为 Chrome 
2019-09-20 14:03:55,127 - browserdriver - INFO - 测试的URL: http://172.23.23.222:7070/zfxtbgxt/form/86595d4a7f9384381526acb302bff724/insert
2019-09-20 14:03:57,696 - browserdriver - INFO - 启动Chrome浏览器
2019-09-20 14:03:59,408 - readconfig - INFO - 操作第2行元素,当前测试对象元素路径：username1
2019-09-20 14:03:59,419 - seleniumdriver - INFO - 找到该元素
2019-09-20 14:03:59,476 - seleniumdriver - INFO - 数据写入成功
2019-09-20 14:03:59,524 - readconfig - INFO - 操作第3行元素,当前测试对象元素路径：password1
2019-09-20 14:03:59,529 - seleniumdriver - INFO - 找到该元素
2019-09-20 14:03:59,599 - seleniumdriver - INFO - 数据写入成功
2019-09-20 14:03:59,647 - readconfig - INFO - 操作第4行元素,当前测试对象元素路径：submit_btn
2019-09-20 14:03:59,660 - seleniumdriver - INFO - 找到该元素
2019-09-20 14:03:59,700 - seleniumdriver - INFO - 元素点击成功
2019-09-20 14:04:00,809 - element-exist - INFO - 找到该元素
2019-09-20 14:04:00,820 - seleniumdriver - INFO - 当前页面的ifram个数为1
2019-09-20 14:04:00,822 - seleniumdriver - INFO - 当前页面iframe有[<selenium.webdriver.remote.webelement.WebElement (session="6bdf557a90ef7f99f87426ac3fca1003", element="0.7470059143719296-2")>]
2019-09-20 14:04:00,881 - readconfig - INFO - 操作第7行元素,当前测试对象元素路径：/html/body/div/div/div[2]/div[9]/span[1]
2019-09-20 14:04:00,895 - seleniumdriver - INFO - 找到该元素
2019-09-20 14:04:01,380 - seleniumdriver - INFO - 元素点击成功
2019-09-20 14:04:01,385 - seleniumdriver - INFO - 当前页面标题为：延长羁押通知案件列表
2019-09-20 14:04:01,391 - ys-qlc - INFO - 进入延长羁押业务成功
