2019-09-20 16:11:39,976 - browserdriver - INFO - 当前选择的浏览器为 Chrome 
2019-09-20 16:11:39,976 - browserdriver - INFO - 测试的URL: http://172.23.23.222:7070/zfxtbgxt/form/86595d4a7f9384381526acb302bff724/insert
2019-09-20 16:11:42,516 - browserdriver - INFO - 启动Chrome浏览器
2019-09-20 16:11:44,062 - readconfig - INFO - 操作第2行元素,当前测试对象元素路径：username1
2019-09-20 16:11:44,075 - seleniumdriver - INFO - 找到该元素
2019-09-20 16:11:44,126 - seleniumdriver - INFO - 数据写入成功
2019-09-20 16:11:44,187 - readconfig - INFO - 操作第3行元素,当前测试对象元素路径：password1
2019-09-20 16:11:44,199 - seleniumdriver - INFO - 找到该元素
2019-09-20 16:11:44,262 - seleniumdriver - INFO - 数据写入成功
2019-09-20 16:11:44,319 - readconfig - INFO - 操作第4行元素,当前测试对象元素路径：submit_btn
2019-09-20 16:11:44,332 - seleniumdriver - INFO - 找到该元素
2019-09-20 16:11:44,510 - seleniumdriver - INFO - 元素点击成功
2019-09-20 16:11:45,940 - element-exist - INFO - 找到该元素
2019-09-20 16:11:45,951 - seleniumdriver - INFO - 当前页面的ifram个数为1
2019-09-20 16:11:45,951 - seleniumdriver - INFO - 当前页面iframe有[<selenium.webdriver.remote.webelement.WebElement (session="f5aa176e55b7bca7ef3ee37a997c878c", element="0.9622859454881767-2")>]
2019-09-20 16:11:46,031 - readconfig - INFO - 操作第7行元素,当前测试对象元素路径：/html/body/div/div/div[2]/div[9]/span[1]
2019-09-20 16:11:46,040 - seleniumdriver - INFO - 找到该元素
2019-09-20 16:11:46,414 - seleniumdriver - INFO - 元素点击成功
2019-09-20 16:11:46,421 - seleniumdriver - INFO - 当前页面标题为：延长羁押通知案件列表
2019-09-20 16:11:46,424 - ys-qlc - INFO - 进入延长羁押业务成功
2019-09-20 16:11:46,489 - readconfig - INFO - 操作第11行元素,当前测试对象元素路径：jqButton-btn
2019-09-20 16:11:46,500 - seleniumdriver - INFO - 找到该元素
2019-09-20 16:11:46,542 - seleniumdriver - INFO - 元素点击成功
2019-09-20 16:11:46,697 - ys-qlc - INFO - 开始选择案件和嫌疑人
2019-09-20 16:11:46,723 - choosesupects - INFO - 当前页案件数量为2
2019-09-20 16:11:46,775 - readconfig - INFO - 操作第19行元素,当前测试对象元素路径：/html/body/div[1]/div[1]/table/tbody/tr[1]/td[1]/input
2019-09-20 16:11:46,783 - seleniumdriver - INFO - 找到该元素
2019-09-20 16:11:46,839 - seleniumdriver - INFO - 元素双击成功
2019-09-20 16:11:46,863 - choosesupects - INFO - 当前提捕流程选择的嫌疑人姓名： 成祖裘
2019-09-20 16:11:46,919 - readconfig - INFO - 操作第20行元素,当前测试对象元素路径：jqButtonSave
2019-09-20 16:11:46,929 - seleniumdriver - INFO - 找到该元素
2019-09-20 16:11:47,006 - seleniumdriver - INFO - 元素点击成功
2019-09-20 16:11:55,128 - readconfig - INFO - 操作第64行元素,当前测试对象元素路径：jqInputctar
2019-09-20 16:11:55,148 - seleniumdriver - INFO - 找到该元素
2019-09-20 16:11:55,219 - seleniumdriver - INFO - 数据写入成功
2019-09-20 16:11:55,287 - readconfig - INFO - 操作第65行元素,当前测试对象元素路径：jqDatedyjyksrq
2019-09-20 16:11:55,296 - seleniumdriver - INFO - 找到该元素
2019-09-20 16:11:55,399 - seleniumdriver - INFO - 数据写入成功
