2019-09-20 10:49:55,071 - browserdriver - INFO - 当前选择的浏览器为 Chrome 
2019-09-20 10:49:55,071 - browserdriver - INFO - 测试的URL: http://172.23.23.222:7070/zfxtbgxt/form/86595d4a7f9384381526acb302bff724/insert
2019-09-20 10:49:57,944 - browserdriver - INFO - 启动Chrome浏览器
2019-09-20 10:50:00,715 - readconfig - INFO - 操作第2行元素,当前测试对象元素路径：username1
2019-09-20 10:50:00,724 - seleniumdriver - INFO - 找到该元素
2019-09-20 10:50:00,791 - seleniumdriver - INFO - 数据写入成功
2019-09-20 10:50:00,844 - readconfig - INFO - 操作第3行元素,当前测试对象元素路径：password1
2019-09-20 10:50:00,856 - seleniumdriver - INFO - 找到该元素
2019-09-20 10:50:00,921 - seleniumdriver - INFO - 数据写入成功
2019-09-20 10:50:00,974 - readconfig - INFO - 操作第4行元素,当前测试对象元素路径：submit_btn
2019-09-20 10:50:00,985 - seleniumdriver - INFO - 找到该元素
2019-09-20 10:50:01,032 - seleniumdriver - INFO - 元素点击成功
2019-09-20 10:50:03,222 - element-exist - INFO - 找到该元素
2019-09-20 10:50:03,233 - seleniumdriver - INFO - 当前页面的ifram个数为1
2019-09-20 10:50:03,233 - seleniumdriver - INFO - 当前页面iframe有[<selenium.webdriver.remote.webelement.WebElement (session="6b2c670f0d3022c481c22569aa1ce4b9", element="0.8637434581310943-2")>]
2019-09-20 10:50:03,319 - readconfig - INFO - 操作第6行元素,当前测试对象元素路径：/html/body/div/div/div[2]/div[3]/span[1]
2019-09-20 10:50:03,355 - seleniumdriver - INFO - 找到该元素
2019-09-20 10:50:04,132 - seleniumdriver - INFO - 元素点击成功
2019-09-20 10:50:04,140 - seleniumdriver - INFO - 当前页面标题为：移诉案件列表
2019-09-20 10:50:04,144 - ys-qlc - INFO - 进入移诉业务成功
2019-09-20 10:50:04,203 - readconfig - INFO - 操作第10行元素,当前测试对象元素路径：jqButton-btn
2019-09-20 10:50:04,219 - seleniumdriver - INFO - 找到该元素
2019-09-20 10:50:04,471 - seleniumdriver - INFO - 元素点击成功
2019-09-20 10:50:04,521 - ys-qlc - INFO - 开始选择案件和嫌疑人
2019-09-20 10:50:04,539 - choosesupects - INFO - 当前页案件数量为5
2019-09-20 10:50:04,540 - choosesupects - INFO - 正在查找第1条案件
2019-09-20 10:50:04,556 - choosesupects - INFO - 当前的案件列表数量为5
2019-09-20 10:50:04,572 - choosesupects - INFO - 双击案件列表，寻找有嫌疑人的案件
