2019-09-20 13:50:55,118 - browserdriver - INFO - 当前选择的浏览器为 Chrome 
2019-09-20 13:50:55,118 - browserdriver - INFO - 测试的URL: http://172.23.23.222:7070/zfxtbgxt/form/86595d4a7f9384381526acb302bff724/insert
2019-09-20 13:50:57,880 - browserdriver - INFO - 启动Chrome浏览器
2019-09-20 13:50:59,365 - readconfig - INFO - 操作第2行元素,当前测试对象元素路径：username1
2019-09-20 13:50:59,384 - seleniumdriver - INFO - 找到该元素
2019-09-20 13:50:59,439 - seleniumdriver - INFO - 数据写入成功
2019-09-20 13:50:59,488 - readconfig - INFO - 操作第3行元素,当前测试对象元素路径：password1
2019-09-20 13:50:59,500 - seleniumdriver - INFO - 找到该元素
2019-09-20 13:50:59,561 - seleniumdriver - INFO - 数据写入成功
2019-09-20 13:50:59,614 - readconfig - INFO - 操作第4行元素,当前测试对象元素路径：submit_btn
2019-09-20 13:50:59,625 - seleniumdriver - INFO - 找到该元素
2019-09-20 13:50:59,680 - seleniumdriver - INFO - 元素点击成功
2019-09-20 13:51:01,207 - element-exist - INFO - 找到该元素
2019-09-20 13:51:01,220 - seleniumdriver - INFO - 当前页面的ifram个数为1
2019-09-20 13:51:01,220 - seleniumdriver - INFO - 当前页面iframe有[<selenium.webdriver.remote.webelement.WebElement (session="123d8684d406f992a8cbf5df5717416a", element="0.5121960588159338-2")>]
2019-09-20 13:51:01,288 - readconfig - INFO - 操作第7行元素,当前测试对象元素路径：/html/body/div/div/div[2]/div[9]/span[1]
2019-09-20 13:51:01,299 - seleniumdriver - INFO - 找到该元素
2019-09-20 13:51:01,761 - seleniumdriver - INFO - 元素点击成功
2019-09-20 13:51:01,769 - seleniumdriver - INFO - 当前页面标题为：延长羁押通知案件列表
2019-09-20 13:51:01,773 - ys-qlc - INFO - 进入延长羁押业务成功
