2019-09-25 22:42:20,499 - browserdriver - INFO - 当前选择的浏览器为 Chrome 
2019-09-25 22:42:20,499 - browserdriver - INFO - 测试的URL: http://172.23.23.222:7070/zfxtbgxt/form/86595d4a7f9384381526acb302bff724/insert
2019-09-25 22:42:23,092 - browserdriver - INFO - 启动Chrome浏览器
2019-09-25 22:42:24,676 - readconfig - INFO - 操作第2行元素,当前测试对象元素路径：username1
2019-09-25 22:42:24,690 - seleniumdriver - INFO - 找到该元素
2019-09-25 22:42:24,742 - seleniumdriver - INFO - 数据写入成功
2019-09-25 22:42:24,809 - readconfig - INFO - 操作第3行元素,当前测试对象元素路径：password1
2019-09-25 22:42:24,822 - seleniumdriver - INFO - 找到该元素
2019-09-25 22:42:24,886 - seleniumdriver - INFO - 数据写入成功
2019-09-25 22:42:24,947 - readconfig - INFO - 操作第4行元素,当前测试对象元素路径：submit_btn
2019-09-25 22:42:24,961 - seleniumdriver - INFO - 找到该元素
2019-09-25 22:42:25,016 - seleniumdriver - INFO - 元素点击成功
2019-09-25 22:42:25,942 - element-exist - INFO - 找到该元素
2019-09-25 22:42:25,953 - seleniumdriver - INFO - 当前页面的ifram个数为1
2019-09-25 22:42:25,953 - seleniumdriver - INFO - 当前页面iframe有[<selenium.webdriver.remote.webelement.WebElement (session="0c4cc895704d3c7e0f755fa9c096113f", element="0.24360860127448514-2")>]
2019-09-25 22:42:26,075 - readconfig - INFO - 操作第5行元素,当前测试对象元素路径：/html/body/div/div/div[2]/div[2]/span[1]
2019-09-25 22:42:26,087 - seleniumdriver - INFO - 找到该元素
2019-09-25 22:42:26,611 - seleniumdriver - INFO - 元素点击成功
2019-09-25 22:42:26,622 - seleniumdriver - INFO - 当前页面标题为：提捕案件列表
2019-09-25 22:42:26,691 - readconfig - INFO - 操作第11行元素,当前测试对象元素路径：jqButton-btn
2019-09-25 22:42:26,705 - seleniumdriver - INFO - 找到该元素
2019-09-25 22:42:26,932 - seleniumdriver - INFO - 元素点击成功
2019-09-25 22:42:26,968 - tb-qlc - INFO - 开始选择案件和嫌疑人
2019-09-25 22:42:26,993 - choosesupects - INFO - 当前页案件数量为5
2019-09-25 22:42:26,993 - choosesupects - INFO - 正在查找第1条案件
2019-09-25 22:42:27,017 - choosesupects - INFO - 当前的案件列表数量为5
2019-09-25 22:42:27,033 - choosesupects - INFO - 双击案件列表，寻找有嫌疑人的案件
2019-09-25 22:42:29,113 - choosesupects - INFO - 正在查找的当前案件的嫌疑人数量为0
2019-09-25 22:42:29,113 - choosesupects - INFO - 正在查找第2条案件
2019-09-25 22:42:29,131 - choosesupects - INFO - 当前的案件列表数量为5
2019-09-25 22:42:29,150 - choosesupects - INFO - 双击案件列表，寻找有嫌疑人的案件
2019-09-25 22:42:31,248 - choosesupects - INFO - 正在查找的当前案件的嫌疑人数量为0
2019-09-25 22:42:31,248 - choosesupects - INFO - 正在查找第3条案件
2019-09-25 22:42:31,279 - choosesupects - INFO - 当前的案件列表数量为5
2019-09-25 22:42:31,312 - choosesupects - INFO - 双击案件列表，寻找有嫌疑人的案件
2019-09-25 22:42:33,449 - choosesupects - INFO - 正在查找的当前案件的嫌疑人数量为9
2019-09-25 22:42:33,449 - choosesupects - INFO - 当前选择的这个案件有嫌疑人，结束寻找
2019-09-25 22:42:33,506 - choosesupects - INFO - 当前提捕流程选择的嫌疑人姓名： 菱听惜
2019-09-25 22:42:33,608 - readconfig - INFO - 操作第16行元素,当前测试对象元素路径：/html/body/div[1]/div[3]/div[1]/table/thead/tr/th[1]/div[2]/input
2019-09-25 22:42:33,621 - seleniumdriver - INFO - 找到该元素
2019-09-25 22:42:33,683 - seleniumdriver - INFO - 元素点击成功
2019-09-25 22:42:33,684 - choosesupects - INFO - 勾选成功
2019-09-25 22:42:33,771 - readconfig - INFO - 操作第17行元素,当前测试对象元素路径：/html/body/div[2]/div[1]/button
2019-09-25 22:42:33,782 - seleniumdriver - INFO - 找到该元素
2019-09-25 22:42:33,844 - seleniumdriver - INFO - 元素点击成功
2019-09-25 22:42:33,845 - choosesupects - INFO - 提交成功
2019-09-25 22:42:33,924 - readconfig - INFO - 操作第48行元素,当前测试对象元素路径：jqNumeric5d68d
2019-09-25 22:42:35,216 - seleniumdriver - INFO - 找到该元素
2019-09-25 22:42:35,256 - seleniumdriver - INFO - 数据写入成功
2019-09-25 22:42:35,335 - readconfig - INFO - 操作第49行元素,当前测试对象元素路径：jqInput98ad2
2019-09-25 22:42:35,347 - seleniumdriver - INFO - 找到该元素
2019-09-25 22:42:35,440 - seleniumdriver - INFO - 数据写入成功
2019-09-25 22:42:35,440 - tb-qlc - INFO - 页面字段内容填写结束
2019-09-25 22:42:35,519 - readconfig - INFO - 操作第37行元素,当前测试对象元素路径：//*[@id="viewWrit_tb"]
2019-09-25 22:42:35,531 - seleniumdriver - INFO - 找到该元素
2019-09-25 22:42:35,564 - seleniumdriver - INFO - 元素点击成功
2019-09-25 22:42:38,577 - jzxt - INFO - 开始上传公安文书
2019-09-25 22:42:39,627 - seleniumdriver - INFO - 当前页面标题为：文件管理
2019-09-25 22:42:39,726 - readconfig - INFO - 操作第25行元素,当前测试对象元素路径：//*[@id="jqTreeAreaFiles_ztree_3_span"]
2019-09-25 22:42:39,736 - seleniumdriver - INFO - 找到该元素
2019-09-25 22:42:39,776 - seleniumdriver - INFO - 元素点击成功
2019-09-25 22:42:39,854 - readconfig - INFO - 操作第26行元素,当前测试对象元素路径：jqHtmlAreaUp
2019-09-25 22:42:39,864 - seleniumdriver - INFO - 找到该元素
2019-09-25 22:42:41,171 - seleniumdriver - INFO - 元素点击成功
2019-09-25 22:42:41,191 - seleniumdriver - INFO - 当前页面的ifram个数为3
2019-09-25 22:42:41,191 - seleniumdriver - INFO - 当前页面iframe有[<selenium.webdriver.remote.webelement.WebElement (session="0c4cc895704d3c7e0f755fa9c096113f", element="0.7032396696901542-3")>, <selenium.webdriver.remote.webelement.WebElement (session="0c4cc895704d3c7e0f755fa9c096113f", element="0.7032396696901542-4")>, <selenium.webdriver.remote.webelement.WebElement (session="0c4cc895704d3c7e0f755fa9c096113f", element="0.7032396696901542-5")>]
2019-09-25 22:42:41,289 - readconfig - INFO - 操作第27行元素,当前测试对象元素路径：//*[@id="SWFUpload_0"]
2019-09-25 22:42:41,300 - seleniumdriver - INFO - 找到该元素
2019-09-25 22:42:41,355 - seleniumdriver - INFO - 元素双击成功
2019-09-25 22:42:41,355 - jzxt - INFO - F://2019-06//autotest//upload.exe chrome F:\2019-06\autotest\起诉意见书.pdf
2019-09-25 22:42:46,944 - readconfig - INFO - 操作第29行元素,当前测试对象元素路径：/html/body/div[6]/div/div[1]
2019-09-25 22:42:46,957 - seleniumdriver - INFO - 找到该元素
2019-09-25 22:42:46,977 - seleniumdriver - INFO - 元素双击成功
2019-09-25 22:42:46,985 - seleniumdriver - INFO - 当前页面的ifram个数为3
2019-09-25 22:42:46,985 - seleniumdriver - INFO - 当前页面iframe有[<selenium.webdriver.remote.webelement.WebElement (session="0c4cc895704d3c7e0f755fa9c096113f", element="0.7032396696901542-3")>, <selenium.webdriver.remote.webelement.WebElement (session="0c4cc895704d3c7e0f755fa9c096113f", element="0.7032396696901542-4")>, <selenium.webdriver.remote.webelement.WebElement (session="0c4cc895704d3c7e0f755fa9c096113f", element="0.7032396696901542-5")>]
2019-09-25 22:42:47,070 - readconfig - INFO - 操作第30行元素,当前测试对象元素路径：jqButton-btn
2019-09-25 22:42:47,081 - seleniumdriver - INFO - 找到该元素
2019-09-25 22:42:47,143 - seleniumdriver - INFO - 元素双击成功
2019-09-25 22:42:57,184 - element-exist - INFO - 找到该元素
2019-09-25 22:42:57,184 - jzxt - INFO - 开始上传卷宗
2019-09-25 22:42:57,193 - seleniumdriver - INFO - 当前页面标题为：文件管理
2019-09-25 22:42:57,302 - readconfig - INFO - 操作第31行元素,当前测试对象元素路径：//*[@id="jqTreeAreaFiles_ztree_6_span"]
2019-09-25 22:42:57,315 - seleniumdriver - INFO - 找到该元素
2019-09-25 22:42:57,352 - seleniumdriver - INFO - 元素双击成功
2019-09-25 22:42:57,470 - readconfig - INFO - 操作第32行元素,当前测试对象元素路径：//*[@id="jqTreeAreaFiles_ztree_6_switch"]
2019-09-25 22:42:57,516 - seleniumdriver - INFO - 找到该元素
2019-09-25 22:42:57,552 - seleniumdriver - INFO - 元素双击成功
2019-09-25 22:42:57,625 - readconfig - INFO - 操作第33行元素,当前测试对象元素路径：//*[@id="jqTreeAreaFiles_ztree_7_span"]
2019-09-25 22:42:57,638 - seleniumdriver - INFO - 找到该元素
2019-09-25 22:42:57,673 - seleniumdriver - INFO - 元素双击成功
2019-09-25 22:42:57,756 - readconfig - INFO - 操作第26行元素,当前测试对象元素路径：jqHtmlAreaUp
2019-09-25 22:42:57,764 - seleniumdriver - INFO - 找到该元素
2019-09-25 22:42:58,012 - seleniumdriver - INFO - 元素双击成功
2019-09-25 22:42:58,020 - seleniumdriver - INFO - 当前页面的ifram个数为3
2019-09-25 22:42:58,020 - seleniumdriver - INFO - 当前页面iframe有[<selenium.webdriver.remote.webelement.WebElement (session="0c4cc895704d3c7e0f755fa9c096113f", element="0.7032396696901542-3")>, <selenium.webdriver.remote.webelement.WebElement (session="0c4cc895704d3c7e0f755fa9c096113f", element="0.7032396696901542-4")>, <selenium.webdriver.remote.webelement.WebElement (session="0c4cc895704d3c7e0f755fa9c096113f", element="0.7032396696901542-5")>]
2019-09-25 22:42:58,121 - readconfig - INFO - 操作第27行元素,当前测试对象元素路径：//*[@id="SWFUpload_0"]
2019-09-25 22:42:58,164 - seleniumdriver - INFO - 找到该元素
2019-09-25 22:42:58,217 - seleniumdriver - INFO - 元素双击成功
2019-09-25 22:43:03,368 - readconfig - INFO - 操作第34行元素,当前测试对象元素路径：//*[@id="jqButtonOk"]/button
2019-09-25 22:43:03,384 - seleniumdriver - INFO - 找到该元素
2019-09-25 22:43:03,435 - seleniumdriver - INFO - 元素双击成功
2019-09-25 22:43:18,959 - element-exist - INFO - 在10s内无法定位到该元素，该元素不存在
2019-09-25 22:43:19,532 - ChooseQzcs - INFO - 开始执行js
2019-09-25 22:43:19,532 - ChooseQzcs - INFO - 开始执行js
2019-09-25 22:43:19,608 - readconfig - INFO - 操作第39行元素,当前测试对象元素路径：/html/body/div[1]/div[1]/div/div/div/div[2]/div/div[4]/div/div[2]/div/div[1]/table/tbody/tr/td[5]
2019-09-25 22:43:29,679 - seleniumdriver - ERROR - 元素未找到，抛出异常Message: no such element: Unable to locate element: {"method":"xpath","selector":"/html/body/div[1]/div[1]/div/div/div/div[2]/div/div[4]/div/div[2]/div/div[1]/table/tbody/tr/td[5]"}
  (Session info: chrome=77.0.3865.90)
  (Driver info: chromedriver=2.43.600210 (68dcf5eebde37173d4027fa8635e332711d2874a),platform=Windows NT 6.1.7601 SP1 x86_64)

2019-09-25 22:43:29,990 - seleniumdriver - INFO - 截图成功，图片保存路径为：E:\myclone\errormg\
2019-09-25 22:43:29,996 - seleniumdriver - INFO - js执行失败抛出异常Message: unknown error: Cannot read property 'scrollIntoView' of null
  (Session info: chrome=77.0.3865.90)
  (Driver info: chromedriver=2.43.600210 (68dcf5eebde37173d4027fa8635e332711d2874a),platform=Windows NT 6.1.7601 SP1 x86_64)

2019-09-25 22:43:35,108 - readconfig - INFO - 操作第39行元素,当前测试对象元素路径：/html/body/div[1]/div[1]/div/div/div/div[2]/div/div[4]/div/div[2]/div/div[1]/table/tbody/tr/td[5]
2019-09-25 22:43:45,174 - seleniumdriver - ERROR - 元素未找到，抛出异常Message: no such element: Unable to locate element: {"method":"xpath","selector":"/html/body/div[1]/div[1]/div/div/div/div[2]/div/div[4]/div/div[2]/div/div[1]/table/tbody/tr/td[5]"}
  (Session info: chrome=77.0.3865.90)
  (Driver info: chromedriver=2.43.600210 (68dcf5eebde37173d4027fa8635e332711d2874a),platform=Windows NT 6.1.7601 SP1 x86_64)

2019-09-25 22:43:45,481 - seleniumdriver - INFO - 截图成功，图片保存路径为：E:\myclone\errormg\
2019-09-25 22:43:45,489 - seleniumdriver - INFO - 元素双击成功
2019-09-25 22:43:45,566 - readconfig - INFO - 操作第40行元素,当前测试对象元素路径：[class='jqColumnEditor jqColumnEditor-default']
2019-09-25 22:43:55,622 - seleniumdriver - ERROR - 元素未找到，抛出异常Message: no such element: Unable to locate element: {"method":"css selector","selector":"[class='jqColumnEditor jqColumnEditor-default']"}
  (Session info: chrome=77.0.3865.90)
  (Driver info: chromedriver=2.43.600210 (68dcf5eebde37173d4027fa8635e332711d2874a),platform=Windows NT 6.1.7601 SP1 x86_64)

2019-09-25 22:43:55,921 - seleniumdriver - INFO - 截图成功，图片保存路径为：E:\myclone\errormg\
2019-09-25 22:43:55,927 - seleniumdriver - INFO - 元素双击成功
2019-09-25 22:43:56,017 - readconfig - INFO - 操作第41行元素,当前测试对象元素路径：//*[@id="jqSelectListcfe6b"]
2019-09-25 22:44:06,036 - seleniumdriver - ERROR - 元素未找到，抛出异常Message: no such element: Unable to locate element: {"method":"xpath","selector":"//*[@id="jqSelectListcfe6b"]"}
  (Session info: chrome=77.0.3865.90)
  (Driver info: chromedriver=2.43.600210 (68dcf5eebde37173d4027fa8635e332711d2874a),platform=Windows NT 6.1.7601 SP1 x86_64)

2019-09-25 22:44:06,356 - seleniumdriver - INFO - 截图成功，图片保存路径为：E:\myclone\errormg\
2019-09-25 22:44:06,364 - seleniumdriver - INFO - 元素双击成功
2019-09-25 22:44:06,441 - readconfig - INFO - 操作第42行元素,当前测试对象元素路径：/html/body/div[10]/div/div[1]
2019-09-25 22:44:16,492 - seleniumdriver - ERROR - 元素未找到，抛出异常Message: no such element: Unable to locate element: {"method":"xpath","selector":"/html/body/div[10]/div/div[1]"}
  (Session info: chrome=77.0.3865.90)
  (Driver info: chromedriver=2.43.600210 (68dcf5eebde37173d4027fa8635e332711d2874a),platform=Windows NT 6.1.7601 SP1 x86_64)

2019-09-25 22:44:16,849 - seleniumdriver - INFO - 截图成功，图片保存路径为：E:\myclone\errormg\
2019-09-25 22:44:16,855 - seleniumdriver - INFO - 元素双击成功
2019-09-25 22:44:16,932 - readconfig - INFO - 操作第43行元素,当前测试对象元素路径：/html/body/div[9]/div[1]/div[3]/button[1]
2019-09-25 22:44:26,957 - seleniumdriver - ERROR - 元素未找到，抛出异常Message: no such element: Unable to locate element: {"method":"xpath","selector":"/html/body/div[9]/div[1]/div[3]/button[1]"}
  (Session info: chrome=77.0.3865.90)
  (Driver info: chromedriver=2.43.600210 (68dcf5eebde37173d4027fa8635e332711d2874a),platform=Windows NT 6.1.7601 SP1 x86_64)

2019-09-25 22:44:27,289 - seleniumdriver - INFO - 截图成功，图片保存路径为：E:\myclone\errormg\
2019-09-25 22:44:27,294 - seleniumdriver - INFO - 元素双击成功
2019-09-25 22:44:27,371 - readconfig - INFO - 操作第44行元素,当前测试对象元素路径：/html/body/div[1]/div[1]/div/div/div/div[3]/div[2]/div/button
2019-09-25 22:44:37,401 - seleniumdriver - ERROR - 元素未找到，抛出异常Message: no such element: Unable to locate element: {"method":"xpath","selector":"/html/body/div[1]/div[1]/div/div/div/div[3]/div[2]/div/button"}
  (Session info: chrome=77.0.3865.90)
  (Driver info: chromedriver=2.43.600210 (68dcf5eebde37173d4027fa8635e332711d2874a),platform=Windows NT 6.1.7601 SP1 x86_64)

2019-09-25 22:44:37,717 - seleniumdriver - INFO - 截图成功，图片保存路径为：E:\myclone\errormg\
2019-09-25 22:44:37,723 - seleniumdriver - INFO - 元素双击成功
2019-09-25 22:44:50,085 - get-ajid - INFO - 获取到的ajid为:e108f2a3c0124d2f9136061d4487d49f
2019-09-25 22:44:50,085 - savadata - INFO - 保存结果到logs/record.txt
2019-09-25 22:44:50,086 - savadata - INFO - ['案件名称', '曼问青涉嫌故意杀人案']
2019-09-25 22:44:50,086 - savadata - INFO - ['平台案件编号', '804012EC63164247816D9BF793506F88']
2019-09-25 22:44:50,086 - savadata - INFO - ['平台案件关联编号', '442b6d942b644b939eb9b6151151e2a4']
2019-09-25 22:44:50,086 - savadata - INFO - ['接收单位编号', '3320584']
2019-09-25 22:44:50,086 - savadata - INFO - ['发送单位编号', '2320584']
2019-09-25 22:44:50,086 - savadata - INFO - ['ajid', 'e108f2a3c0124d2f9136061d4487d49f']
2019-09-25 22:44:50,087 - read-db-config - INFO - E:\myclone/config/config.ini
2019-09-25 22:44:50,087 - database - INFO - 链接数据库172.23.23.222
2019-09-25 22:44:50,104 - database - INFO - update数据的sql为update db_jz.t_jzgl_wj set n_yqz =1 WHERE c_ywid='e108f2a3c0124d2f9136061d4487d49f' and c_store_path is not null
2019-09-25 22:44:50,105 - database - INFO - commit成功
2019-09-25 22:44:50,184 - readconfig - INFO - 操作第45行元素,当前测试对象元素路径：/html/body/div[1]/div[1]/div/div/div/div[3]/div[1]/div/div/div/button
2019-09-25 22:45:00,200 - seleniumdriver - ERROR - 元素未找到，抛出异常Message: no such element: Unable to locate element: {"method":"xpath","selector":"/html/body/div[1]/div[1]/div/div/div/div[3]/div[1]/div/div/div/button"}
  (Session info: chrome=77.0.3865.90)
  (Driver info: chromedriver=2.43.600210 (68dcf5eebde37173d4027fa8635e332711d2874a),platform=Windows NT 6.1.7601 SP1 x86_64)

2019-09-25 22:45:00,528 - seleniumdriver - INFO - 截图成功，图片保存路径为：E:\myclone\errormg\
2019-09-25 22:45:00,532 - seleniumdriver - INFO - 元素双击成功
2019-09-25 22:45:05,532 - element-exist - INFO - 有弹框
2019-09-25 22:45:05,534 - savadata - INFO - ['案件名称', '曼问青涉嫌故意杀人案']
2019-09-25 22:45:05,534 - savadata - INFO - ['平台案件编号', '804012EC63164247816D9BF793506F88']
2019-09-25 22:45:05,534 - savadata - INFO - ['平台案件关联编号', '442b6d942b644b939eb9b6151151e2a4']
2019-09-25 22:45:05,535 - savadata - INFO - ['接收单位编号', '3320584']
2019-09-25 22:45:05,535 - savadata - INFO - ['发送单位编号', '2320584']
2019-09-25 22:45:05,535 - savadata - INFO - ['ajid', 'e108f2a3c0124d2f9136061d4487d49f']
2019-09-25 22:45:05,536 - savadata - INFO - 保存结果到logs/ajid.txt
2019-09-25 22:45:05,536 - read-db-config - INFO - E:\myclone/config/config.ini
2019-09-25 22:45:05,537 - database - INFO - 链接数据库172.23.23.222
2019-09-25 22:45:05,556 - database - INFO - 未查询到数据
