2019-09-26 19:15:45,045 - browserdriver - INFO - 当前选择的浏览器为 Chrome 
2019-09-26 19:15:45,045 - browserdriver - INFO - 测试的URL: http://172.23.23.220:7082/zfxtbgxt/form/e18f1f3414dd6abfc74342002bffd9ea/insert
2019-09-26 19:15:51,351 - browserdriver - INFO - 当前选择的浏览器为 Chrome 
2019-09-26 19:15:51,352 - browserdriver - INFO - 测试的URL: http://172.23.23.220:7082/zfxtbgxt/form/e18f1f3414dd6abfc74342002bffd9ea/insert
2019-09-26 19:15:53,888 - browserdriver - INFO - 启动Chrome浏览器
2019-09-26 19:15:55,491 - readconfig - INFO - 操作第2行元素,当前测试对象元素路径：username1
2019-09-26 19:15:55,504 - seleniumdriver - INFO - 找到该元素
2019-09-26 19:15:55,571 - seleniumdriver - INFO - 数据写入成功
2019-09-26 19:15:55,651 - readconfig - INFO - 操作第3行元素,当前测试对象元素路径：password1
2019-09-26 19:15:55,664 - seleniumdriver - INFO - 找到该元素
2019-09-26 19:15:55,729 - seleniumdriver - INFO - 数据写入成功
2019-09-26 19:15:55,802 - readconfig - INFO - 操作第4行元素,当前测试对象元素路径：submit_btn
2019-09-26 19:15:55,814 - seleniumdriver - INFO - 找到该元素
2019-09-26 19:15:55,873 - seleniumdriver - INFO - 元素点击成功
2019-09-26 19:15:56,983 - element-exist - INFO - 找到该元素
2019-09-26 19:15:56,996 - seleniumdriver - INFO - 当前页面的ifram个数为1
2019-09-26 19:15:56,996 - seleniumdriver - INFO - 当前页面iframe有[<selenium.webdriver.remote.webelement.WebElement (session="2aeca55259519673aae38ca06f6d4744", element="0.1657526823364588-2")>]
2019-09-26 19:15:57,093 - readconfig - INFO - 操作第6行元素,当前测试对象元素路径：/html/body/div/div/div[2]/div[3]/span[1]
2019-09-26 19:15:57,107 - seleniumdriver - INFO - 找到该元素
2019-09-26 19:15:57,735 - seleniumdriver - INFO - 元素点击成功
2019-09-26 19:15:57,742 - seleniumdriver - INFO - 当前页面标题为：移诉案件列表
2019-09-26 19:15:57,749 - savadata - INFO - ['嫌疑人姓名', '凡谷绿']
2019-09-26 19:15:57,749 - savadata - INFO - ['案件名称', '凡谷绿涉嫌故意杀人案']
2019-09-26 19:15:57,749 - savadata - INFO - ['平台案件编号', '1467DE797020516E1FC55DBF137242A1']
2019-09-26 19:15:57,749 - savadata - INFO - ['平台案件关联编号', '11da04261d274c45bc185d04c793e3ef']
2019-09-26 19:15:57,749 - savadata - INFO - ['接收单位编号', '3320584']
2019-09-26 19:15:57,749 - savadata - INFO - ['发送单位编号', '2320584']
2019-09-26 19:15:57,826 - readconfig - INFO - 操作第17行元素,当前测试对象元素路径：//*[@id="jqInput0a4c2"]
2019-09-26 19:16:07,838 - seleniumdriver - ERROR - 元素未找到，抛出异常Message: no such element: Unable to locate element: {"method":"xpath","selector":"//*[@id="jqInput0a4c2"]"}
  (Session info: chrome=77.0.3865.90)
  (Driver info: chromedriver=2.43.600210 (68dcf5eebde37173d4027fa8635e332711d2874a),platform=Windows NT 6.1.7601 SP1 x86_64)

2019-09-26 19:16:08,103 - seleniumdriver - INFO - 截图成功，图片保存路径为：E:\myclone\errormg\
2019-09-26 19:16:08,104 - seleniumdriver - INFO - 数据写入失败,抛出异常: 'NoneType' object has no attribute 'send_keys'
2019-09-26 19:16:08,422 - seleniumdriver - INFO - 截图成功，图片保存路径为：E:\myclone\errormg\
2019-09-26 19:16:08,509 - readconfig - INFO - 操作第18行元素,当前测试对象元素路径：search
