2019-09-25 21:44:35,197 - browserdriver - INFO - 当前选择的浏览器为 Chrome 
2019-09-25 21:44:35,197 - browserdriver - INFO - 测试的URL: http://172.23.23.222:7070/zfxtbgxt/form/86595d4a7f9384381526acb302bff724/insert
2019-09-25 21:44:38,280 - browserdriver - INFO - 启动Chrome浏览器
2019-09-25 21:44:39,820 - readconfig - INFO - 操作第2行元素,当前测试对象元素路径：username1
2019-09-25 21:44:39,835 - seleniumdriver - INFO - 找到该元素
2019-09-25 21:44:39,884 - seleniumdriver - INFO - 数据写入成功
2019-09-25 21:44:39,952 - readconfig - INFO - 操作第3行元素,当前测试对象元素路径：password1
2019-09-25 21:44:39,963 - seleniumdriver - INFO - 找到该元素
2019-09-25 21:44:40,038 - seleniumdriver - INFO - 数据写入成功
2019-09-25 21:44:40,111 - readconfig - INFO - 操作第4行元素,当前测试对象元素路径：submit_btn
2019-09-25 21:44:40,127 - seleniumdriver - INFO - 找到该元素
2019-09-25 21:44:40,331 - seleniumdriver - INFO - 元素点击成功
2019-09-25 21:44:42,606 - element-exist - INFO - 找到该元素
2019-09-25 21:44:42,616 - seleniumdriver - INFO - 当前页面的ifram个数为1
2019-09-25 21:44:42,616 - seleniumdriver - INFO - 当前页面iframe有[<selenium.webdriver.remote.webelement.WebElement (session="3e5a6a960d9f4e3ca4679b4dac6169d1", element="0.9954479256330355-2")>]
2019-09-25 21:44:42,707 - readconfig - INFO - 操作第5行元素,当前测试对象元素路径：/html/body/div/div/div[2]/div[2]/span[1]
2019-09-25 21:44:42,719 - seleniumdriver - INFO - 找到该元素
2019-09-25 21:44:43,966 - seleniumdriver - INFO - 元素点击成功
2019-09-25 21:44:43,971 - seleniumdriver - INFO - 当前页面标题为：提捕案件列表
2019-09-25 21:44:44,046 - readconfig - INFO - 操作第11行元素,当前测试对象元素路径：jqButton-btn
2019-09-25 21:44:44,057 - seleniumdriver - INFO - 找到该元素
2019-09-25 21:44:44,276 - seleniumdriver - INFO - 元素点击成功
2019-09-25 21:44:44,309 - tb-qlc - INFO - 开始选择案件和嫌疑人
2019-09-25 21:44:44,329 - choosesupects - INFO - 当前页案件数量为5
2019-09-25 21:44:44,329 - choosesupects - INFO - 正在查找第1条案件
2019-09-25 21:44:44,351 - choosesupects - INFO - 当前的案件列表数量为5
2019-09-25 21:44:44,368 - choosesupects - INFO - 双击案件列表，寻找有嫌疑人的案件
2019-09-25 21:44:46,478 - choosesupects - INFO - 正在查找的当前案件的嫌疑人数量为0
2019-09-25 21:44:46,478 - choosesupects - INFO - 正在查找第2条案件
2019-09-25 21:44:46,515 - choosesupects - INFO - 当前的案件列表数量为5
2019-09-25 21:44:46,544 - choosesupects - INFO - 双击案件列表，寻找有嫌疑人的案件
2019-09-25 21:44:48,654 - choosesupects - INFO - 正在查找的当前案件的嫌疑人数量为0
2019-09-25 21:44:48,654 - choosesupects - INFO - 正在查找第3条案件
2019-09-25 21:44:48,680 - choosesupects - INFO - 当前的案件列表数量为5
2019-09-25 21:44:48,711 - choosesupects - INFO - 双击案件列表，寻找有嫌疑人的案件
2019-09-25 21:44:50,825 - choosesupects - INFO - 正在查找的当前案件的嫌疑人数量为0
2019-09-25 21:44:50,825 - choosesupects - INFO - 正在查找第4条案件
2019-09-25 21:44:50,864 - choosesupects - INFO - 当前的案件列表数量为5
2019-09-25 21:44:50,908 - choosesupects - INFO - 双击案件列表，寻找有嫌疑人的案件
2019-09-25 21:44:53,023 - choosesupects - INFO - 正在查找的当前案件的嫌疑人数量为0
2019-09-25 21:44:53,023 - choosesupects - INFO - 正在查找第5条案件
2019-09-25 21:44:53,047 - choosesupects - INFO - 当前的案件列表数量为5
2019-09-25 21:44:53,069 - choosesupects - INFO - 双击案件列表，寻找有嫌疑人的案件
2019-09-25 21:44:55,184 - choosesupects - INFO - 正在查找的当前案件的嫌疑人数量为0
2019-09-25 21:44:55,184 - choosesupects - INFO - 当前页无可用案件，需要翻页查找
2019-09-25 21:44:55,289 - readconfig - INFO - 操作第18行元素,当前测试对象元素路径：//*[@id="caseGrid-foot"]/div[2]/span[4]
2019-09-25 21:44:55,302 - seleniumdriver - INFO - 找到该元素
2019-09-25 21:44:55,375 - seleniumdriver - INFO - 元素点击成功
2019-09-25 21:44:55,376 - choosesupects - INFO - 开始翻页，当前为第1次翻页，超过3次将不再继续翻页
2019-09-25 21:44:55,481 - readconfig - INFO - 操作第48行元素,当前测试对象元素路径：jqNumeric5d68d
2019-09-25 21:45:05,496 - seleniumdriver - ERROR - 元素未找到，抛出异常Message: no such element: Unable to locate element: {"method":"id","selector":"jqNumeric5d68d"}
  (Session info: chrome=77.0.3865.90)
  (Driver info: chromedriver=2.43.600210 (68dcf5eebde37173d4027fa8635e332711d2874a),platform=Windows NT 6.1.7601 SP1 x86_64)

2019-09-25 21:45:05,792 - seleniumdriver - INFO - 截图成功，图片保存路径为：E:\myclone\errormg\
2019-09-25 21:45:05,792 - seleniumdriver - INFO - 数据写入失败,抛出异常: 'NoneType' object has no attribute 'send_keys'
2019-09-25 21:45:06,103 - seleniumdriver - INFO - 截图成功，图片保存路径为：E:\myclone\errormg\
2019-09-25 21:45:06,179 - readconfig - INFO - 操作第49行元素,当前测试对象元素路径：jqInput98ad2
2019-09-25 21:45:16,225 - seleniumdriver - ERROR - 元素未找到，抛出异常Message: no such element: Unable to locate element: {"method":"id","selector":"jqInput98ad2"}
  (Session info: chrome=77.0.3865.90)
  (Driver info: chromedriver=2.43.600210 (68dcf5eebde37173d4027fa8635e332711d2874a),platform=Windows NT 6.1.7601 SP1 x86_64)

2019-09-25 21:45:16,534 - seleniumdriver - INFO - 截图成功，图片保存路径为：E:\myclone\errormg\
2019-09-25 21:45:16,534 - seleniumdriver - INFO - 数据写入失败,抛出异常: 'NoneType' object has no attribute 'send_keys'
2019-09-25 21:45:16,833 - seleniumdriver - INFO - 截图成功，图片保存路径为：E:\myclone\errormg\
2019-09-25 21:45:16,833 - tb-qlc - INFO - 页面字段内容填写结束
2019-09-25 21:45:16,833 - ChooseQzcs - INFO - 开始执行js
2019-09-25 21:45:16,833 - ChooseQzcs - INFO - 开始执行js
2019-09-25 21:45:16,911 - readconfig - INFO - 操作第39行元素,当前测试对象元素路径：/html/body/div[1]/div[1]/div/div/div/div[2]/div/div[4]/div/div[2]/div/div[1]/table/tbody/tr/td[5]
2019-09-25 21:45:26,932 - seleniumdriver - ERROR - 元素未找到，抛出异常Message: no such element: Unable to locate element: {"method":"xpath","selector":"/html/body/div[1]/div[1]/div/div/div/div[2]/div/div[4]/div/div[2]/div/div[1]/table/tbody/tr/td[5]"}
  (Session info: chrome=77.0.3865.90)
  (Driver info: chromedriver=2.43.600210 (68dcf5eebde37173d4027fa8635e332711d2874a),platform=Windows NT 6.1.7601 SP1 x86_64)

2019-09-25 21:45:27,207 - seleniumdriver - INFO - 截图成功，图片保存路径为：E:\myclone\errormg\
2019-09-25 21:45:27,212 - seleniumdriver - INFO - js执行失败抛出异常Message: unknown error: Cannot read property 'scrollIntoView' of null
  (Session info: chrome=77.0.3865.90)
  (Driver info: chromedriver=2.43.600210 (68dcf5eebde37173d4027fa8635e332711d2874a),platform=Windows NT 6.1.7601 SP1 x86_64)

2019-09-25 21:45:32,358 - readconfig - INFO - 操作第39行元素,当前测试对象元素路径：/html/body/div[1]/div[1]/div/div/div/div[2]/div/div[4]/div/div[2]/div/div[1]/table/tbody/tr/td[5]
2019-09-25 21:45:42,407 - seleniumdriver - ERROR - 元素未找到，抛出异常Message: no such element: Unable to locate element: {"method":"xpath","selector":"/html/body/div[1]/div[1]/div/div/div/div[2]/div/div[4]/div/div[2]/div/div[1]/table/tbody/tr/td[5]"}
  (Session info: chrome=77.0.3865.90)
  (Driver info: chromedriver=2.43.600210 (68dcf5eebde37173d4027fa8635e332711d2874a),platform=Windows NT 6.1.7601 SP1 x86_64)

2019-09-25 21:45:42,739 - seleniumdriver - INFO - 截图成功，图片保存路径为：E:\myclone\errormg\
2019-09-25 21:45:42,748 - seleniumdriver - INFO - 元素双击成功
2019-09-25 21:45:42,844 - readconfig - INFO - 操作第40行元素,当前测试对象元素路径：[class='jqColumnEditor jqColumnEditor-default']
2019-09-25 21:45:52,907 - seleniumdriver - ERROR - 元素未找到，抛出异常Message: no such element: Unable to locate element: {"method":"css selector","selector":"[class='jqColumnEditor jqColumnEditor-default']"}
  (Session info: chrome=77.0.3865.90)
  (Driver info: chromedriver=2.43.600210 (68dcf5eebde37173d4027fa8635e332711d2874a),platform=Windows NT 6.1.7601 SP1 x86_64)

2019-09-25 21:45:53,203 - seleniumdriver - INFO - 截图成功，图片保存路径为：E:\myclone\errormg\
2019-09-25 21:45:53,211 - seleniumdriver - INFO - 元素双击成功
2019-09-25 21:45:53,303 - readconfig - INFO - 操作第41行元素,当前测试对象元素路径：//*[@id="jqSelectListcfe6b"]
2019-09-25 21:46:03,325 - seleniumdriver - ERROR - 元素未找到，抛出异常Message: no such element: Unable to locate element: {"method":"xpath","selector":"//*[@id="jqSelectListcfe6b"]"}
  (Session info: chrome=77.0.3865.90)
  (Driver info: chromedriver=2.43.600210 (68dcf5eebde37173d4027fa8635e332711d2874a),platform=Windows NT 6.1.7601 SP1 x86_64)

2019-09-25 21:46:03,623 - seleniumdriver - INFO - 截图成功，图片保存路径为：E:\myclone\errormg\
2019-09-25 21:46:03,631 - seleniumdriver - INFO - 元素双击成功
2019-09-25 21:46:03,726 - readconfig - INFO - 操作第42行元素,当前测试对象元素路径：/html/body/div[10]/div/div[1]
