2019-09-26 21:52:50,997 - browserdriver - INFO - 当前选择的浏览器为 Chrome 
2019-09-26 21:52:50,998 - browserdriver - INFO - 测试的URL: http://172.23.23.222:7070/zfxtbgxt/form/86595d4a7f9384381526acb302bff724/insert
2019-09-26 21:52:53,754 - browserdriver - INFO - 启动Chrome浏览器
2019-09-26 21:52:55,495 - readconfig - INFO - 操作第2行元素,当前测试对象元素路径：username1
2019-09-26 21:52:55,511 - seleniumdriver - INFO - 找到该元素
2019-09-26 21:52:55,578 - seleniumdriver - INFO - 数据写入成功
2019-09-26 21:52:55,661 - readconfig - INFO - 操作第3行元素,当前测试对象元素路径：password1
2019-09-26 21:52:55,673 - seleniumdriver - INFO - 找到该元素
2019-09-26 21:52:55,739 - seleniumdriver - INFO - 数据写入成功
2019-09-26 21:52:55,818 - readconfig - INFO - 操作第4行元素,当前测试对象元素路径：submit_btn
2019-09-26 21:52:55,831 - seleniumdriver - INFO - 找到该元素
2019-09-26 21:52:55,890 - seleniumdriver - INFO - 元素点击成功
2019-09-26 21:52:58,080 - element-exist - INFO - 找到该元素
2019-09-26 21:52:58,092 - seleniumdriver - INFO - 当前页面的ifram个数为1
2019-09-26 21:52:58,092 - seleniumdriver - INFO - 当前页面iframe有[<selenium.webdriver.remote.webelement.WebElement (session="98ec9adc6df3378943cd351b6dc83ee7", element="0.09769836155015321-2")>]
2019-09-26 21:52:58,189 - readconfig - INFO - 操作第9行元素,当前测试对象元素路径：/html/body/div/div/div[2]/div[4]/span[1]
2019-09-26 21:52:58,199 - seleniumdriver - INFO - 找到该元素
2019-09-26 21:52:59,121 - seleniumdriver - INFO - 元素点击成功
2019-09-26 21:52:59,132 - seleniumdriver - INFO - 当前页面标题为：延长羁押通知案件列表
2019-09-26 21:52:59,137 - savadata - INFO - ['嫌疑人姓名', '成祖裘']
2019-09-26 21:52:59,137 - savadata - INFO - ['案件名称', '公诉同步信息测试案件88511']
2019-09-26 21:52:59,137 - savadata - INFO - ['平台案件编号', '216B89C691E328331C04219E1417F509']
2019-09-26 21:52:59,137 - savadata - INFO - ['平台案件关联编号', 'de6d12e2e4f3417a87c678059ac37479']
2019-09-26 21:52:59,137 - savadata - INFO - ['接收单位编号', '23205001303']
2019-09-26 21:52:59,137 - savadata - INFO - ['发送单位编号', '2320584']
2019-09-26 21:52:59,226 - readconfig - INFO - 操作第22行元素,当前测试对象元素路径：jqInput56b3a
2019-09-26 21:52:59,240 - seleniumdriver - INFO - 找到该元素
2019-09-26 21:52:59,288 - seleniumdriver - INFO - 数据写入成功
2019-09-26 21:52:59,375 - readconfig - INFO - 操作第23行元素,当前测试对象元素路径：jqButtondCX
2019-09-26 21:52:59,387 - seleniumdriver - INFO - 找到该元素
2019-09-26 21:52:59,432 - seleniumdriver - INFO - 元素点击成功
2019-09-26 21:53:04,493 - element-exist - INFO - 当前列表中的数据内容为：苏州市第一看守所
