2019-09-25 22:41:09,270 - browserdriver - INFO - 当前选择的浏览器为 Chrome 
2019-09-25 22:41:09,270 - browserdriver - INFO - 测试的URL: http://172.23.23.222:7070/zfxtbgxt/form/86595d4a7f9384381526acb302bff724/insert
2019-09-25 22:41:11,848 - browserdriver - INFO - 启动Chrome浏览器
2019-09-25 22:41:13,656 - readconfig - INFO - 操作第2行元素,当前测试对象元素路径：username1
2019-09-25 22:41:13,670 - seleniumdriver - INFO - 找到该元素
2019-09-25 22:41:13,717 - seleniumdriver - INFO - 数据写入成功
2019-09-25 22:41:13,785 - readconfig - INFO - 操作第3行元素,当前测试对象元素路径：password1
2019-09-25 22:41:13,796 - seleniumdriver - INFO - 找到该元素
2019-09-25 22:41:13,864 - seleniumdriver - INFO - 数据写入成功
2019-09-25 22:41:13,928 - readconfig - INFO - 操作第4行元素,当前测试对象元素路径：submit_btn
2019-09-25 22:41:13,942 - seleniumdriver - INFO - 找到该元素
2019-09-25 22:41:14,136 - seleniumdriver - INFO - 元素点击成功
2019-09-25 22:41:16,464 - element-exist - INFO - 找到该元素
2019-09-25 22:41:16,480 - seleniumdriver - INFO - 当前页面的ifram个数为1
2019-09-25 22:41:16,481 - seleniumdriver - INFO - 当前页面iframe有[<selenium.webdriver.remote.webelement.WebElement (session="98939cc3bfc53af27d7baf009b54d44c", element="0.006235089321988463-2")>]
2019-09-25 22:41:16,564 - readconfig - INFO - 操作第5行元素,当前测试对象元素路径：/html/body/div/div/div[2]/div[2]/span[1]
2019-09-25 22:41:16,577 - seleniumdriver - INFO - 找到该元素
2019-09-25 22:41:17,192 - seleniumdriver - INFO - 元素点击成功
2019-09-25 22:41:17,200 - seleniumdriver - INFO - 当前页面标题为：提捕案件列表
2019-09-25 22:41:17,276 - readconfig - INFO - 操作第11行元素,当前测试对象元素路径：jqButton-btn
2019-09-25 22:41:17,289 - seleniumdriver - INFO - 找到该元素
2019-09-25 22:41:17,519 - seleniumdriver - INFO - 元素点击成功
2019-09-25 22:41:17,552 - tb-qlc - INFO - 开始选择案件和嫌疑人
2019-09-25 22:41:17,571 - choosesupects - INFO - 当前页案件数量为5
2019-09-25 22:41:17,571 - choosesupects - INFO - 正在查找第1条案件
2019-09-25 22:41:17,588 - choosesupects - INFO - 当前的案件列表数量为5
2019-09-25 22:41:17,604 - choosesupects - INFO - 双击案件列表，寻找有嫌疑人的案件
2019-09-25 22:41:19,679 - choosesupects - INFO - 正在查找的当前案件的嫌疑人数量为0
2019-09-25 22:41:19,679 - choosesupects - INFO - 正在查找第2条案件
2019-09-25 22:41:19,694 - choosesupects - INFO - 当前的案件列表数量为5
2019-09-25 22:41:19,712 - choosesupects - INFO - 双击案件列表，寻找有嫌疑人的案件
2019-09-25 22:41:21,780 - choosesupects - INFO - 正在查找的当前案件的嫌疑人数量为9
2019-09-25 22:41:21,780 - choosesupects - INFO - 当前选择的这个案件有嫌疑人，结束寻找
2019-09-25 22:41:21,800 - choosesupects - INFO - 当前提捕流程选择的嫌疑人姓名： 紫兰
2019-09-25 22:41:21,865 - readconfig - INFO - 操作第16行元素,当前测试对象元素路径：/html/body/div[1]/div[3]/div[1]/table/thead/tr/th[1]/div[2]/input
2019-09-25 22:41:21,875 - seleniumdriver - INFO - 找到该元素
2019-09-25 22:41:21,937 - seleniumdriver - INFO - 元素点击成功
2019-09-25 22:41:21,939 - choosesupects - INFO - 勾选成功
2019-09-25 22:41:22,019 - readconfig - INFO - 操作第17行元素,当前测试对象元素路径：/html/body/div[2]/div[1]/button
2019-09-25 22:41:22,031 - seleniumdriver - INFO - 找到该元素
2019-09-25 22:41:22,092 - seleniumdriver - INFO - 元素点击成功
2019-09-25 22:41:22,092 - choosesupects - INFO - 提交成功
2019-09-25 22:41:22,169 - readconfig - INFO - 操作第48行元素,当前测试对象元素路径：jqNumeric5d68d
2019-09-25 22:41:23,425 - seleniumdriver - INFO - 找到该元素
2019-09-25 22:41:23,471 - seleniumdriver - INFO - 数据写入成功
2019-09-25 22:41:23,552 - readconfig - INFO - 操作第49行元素,当前测试对象元素路径：jqInput98ad2
2019-09-25 22:41:23,562 - seleniumdriver - INFO - 找到该元素
2019-09-25 22:41:23,659 - seleniumdriver - INFO - 数据写入成功
2019-09-25 22:41:23,659 - tb-qlc - INFO - 页面字段内容填写结束
2019-09-25 22:41:23,660 - ChooseQzcs - INFO - 开始执行js
2019-09-25 22:41:23,660 - ChooseQzcs - INFO - 开始执行js
2019-09-25 22:41:23,739 - readconfig - INFO - 操作第39行元素,当前测试对象元素路径：/html/body/div[1]/div[1]/div/div/div/div[2]/div/div[4]/div/div[2]/div/div[1]/table/tbody/tr/td[5]
2019-09-25 22:41:23,750 - seleniumdriver - INFO - 找到该元素
2019-09-25 22:41:28,881 - readconfig - INFO - 操作第39行元素,当前测试对象元素路径：/html/body/div[1]/div[1]/div/div/div/div[2]/div/div[4]/div/div[2]/div/div[1]/table/tbody/tr/td[5]
2019-09-25 22:41:28,891 - seleniumdriver - INFO - 找到该元素
2019-09-25 22:41:28,920 - seleniumdriver - INFO - 元素双击成功
2019-09-25 22:41:29,003 - readconfig - INFO - 操作第40行元素,当前测试对象元素路径：[class='jqColumnEditor jqColumnEditor-default']
2019-09-25 22:41:29,015 - seleniumdriver - INFO - 找到该元素
2019-09-25 22:41:29,063 - seleniumdriver - INFO - 元素双击成功
2019-09-25 22:41:29,144 - readconfig - INFO - 操作第41行元素,当前测试对象元素路径：//*[@id="jqSelectListcfe6b"]
2019-09-25 22:41:29,158 - seleniumdriver - INFO - 找到该元素
2019-09-25 22:41:29,240 - seleniumdriver - INFO - 元素双击成功
2019-09-25 22:41:29,319 - readconfig - INFO - 操作第42行元素,当前测试对象元素路径：/html/body/div[10]/div/div[1]
2019-09-25 22:41:29,332 - seleniumdriver - INFO - 找到该元素
2019-09-25 22:41:29,356 - seleniumdriver - INFO - 元素双击成功
2019-09-25 22:41:29,437 - readconfig - INFO - 操作第43行元素,当前测试对象元素路径：/html/body/div[9]/div[1]/div[3]/button[1]
2019-09-25 22:41:29,448 - seleniumdriver - INFO - 找到该元素
2019-09-25 22:41:29,468 - seleniumdriver - INFO - 元素双击成功
2019-09-25 22:41:29,548 - readconfig - INFO - 操作第44行元素,当前测试对象元素路径：/html/body/div[1]/div[1]/div/div/div/div[3]/div[2]/div/button
2019-09-25 22:41:29,559 - seleniumdriver - INFO - 找到该元素
2019-09-25 22:41:29,592 - seleniumdriver - INFO - 元素双击成功
2019-09-25 22:41:31,700 - element-exist - INFO - 当前列表中的数据内容为逮捕
2019-09-25 22:41:31,802 - readconfig - INFO - 操作第45行元素,当前测试对象元素路径：/html/body/div[1]/div[1]/div/div/div/div[3]/div[1]/div/div/div/button
2019-09-25 22:41:31,815 - seleniumdriver - INFO - 找到该元素
2019-09-25 22:41:31,868 - seleniumdriver - INFO - 元素双击成功
2019-09-25 22:41:36,868 - element-exist - INFO - 有弹框
