2019-09-26 21:55:43,760 - browserdriver - INFO - 当前选择的浏览器为 Chrome 
2019-09-26 21:55:43,761 - browserdriver - INFO - 测试的URL: http://172.23.23.222:7070/zfxtbgxt/form/86595d4a7f9384381526acb302bff724/insert
2019-09-26 21:55:46,302 - browserdriver - INFO - 启动Chrome浏览器
2019-09-26 21:55:47,814 - readconfig - INFO - 操作第2行元素,当前测试对象元素路径：username1
2019-09-26 21:55:47,829 - seleniumdriver - INFO - 找到该元素
2019-09-26 21:55:47,896 - seleniumdriver - INFO - 数据写入成功
2019-09-26 21:55:47,975 - readconfig - INFO - 操作第3行元素,当前测试对象元素路径：password1
2019-09-26 21:55:47,987 - seleniumdriver - INFO - 找到该元素
2019-09-26 21:55:48,055 - seleniumdriver - INFO - 数据写入成功
2019-09-26 21:55:48,136 - readconfig - INFO - 操作第4行元素,当前测试对象元素路径：submit_btn
2019-09-26 21:55:48,147 - seleniumdriver - INFO - 找到该元素
2019-09-26 21:55:48,213 - seleniumdriver - INFO - 元素点击成功
2019-09-26 21:55:49,115 - element-exist - INFO - 找到该元素
2019-09-26 21:55:49,128 - seleniumdriver - INFO - 当前页面的ifram个数为1
2019-09-26 21:55:49,128 - seleniumdriver - INFO - 当前页面iframe有[<selenium.webdriver.remote.webelement.WebElement (session="920a7f6132124a311365067bbaf84c34", element="0.6079860935386097-2")>]
2019-09-26 21:55:49,223 - readconfig - INFO - 操作第9行元素,当前测试对象元素路径：/html/body/div/div/div[2]/div[4]/span[1]
2019-09-26 21:55:49,234 - seleniumdriver - INFO - 找到该元素
2019-09-26 21:55:50,697 - seleniumdriver - INFO - 元素点击成功
2019-09-26 21:55:50,708 - seleniumdriver - INFO - 当前页面标题为：延长羁押通知案件列表
2019-09-26 21:55:50,714 - savadata - INFO - ['嫌疑人姓名', '成祖裘']
2019-09-26 21:55:50,714 - savadata - INFO - ['案件名称', '公诉同步信息测试案件88511']
2019-09-26 21:55:50,714 - savadata - INFO - ['平台案件编号', '216B89C691E328331C04219E1417F509']
2019-09-26 21:55:50,714 - savadata - INFO - ['平台案件关联编号', 'de6d12e2e4f3417a87c678059ac37479']
2019-09-26 21:55:50,714 - savadata - INFO - ['接收单位编号', '23205001303']
2019-09-26 21:55:50,714 - savadata - INFO - ['发送单位编号', '2320584']
2019-09-26 21:55:50,802 - readconfig - INFO - 操作第22行元素,当前测试对象元素路径：jqInput56b3a
2019-09-26 21:55:50,813 - seleniumdriver - INFO - 找到该元素
2019-09-26 21:55:50,855 - seleniumdriver - INFO - 数据写入成功
2019-09-26 21:55:50,941 - readconfig - INFO - 操作第23行元素,当前测试对象元素路径：jqButtondCX
2019-09-26 21:55:50,954 - seleniumdriver - INFO - 找到该元素
2019-09-26 21:55:51,000 - seleniumdriver - INFO - 元素点击成功
2019-09-26 21:55:56,049 - element-exist - INFO - 当前列表中的数据内容为：320121199009281520
