2019-09-20 14:48:03,206 - browserdriver - INFO - 当前选择的浏览器为 Chrome 
2019-09-20 14:48:03,206 - browserdriver - INFO - 测试的URL: http://172.23.23.222:7070/zfxtbgxt/form/86595d4a7f9384381526acb302bff724/insert
2019-09-20 14:48:05,759 - browserdriver - INFO - 启动Chrome浏览器
2019-09-20 14:48:07,420 - readconfig - INFO - 操作第2行元素,当前测试对象元素路径：username1
2019-09-20 14:48:07,441 - seleniumdriver - INFO - 找到该元素
2019-09-20 14:48:07,489 - seleniumdriver - INFO - 数据写入成功
2019-09-20 14:48:07,539 - readconfig - INFO - 操作第3行元素,当前测试对象元素路径：password1
2019-09-20 14:48:07,549 - seleniumdriver - INFO - 找到该元素
2019-09-20 14:48:07,608 - seleniumdriver - INFO - 数据写入成功
2019-09-20 14:48:07,660 - readconfig - INFO - 操作第4行元素,当前测试对象元素路径：submit_btn
2019-09-20 14:48:07,664 - seleniumdriver - INFO - 找到该元素
2019-09-20 14:48:07,747 - seleniumdriver - INFO - 元素点击成功
2019-09-20 14:48:08,787 - element-exist - INFO - 找到该元素
2019-09-20 14:48:08,798 - seleniumdriver - INFO - 当前页面的ifram个数为1
2019-09-20 14:48:08,798 - seleniumdriver - INFO - 当前页面iframe有[<selenium.webdriver.remote.webelement.WebElement (session="aaff3e64ccb7a2fecfb5722f303d848a", element="0.8439914349699658-2")>]
2019-09-20 14:48:08,865 - readconfig - INFO - 操作第7行元素,当前测试对象元素路径：/html/body/div/div/div[2]/div[9]/span[1]
2019-09-20 14:48:08,865 - seleniumdriver - INFO - 找到该元素
2019-09-20 14:48:10,552 - seleniumdriver - INFO - 元素点击成功
2019-09-20 14:48:10,556 - seleniumdriver - INFO - 当前页面标题为：延长羁押通知案件列表
2019-09-20 14:48:10,560 - ys-qlc - INFO - 进入延长羁押业务成功
2019-09-20 14:48:10,619 - readconfig - INFO - 操作第11行元素,当前测试对象元素路径：jqButton-btn
2019-09-20 14:48:10,665 - seleniumdriver - INFO - 找到该元素
2019-09-20 14:48:10,699 - seleniumdriver - INFO - 元素点击成功
2019-09-20 14:48:11,552 - ys-qlc - INFO - 开始选择案件和嫌疑人
2019-09-20 14:48:11,577 - choosesupects - INFO - 当前页案件数量为2
2019-09-20 14:48:11,577 - choosesupects - INFO - 正在查找第1条案件
2019-09-20 14:48:11,577 - choosesupects - INFO - 当前的案件列表数量为2
2019-09-20 14:48:13,700 - readconfig - INFO - 操作第19行元素,当前测试对象元素路径：/html/body/div[1]/div[1]/table/tbody/tr[1]/td[1]/input
