2019-09-20 13:48:47,652 - browserdriver - INFO - 当前选择的浏览器为 Chrome 
2019-09-20 13:48:47,652 - browserdriver - INFO - 测试的URL: http://172.23.23.222:7070/zfxtbgxt/form/86595d4a7f9384381526acb302bff724/insert
2019-09-20 13:48:50,336 - browserdriver - INFO - 启动Chrome浏览器
2019-09-20 13:48:52,141 - readconfig - INFO - 操作第2行元素,当前测试对象元素路径：username1
2019-09-20 13:48:52,161 - seleniumdriver - INFO - 找到该元素
2019-09-20 13:48:52,210 - seleniumdriver - INFO - 数据写入成功
2019-09-20 13:48:52,260 - readconfig - INFO - 操作第3行元素,当前测试对象元素路径：password1
2019-09-20 13:48:52,273 - seleniumdriver - INFO - 找到该元素
2019-09-20 13:48:52,334 - seleniumdriver - INFO - 数据写入成功
2019-09-20 13:48:52,383 - readconfig - INFO - 操作第4行元素,当前测试对象元素路径：submit_btn
2019-09-20 13:48:52,393 - seleniumdriver - INFO - 找到该元素
2019-09-20 13:48:52,446 - seleniumdriver - INFO - 元素点击成功
2019-09-20 13:48:53,766 - element-exist - INFO - 找到该元素
2019-09-20 13:48:53,776 - seleniumdriver - INFO - 当前页面的ifram个数为1
2019-09-20 13:48:53,776 - seleniumdriver - INFO - 当前页面iframe有[<selenium.webdriver.remote.webelement.WebElement (session="4efe9fb89c2f9f310853e63f3f4870ed", element="0.013897839240991638-2")>]
2019-09-20 13:48:53,845 - readconfig - INFO - 操作第7行元素,当前测试对象元素路径：/html/body/div/div/div[2]/div[9]/span[1]
2019-09-20 13:48:53,856 - seleniumdriver - INFO - 找到该元素
2019-09-20 13:48:54,295 - seleniumdriver - INFO - 元素点击成功
2019-09-20 13:48:54,303 - seleniumdriver - INFO - 当前页面标题为：延长羁押通知案件列表
2019-09-20 13:48:54,308 - ys-qlc - INFO - 进入延长羁押业务成功
